

start job 5: 164
end job 5: 205
Currently training: H247
Tuning has started for H247...
Tuning done! Best params for H247: 
{'gradient_clip_val': 0.1883421530960608, 'hidden_size': 46, 'dropout': 0.19581956610457532, 'hidden_continuous_size': 5, 'attention_head_size': 2, 'learning_rate': 0.0007787567881846952}
Currently training: H248
Tuning has started for H248...
Tuning done! Best params for H248: 
{'gradient_clip_val': 0.5081658785452157, 'hidden_size': 6, 'dropout': 0.10107805747156236, 'hidden_continuous_size': 5, 'attention_head_size': 2, 'learning_rate': 0.011088880172653717}
Currently training: H249
Tuning has started for H249...
Tuning done! Best params for H249: 
{'gradient_clip_val': 0.23007376730376086, 'hidden_size': 48, 'dropout': 0.3087130742520119, 'hidden_continuous_size': 18, 'attention_head_size': 2, 'learning_rate': 0.0031897744858608887}
Currently training: H25
Tuning has started for H25...
Tuning done! Best params for H25: 
{'gradient_clip_val': 0.29807811491783875, 'hidden_size': 42, 'dropout': 0.45006607580428415, 'hidden_continuous_size': 11, 'attention_head_size': 1, 'learning_rate': 0.00819119470498898}
Currently training: H250
Tuning has started for H250...
Tuning done! Best params for H250: 
{'gradient_clip_val': 0.3036520639235391, 'hidden_size': 14, 'dropout': 0.23714986020643214, 'hidden_continuous_size': 5, 'attention_head_size': 3, 'learning_rate': 0.03858512160346918}
Currently training: H251
Tuning has started for H251...
Tuning done! Best params for H251: 
{'gradient_clip_val': 0.31747501980299403, 'hidden_size': 19, 'dropout': 0.2498684355304177, 'hidden_continuous_size': 7, 'attention_head_size': 4, 'learning_rate': 0.000829745351535249}
Currently training: H252
Tuning has started for H252...
Tuning done! Best params for H252: 
{'gradient_clip_val': 0.22501404271883488, 'hidden_size': 55, 'dropout': 0.17820334248646086, 'hidden_continuous_size': 37, 'attention_head_size': 4, 'learning_rate': 0.0018750346173310383}
Currently training: H253
Tuning has started for H253...
Tuning done! Best params for H253: 
{'gradient_clip_val': 0.3097912294454023, 'hidden_size': 99, 'dropout': 0.1727739898642966, 'hidden_continuous_size': 44, 'attention_head_size': 1, 'learning_rate': 0.0068619351788035965}
Currently training: H254
Tuning has started for H254...
Tuning done! Best params for H254: 
{'gradient_clip_val': 0.14331977692233314, 'hidden_size': 39, 'dropout': 0.2711454353590895, 'hidden_continuous_size': 23, 'attention_head_size': 2, 'learning_rate': 0.05979348068303579}
Currently training: H255
Tuning has started for H255...
Tuning done! Best params for H255: 
{'gradient_clip_val': 0.6917194490454822, 'hidden_size': 85, 'dropout': 0.11078565972972272, 'hidden_continuous_size': 84, 'attention_head_size': 4, 'learning_rate': 0.003398900845402826}
Currently training: H256
Tuning has started for H256...
Tuning done! Best params for H256: 
{'gradient_clip_val': 0.8987683540656723, 'hidden_size': 31, 'dropout': 0.24217187374246782, 'hidden_continuous_size': 8, 'attention_head_size': 2, 'learning_rate': 0.03766065965364448}
Currently training: H257
Tuning has started for H257...
Tuning done! Best params for H257: 
{'gradient_clip_val': 0.48811238428386766, 'hidden_size': 6, 'dropout': 0.3511389559734214, 'hidden_continuous_size': 5, 'attention_head_size': 3, 'learning_rate': 0.08635727250525094}
Currently training: H258
Tuning has started for H258...
Tuning done! Best params for H258: 
{'gradient_clip_val': 0.4640979770961349, 'hidden_size': 44, 'dropout': 0.14933077442802756, 'hidden_continuous_size': 5, 'attention_head_size': 2, 'learning_rate': 0.04367121455074024}
Currently training: H259
Tuning has started for H259...
Tuning done! Best params for H259: 
{'gradient_clip_val': 0.3971289868166881, 'hidden_size': 108, 'dropout': 0.257107578117985, 'hidden_continuous_size': 10, 'attention_head_size': 3, 'learning_rate': 0.0005492312675962277}
Currently training: H26
Tuning has started for H26...
Tuning done! Best params for H26: 
{'gradient_clip_val': 0.5267868873011671, 'hidden_size': 140, 'dropout': 0.28776509570205944, 'hidden_continuous_size': 19, 'attention_head_size': 4, 'learning_rate': 0.024812585059547636}
Currently training: H260
Tuning has started for H260...
Tuning done! Best params for H260: 
{'gradient_clip_val': 0.8846421032500639, 'hidden_size': 32, 'dropout': 0.4854419881338169, 'hidden_continuous_size': 13, 'attention_head_size': 3, 'learning_rate': 0.035658251620195335}
Currently training: H261
Tuning has started for H261...
Tuning done! Best params for H261: 
{'gradient_clip_val': 0.4815245290398683, 'hidden_size': 8, 'dropout': 0.43532069190114353, 'hidden_continuous_size': 8, 'attention_head_size': 2, 'learning_rate': 0.0036701596738378207}
Currently training: H262
Tuning has started for H262...
Tuning done! Best params for H262: 
{'gradient_clip_val': 0.5972905935071255, 'hidden_size': 35, 'dropout': 0.35296897144378037, 'hidden_continuous_size': 22, 'attention_head_size': 4, 'learning_rate': 0.00646882124588839}
Currently training: H263
Tuning has started for H263...
Tuning done! Best params for H263: 
{'gradient_clip_val': 0.34541654764789786, 'hidden_size': 47, 'dropout': 0.12812200663996065, 'hidden_continuous_size': 41, 'attention_head_size': 3, 'learning_rate': 0.009620676782383352}
Currently training: H264
Tuning has started for H264...
Tuning done! Best params for H264: 
{'gradient_clip_val': 0.13762141016477872, 'hidden_size': 135, 'dropout': 0.15182989367058883, 'hidden_continuous_size': 84, 'attention_head_size': 3, 'learning_rate': 0.0019444283378373952}
Currently training: H265
Tuning has started for H265...
Tuning done! Best params for H265: 
{'gradient_clip_val': 0.25795585638523877, 'hidden_size': 25, 'dropout': 0.3137588265249083, 'hidden_continuous_size': 18, 'attention_head_size': 1, 'learning_rate': 0.051990597756595945}
Currently training: H266
Tuning has started for H266...
Tuning done! Best params for H266: 
{'gradient_clip_val': 0.44587824969315726, 'hidden_size': 9, 'dropout': 0.36137380155503884, 'hidden_continuous_size': 9, 'attention_head_size': 3, 'learning_rate': 0.028915989190068728}
Currently training: H267
Tuning has started for H267...
Tuning done! Best params for H267: 
{'gradient_clip_val': 0.44591357066268583, 'hidden_size': 28, 'dropout': 0.29482931755722636, 'hidden_continuous_size': 24, 'attention_head_size': 2, 'learning_rate': 0.07387127010039968}
Currently training: H268
Tuning has started for H268...
Tuning done! Best params for H268: 
{'gradient_clip_val': 0.4383034476570229, 'hidden_size': 7, 'dropout': 0.28879050478889357, 'hidden_continuous_size': 5, 'attention_head_size': 3, 'learning_rate': 0.006666494579804071}
Currently training: H269
Tuning has started for H269...
Tuning done! Best params for H269: 
{'gradient_clip_val': 0.13860159552745913, 'hidden_size': 55, 'dropout': 0.3553801150086068, 'hidden_continuous_size': 29, 'attention_head_size': 3, 'learning_rate': 0.0019634042595482897}
Currently training: H27
Tuning has started for H27...
Tuning done! Best params for H27: 
{'gradient_clip_val': 0.3770152134231838, 'hidden_size': 6, 'dropout': 0.20223669390595772, 'hidden_continuous_size': 6, 'attention_head_size': 2, 'learning_rate': 0.0330333846662538}
Currently training: H270
Tuning has started for H270...
Tuning done! Best params for H270: 
{'gradient_clip_val': 0.33561837629623764, 'hidden_size': 130, 'dropout': 0.37089922744719617, 'hidden_continuous_size': 11, 'attention_head_size': 4, 'learning_rate': 0.003196842946814555}
Currently training: H271
Tuning has started for H271...
Tuning done! Best params for H271: 
{'gradient_clip_val': 0.2155697090024143, 'hidden_size': 42, 'dropout': 0.4280160301735375, 'hidden_continuous_size': 28, 'attention_head_size': 2, 'learning_rate': 0.003714213564880177}
Currently training: H272
Tuning has started for H272...
Tuning done! Best params for H272: 
{'gradient_clip_val': 0.13360939922880993, 'hidden_size': 71, 'dropout': 0.12118598761401163, 'hidden_continuous_size': 11, 'attention_head_size': 3, 'learning_rate': 0.014075821206250677}
Currently training: H273
Tuning has started for H273...
Tuning done! Best params for H273: 
{'gradient_clip_val': 0.9078577902682444, 'hidden_size': 46, 'dropout': 0.3710454069965182, 'hidden_continuous_size': 12, 'attention_head_size': 3, 'learning_rate': 0.0741396419769604}
Currently training: H274
Tuning has started for H274...
Tuning done! Best params for H274: 
{'gradient_clip_val': 0.6070041969639509, 'hidden_size': 11, 'dropout': 0.33731169882502543, 'hidden_continuous_size': 6, 'attention_head_size': 2, 'learning_rate': 0.05860015950103903}
Currently training: H275
Tuning has started for H275...
Tuning done! Best params for H275: 
{'gradient_clip_val': 0.3871596397434468, 'hidden_size': 14, 'dropout': 0.41382480619088335, 'hidden_continuous_size': 5, 'attention_head_size': 3, 'learning_rate': 0.006874298186922165}
Currently training: H276
Tuning has started for H276...
Tuning done! Best params for H276: 
{'gradient_clip_val': 0.13343319577437449, 'hidden_size': 52, 'dropout': 0.49587504594547005, 'hidden_continuous_size': 9, 'attention_head_size': 3, 'learning_rate': 0.07788766440684568}
Currently training: H277
Tuning has started for H277...
Tuning done! Best params for H277: 
{'gradient_clip_val': 0.32011274944638646, 'hidden_size': 106, 'dropout': 0.21141028535312115, 'hidden_continuous_size': 33, 'attention_head_size': 2, 'learning_rate': 0.007094854848011428}
Currently training: H278
Tuning has started for H278...
Tuning done! Best params for H278: 
{'gradient_clip_val': 0.4293966456592089, 'hidden_size': 23, 'dropout': 0.37980785375659865, 'hidden_continuous_size': 9, 'attention_head_size': 1, 'learning_rate': 0.000928959151251124}
Currently training: H279
Tuning has started for H279...
Tuning done! Best params for H279: 
{'gradient_clip_val': 0.8636213537478241, 'hidden_size': 125, 'dropout': 0.3536844088115293, 'hidden_continuous_size': 117, 'attention_head_size': 4, 'learning_rate': 0.0005539822404371242}
Currently training: H28
Tuning has started for H28...
Tuning done! Best params for H28: 
{'gradient_clip_val': 0.29261677731447316, 'hidden_size': 111, 'dropout': 0.4569838674068457, 'hidden_continuous_size': 57, 'attention_head_size': 3, 'learning_rate': 0.008329612552140644}
Currently training: H280
Tuning has started for H280...
Tuning done! Best params for H280: 
{'gradient_clip_val': 0.1890781902254754, 'hidden_size': 108, 'dropout': 0.13886776184534147, 'hidden_continuous_size': 41, 'attention_head_size': 3, 'learning_rate': 0.0005887354322336425}
Currently training: H281
Tuning has started for H281...
Tuning done! Best params for H281: 
{'gradient_clip_val': 0.31611257949139004, 'hidden_size': 52, 'dropout': 0.15135515650963713, 'hidden_continuous_size': 6, 'attention_head_size': 2, 'learning_rate': 0.09505124719325041}
Currently training: H282
Tuning has started for H282...
Tuning done! Best params for H282: 
{'gradient_clip_val': 0.2942575323591929, 'hidden_size': 100, 'dropout': 0.28215099335221494, 'hidden_continuous_size': 67, 'attention_head_size': 1, 'learning_rate': 0.024291009187972556}
Currently training: H283
Tuning has started for H283...
Tuning done! Best params for H283: 
{'gradient_clip_val': 0.10988964005621256, 'hidden_size': 5, 'dropout': 0.42728335286805663, 'hidden_continuous_size': 5, 'attention_head_size': 1, 'learning_rate': 0.09462883548361092}
