

start job 4: 123
end job 4: 164
Currently training: H21
Tuning has started for H21...
Tuning done! Best params for H21: 
{'gradient_clip_val': 0.32661799075491077, 'hidden_size': 103, 'dropout': 0.1953261867685114, 'hidden_continuous_size': 78, 'attention_head_size': 4, 'learning_rate': 0.007542911047450428}
Currently training: H210
Tuning has started for H210...
Tuning done! Best params for H210: 
{'gradient_clip_val': 0.1515153474253105, 'hidden_size': 87, 'dropout': 0.3552755313344932, 'hidden_continuous_size': 28, 'attention_head_size': 1, 'learning_rate': 0.00768828166487509}
Currently training: H211
Tuning has started for H211...
Tuning done! Best params for H211: 
{'gradient_clip_val': 0.5426823746754772, 'hidden_size': 17, 'dropout': 0.48637445182370764, 'hidden_continuous_size': 15, 'attention_head_size': 2, 'learning_rate': 0.008051064129503323}
Currently training: H212
Tuning has started for H212...
Tuning done! Best params for H212: 
{'gradient_clip_val': 0.20833179864842763, 'hidden_size': 53, 'dropout': 0.30481014713430177, 'hidden_continuous_size': 7, 'attention_head_size': 4, 'learning_rate': 0.00114784902691789}
Currently training: H213
Tuning has started for H213...
Tuning done! Best params for H213: 
{'gradient_clip_val': 0.6766217290841184, 'hidden_size': 48, 'dropout': 0.49914054544489883, 'hidden_continuous_size': 17, 'attention_head_size': 3, 'learning_rate': 0.004154665581534844}
Currently training: H214
Tuning has started for H214...
Tuning done! Best params for H214: 
{'gradient_clip_val': 0.4261353614103854, 'hidden_size': 83, 'dropout': 0.17132174644251047, 'hidden_continuous_size': 66, 'attention_head_size': 3, 'learning_rate': 0.0130324681979075}
Currently training: H215
Tuning has started for H215...
Tuning done! Best params for H215: 
{'gradient_clip_val': 0.12608678302160825, 'hidden_size': 94, 'dropout': 0.17864378306535122, 'hidden_continuous_size': 18, 'attention_head_size': 2, 'learning_rate': 0.08876334211099136}
Currently training: H216
Tuning has started for H216...
Tuning done! Best params for H216: 
{'gradient_clip_val': 0.1212854599662799, 'hidden_size': 16, 'dropout': 0.10370432048576471, 'hidden_continuous_size': 8, 'attention_head_size': 2, 'learning_rate': 0.003972603976122233}
Currently training: H217
Tuning has started for H217...
Tuning done! Best params for H217: 
{'gradient_clip_val': 0.32749359962107394, 'hidden_size': 31, 'dropout': 0.2860963924585147, 'hidden_continuous_size': 14, 'attention_head_size': 4, 'learning_rate': 0.005832304978482718}
Currently training: H218
Tuning has started for H218...
Tuning done! Best params for H218: 
{'gradient_clip_val': 0.548057247657488, 'hidden_size': 6, 'dropout': 0.3795913537111669, 'hidden_continuous_size': 5, 'attention_head_size': 1, 'learning_rate': 0.002033611290495853}
Currently training: H219
Tuning has started for H219...
Tuning done! Best params for H219: 
{'gradient_clip_val': 0.19057524041160226, 'hidden_size': 37, 'dropout': 0.39196445371073374, 'hidden_continuous_size': 8, 'attention_head_size': 4, 'learning_rate': 0.0029610140695262147}
Currently training: H22
Tuning has started for H22...
Tuning done! Best params for H22: 
{'gradient_clip_val': 0.1736890754584592, 'hidden_size': 20, 'dropout': 0.4898635869409662, 'hidden_continuous_size': 5, 'attention_head_size': 2, 'learning_rate': 0.002352385333189623}
Currently training: H220
Tuning has started for H220...
Tuning done! Best params for H220: 
{'gradient_clip_val': 0.1962283794267519, 'hidden_size': 67, 'dropout': 0.3631991807260654, 'hidden_continuous_size': 20, 'attention_head_size': 3, 'learning_rate': 0.013718060658722716}
Currently training: H221
Tuning has started for H221...
Tuning done! Best params for H221: 
{'gradient_clip_val': 0.31042796531000827, 'hidden_size': 31, 'dropout': 0.4256372932116592, 'hidden_continuous_size': 7, 'attention_head_size': 1, 'learning_rate': 0.0009170714749140631}
Currently training: H222
Tuning has started for H222...
Tuning done! Best params for H222: 
{'gradient_clip_val': 0.7451308275104154, 'hidden_size': 131, 'dropout': 0.4874541814037192, 'hidden_continuous_size': 34, 'attention_head_size': 2, 'learning_rate': 0.0026107800637314616}
Currently training: H223
Tuning has started for H223...
Tuning done! Best params for H223: 
{'gradient_clip_val': 0.26944853443311584, 'hidden_size': 20, 'dropout': 0.23586172459096716, 'hidden_continuous_size': 12, 'attention_head_size': 3, 'learning_rate': 0.02463476063810668}
Currently training: H224
Tuning has started for H224...
Tuning done! Best params for H224: 
{'gradient_clip_val': 0.7322703723338112, 'hidden_size': 59, 'dropout': 0.33287809845515004, 'hidden_continuous_size': 15, 'attention_head_size': 3, 'learning_rate': 0.009828280596474226}
Currently training: H225
Tuning has started for H225...
Tuning done! Best params for H225: 
{'gradient_clip_val': 0.8601399002991065, 'hidden_size': 8, 'dropout': 0.26567699138015355, 'hidden_continuous_size': 8, 'attention_head_size': 1, 'learning_rate': 0.06788027395294699}
Currently training: H226
Tuning has started for H226...
Tuning done! Best params for H226: 
{'gradient_clip_val': 0.32738405105535184, 'hidden_size': 11, 'dropout': 0.177702636351472, 'hidden_continuous_size': 9, 'attention_head_size': 3, 'learning_rate': 0.003343003136276917}
Currently training: H227
Tuning has started for H227...
Tuning done! Best params for H227: 
{'gradient_clip_val': 0.32997332227600923, 'hidden_size': 17, 'dropout': 0.2989041467578686, 'hidden_continuous_size': 16, 'attention_head_size': 4, 'learning_rate': 0.02561229929460111}
Currently training: H228
Tuning has started for H228...
Tuning done! Best params for H228: 
{'gradient_clip_val': 0.2392181422914833, 'hidden_size': 5, 'dropout': 0.2537271962266766, 'hidden_continuous_size': 5, 'attention_head_size': 2, 'learning_rate': 0.04364889514717743}
Currently training: H229
Tuning has started for H229...
Tuning done! Best params for H229: 
{'gradient_clip_val': 0.48048304712393086, 'hidden_size': 8, 'dropout': 0.14528081718882688, 'hidden_continuous_size': 5, 'attention_head_size': 4, 'learning_rate': 0.0012728759170023752}
Currently training: H23
Tuning has started for H23...
Tuning done! Best params for H23: 
{'gradient_clip_val': 0.10671642628650727, 'hidden_size': 39, 'dropout': 0.301950350502696, 'hidden_continuous_size': 19, 'attention_head_size': 3, 'learning_rate': 0.09731848164517147}
Currently training: H230
Tuning has started for H230...
Tuning done! Best params for H230: 
{'gradient_clip_val': 0.5667198588873331, 'hidden_size': 14, 'dropout': 0.2853091456243187, 'hidden_continuous_size': 14, 'attention_head_size': 4, 'learning_rate': 0.04267960453771539}
Currently training: H231
Tuning has started for H231...
Tuning done! Best params for H231: 
{'gradient_clip_val': 0.7263517848531792, 'hidden_size': 5, 'dropout': 0.17298737256586127, 'hidden_continuous_size': 5, 'attention_head_size': 3, 'learning_rate': 0.018045273228980814}
Currently training: H232
Tuning has started for H232...
Tuning done! Best params for H232: 
{'gradient_clip_val': 0.17760369738528048, 'hidden_size': 11, 'dropout': 0.149231344221618, 'hidden_continuous_size': 11, 'attention_head_size': 1, 'learning_rate': 0.047723911103111714}
Currently training: H233
Tuning has started for H233...
Tuning done! Best params for H233: 
{'gradient_clip_val': 0.43313882225166106, 'hidden_size': 59, 'dropout': 0.2743728736572708, 'hidden_continuous_size': 7, 'attention_head_size': 1, 'learning_rate': 0.0027240683416567407}
Currently training: H234
Tuning has started for H234...
Tuning done! Best params for H234: 
{'gradient_clip_val': 0.9926538503798935, 'hidden_size': 12, 'dropout': 0.42008621738576635, 'hidden_continuous_size': 12, 'attention_head_size': 3, 'learning_rate': 0.08861401489275789}
Currently training: H235
Tuning has started for H235...
Tuning done! Best params for H235: 
{'gradient_clip_val': 0.5994590266212009, 'hidden_size': 64, 'dropout': 0.4603140583676747, 'hidden_continuous_size': 29, 'attention_head_size': 4, 'learning_rate': 0.009585968765072542}
Currently training: H236
Tuning has started for H236...
Tuning done! Best params for H236: 
{'gradient_clip_val': 0.31928651108658324, 'hidden_size': 5, 'dropout': 0.38502473629382195, 'hidden_continuous_size': 5, 'attention_head_size': 2, 'learning_rate': 0.07339138854032069}
Currently training: H237
Tuning has started for H237...
Tuning done! Best params for H237: 
{'gradient_clip_val': 0.1061209446252906, 'hidden_size': 28, 'dropout': 0.3264511733609703, 'hidden_continuous_size': 16, 'attention_head_size': 4, 'learning_rate': 0.011328152431278948}
Currently training: H238
Tuning has started for H238...
Tuning done! Best params for H238: 
{'gradient_clip_val': 0.23269894751054002, 'hidden_size': 15, 'dropout': 0.2640178857898332, 'hidden_continuous_size': 11, 'attention_head_size': 3, 'learning_rate': 0.00709356153773222}
Currently training: H239
Tuning has started for H239...
Tuning done! Best params for H239: 
{'gradient_clip_val': 0.1790862034581582, 'hidden_size': 11, 'dropout': 0.4690951254714697, 'hidden_continuous_size': 6, 'attention_head_size': 3, 'learning_rate': 0.038724090417015425}
Currently training: H24
Tuning has started for H24...
Tuning done! Best params for H24: 
{'gradient_clip_val': 0.10408750106168511, 'hidden_size': 79, 'dropout': 0.10696716025082353, 'hidden_continuous_size': 52, 'attention_head_size': 4, 'learning_rate': 0.01013338302324404}
Currently training: H240
Tuning has started for H240...
Tuning done! Best params for H240: 
{'gradient_clip_val': 0.6312633187178275, 'hidden_size': 9, 'dropout': 0.1709033696162367, 'hidden_continuous_size': 8, 'attention_head_size': 3, 'learning_rate': 0.006754166109459577}
Currently training: H241
Tuning has started for H241...
Tuning done! Best params for H241: 
{'gradient_clip_val': 0.1797338627661771, 'hidden_size': 116, 'dropout': 0.10684110390949858, 'hidden_continuous_size': 38, 'attention_head_size': 4, 'learning_rate': 0.0065847462981017115}
Currently training: H242
Tuning has started for H242...
Tuning done! Best params for H242: 
{'gradient_clip_val': 0.12813796470003963, 'hidden_size': 90, 'dropout': 0.17827027378247276, 'hidden_continuous_size': 21, 'attention_head_size': 3, 'learning_rate': 0.04873516379786893}
Currently training: H243
Tuning has started for H243...
Tuning done! Best params for H243: 
{'gradient_clip_val': 0.29052239249480355, 'hidden_size': 37, 'dropout': 0.4895787258843506, 'hidden_continuous_size': 7, 'attention_head_size': 1, 'learning_rate': 0.016709817331133057}
Currently training: H244
Tuning has started for H244...
Tuning done! Best params for H244: 
{'gradient_clip_val': 0.3467796049657274, 'hidden_size': 102, 'dropout': 0.44011734469975494, 'hidden_continuous_size': 14, 'attention_head_size': 3, 'learning_rate': 0.054036624151694475}
Currently training: H245
Tuning has started for H245...
Tuning done! Best params for H245: 
{'gradient_clip_val': 0.9013662662648655, 'hidden_size': 19, 'dropout': 0.2771871186624729, 'hidden_continuous_size': 10, 'attention_head_size': 2, 'learning_rate': 0.035219898635652155}
Currently training: H246
Tuning has started for H246...
Tuning done! Best params for H246: 
{'gradient_clip_val': 0.3818799604254501, 'hidden_size': 74, 'dropout': 0.4372212078951788, 'hidden_continuous_size': 36, 'attention_head_size': 4, 'learning_rate': 0.0020483101909644016}
