

start job 2: 41
end job 2: 82
Currently training: H136
Tuning has started for H136...
Tuning done! Best params for H136: 
{'gradient_clip_val': 0.11678460902160959, 'hidden_size': 116, 'dropout': 0.15245222821128204, 'hidden_continuous_size': 101, 'attention_head_size': 3, 'learning_rate': 0.03965261984719836}
Currently training: H137
Tuning has started for H137...
Tuning done! Best params for H137: 
{'gradient_clip_val': 0.249729312811159, 'hidden_size': 121, 'dropout': 0.18745959273363888, 'hidden_continuous_size': 45, 'attention_head_size': 3, 'learning_rate': 0.009507990137130584}
Currently training: H138
Tuning has started for H138...
Tuning done! Best params for H138: 
{'gradient_clip_val': 0.48326803717606115, 'hidden_size': 22, 'dropout': 0.3008415945768401, 'hidden_continuous_size': 12, 'attention_head_size': 1, 'learning_rate': 0.0857696322667485}
Currently training: H139
Tuning has started for H139...
Tuning done! Best params for H139: 
{'gradient_clip_val': 0.2757204100831047, 'hidden_size': 149, 'dropout': 0.22578382949563267, 'hidden_continuous_size': 148, 'attention_head_size': 3, 'learning_rate': 0.011944364638088414}
Currently training: H14
Tuning has started for H14...
Tuning done! Best params for H14: 
{'gradient_clip_val': 0.5922547676140685, 'hidden_size': 44, 'dropout': 0.3349026763137573, 'hidden_continuous_size': 19, 'attention_head_size': 3, 'learning_rate': 0.01019895697158365}
Currently training: H140
Tuning has started for H140...
Tuning done! Best params for H140: 
{'gradient_clip_val': 0.10039519970933118, 'hidden_size': 74, 'dropout': 0.3272544997490907, 'hidden_continuous_size': 11, 'attention_head_size': 4, 'learning_rate': 0.013937072506658732}
Currently training: H141
Tuning has started for H141...
Tuning done! Best params for H141: 
{'gradient_clip_val': 0.3636899583294422, 'hidden_size': 40, 'dropout': 0.3337651383682184, 'hidden_continuous_size': 15, 'attention_head_size': 2, 'learning_rate': 0.05226422374262911}
Currently training: H142
Tuning has started for H142...
Tuning done! Best params for H142: 
{'gradient_clip_val': 0.39301538480374687, 'hidden_size': 51, 'dropout': 0.2778871321951276, 'hidden_continuous_size': 30, 'attention_head_size': 3, 'learning_rate': 0.03622380927837092}
Currently training: H143
Tuning has started for H143...
Tuning done! Best params for H143: 
{'gradient_clip_val': 0.1094702623030611, 'hidden_size': 27, 'dropout': 0.1926062392769143, 'hidden_continuous_size': 20, 'attention_head_size': 2, 'learning_rate': 0.08715052960101241}
Currently training: H144
Tuning has started for H144...
Tuning done! Best params for H144: 
{'gradient_clip_val': 0.14209644505824248, 'hidden_size': 35, 'dropout': 0.3334926632254349, 'hidden_continuous_size': 30, 'attention_head_size': 4, 'learning_rate': 0.015149503067031616}
Currently training: H145
Tuning has started for H145...
Tuning done! Best params for H145: 
{'gradient_clip_val': 0.11218888963997453, 'hidden_size': 94, 'dropout': 0.3023693576710378, 'hidden_continuous_size': 20, 'attention_head_size': 2, 'learning_rate': 0.003523016946528389}
Currently training: H146
Tuning has started for H146...
Tuning done! Best params for H146: 
{'gradient_clip_val': 0.23469463405113594, 'hidden_size': 29, 'dropout': 0.25868824509006816, 'hidden_continuous_size': 22, 'attention_head_size': 4, 'learning_rate': 0.004155318945273652}
Currently training: H147
Tuning has started for H147...
Tuning done! Best params for H147: 
{'gradient_clip_val': 0.16158825584237685, 'hidden_size': 126, 'dropout': 0.29717823758672496, 'hidden_continuous_size': 38, 'attention_head_size': 1, 'learning_rate': 0.0015982045328999963}
Currently training: H148
Tuning has started for H148...
Tuning done! Best params for H148: 
{'gradient_clip_val': 0.5639682491695405, 'hidden_size': 98, 'dropout': 0.31812061776310907, 'hidden_continuous_size': 33, 'attention_head_size': 1, 'learning_rate': 0.021459812260583272}
Currently training: H149
Tuning has started for H149...
Tuning done! Best params for H149: 
{'gradient_clip_val': 0.2181009085141631, 'hidden_size': 112, 'dropout': 0.158771919071168, 'hidden_continuous_size': 45, 'attention_head_size': 2, 'learning_rate': 0.020538716060031013}
Currently training: H15
Tuning has started for H15...
Tuning done! Best params for H15: 
{'gradient_clip_val': 0.16342972921254986, 'hidden_size': 44, 'dropout': 0.3944697610874954, 'hidden_continuous_size': 33, 'attention_head_size': 3, 'learning_rate': 0.014772079824494657}
Currently training: H150
Tuning has started for H150...
Tuning done! Best params for H150: 
{'gradient_clip_val': 0.2568204014595874, 'hidden_size': 99, 'dropout': 0.39703744248170086, 'hidden_continuous_size': 24, 'attention_head_size': 2, 'learning_rate': 0.01898279789956885}
Currently training: H151
Tuning has started for H151...
Tuning done! Best params for H151: 
{'gradient_clip_val': 0.8392737432502738, 'hidden_size': 16, 'dropout': 0.21633776030308494, 'hidden_continuous_size': 12, 'attention_head_size': 1, 'learning_rate': 0.06898736216916107}
Currently training: H152
Tuning has started for H152...
Tuning done! Best params for H152: 
{'gradient_clip_val': 0.45865148047579846, 'hidden_size': 36, 'dropout': 0.19375813892898536, 'hidden_continuous_size': 12, 'attention_head_size': 4, 'learning_rate': 0.017524017653431544}
Currently training: H153
Tuning has started for H153...
Tuning done! Best params for H153: 
{'gradient_clip_val': 0.49433327212271494, 'hidden_size': 29, 'dropout': 0.35302254827566526, 'hidden_continuous_size': 12, 'attention_head_size': 1, 'learning_rate': 0.017280405467135846}
Currently training: H154
Tuning has started for H154...
Tuning done! Best params for H154: 
{'gradient_clip_val': 0.872784718622204, 'hidden_size': 77, 'dropout': 0.3711908732445743, 'hidden_continuous_size': 53, 'attention_head_size': 1, 'learning_rate': 0.00992707691916775}
Currently training: H155
Tuning has started for H155...
Tuning done! Best params for H155: 
{'gradient_clip_val': 0.10055111265649222, 'hidden_size': 50, 'dropout': 0.13695919807091256, 'hidden_continuous_size': 19, 'attention_head_size': 3, 'learning_rate': 0.06078719947962438}
Currently training: H156
Tuning has started for H156...
Tuning done! Best params for H156: 
{'gradient_clip_val': 0.48521486217757426, 'hidden_size': 30, 'dropout': 0.16912539981735097, 'hidden_continuous_size': 10, 'attention_head_size': 3, 'learning_rate': 0.08818492127456547}
Currently training: H157
Tuning has started for H157...
Tuning done! Best params for H157: 
{'gradient_clip_val': 0.37057059326656694, 'hidden_size': 56, 'dropout': 0.27717514941042026, 'hidden_continuous_size': 26, 'attention_head_size': 3, 'learning_rate': 0.014644296817656935}
Currently training: H158
Tuning has started for H158...
Tuning done! Best params for H158: 
{'gradient_clip_val': 0.10371692346717831, 'hidden_size': 57, 'dropout': 0.14679653456040093, 'hidden_continuous_size': 51, 'attention_head_size': 4, 'learning_rate': 0.08628720669201828}
Currently training: H159
Tuning has started for H159...
Tuning done! Best params for H159: 
{'gradient_clip_val': 0.3776918571556114, 'hidden_size': 64, 'dropout': 0.1277629493464233, 'hidden_continuous_size': 47, 'attention_head_size': 3, 'learning_rate': 0.011105457295713899}
Currently training: H16
Tuning has started for H16...
Tuning done! Best params for H16: 
{'gradient_clip_val': 0.21634425581506106, 'hidden_size': 128, 'dropout': 0.3731648392011855, 'hidden_continuous_size': 31, 'attention_head_size': 4, 'learning_rate': 0.007844106392283407}
Currently training: H160
Tuning has started for H160...
Tuning done! Best params for H160: 
{'gradient_clip_val': 0.379210864396924, 'hidden_size': 58, 'dropout': 0.20951808424855028, 'hidden_continuous_size': 25, 'attention_head_size': 2, 'learning_rate': 0.013318365586528613}
Currently training: H161
Tuning has started for H161...
Tuning done! Best params for H161: 
{'gradient_clip_val': 0.7254243941505263, 'hidden_size': 82, 'dropout': 0.15890032074054145, 'hidden_continuous_size': 29, 'attention_head_size': 4, 'learning_rate': 0.023305795379945777}
Currently training: H162
Tuning has started for H162...
Tuning done! Best params for H162: 
{'gradient_clip_val': 0.19562482541779258, 'hidden_size': 68, 'dropout': 0.3359358390355366, 'hidden_continuous_size': 26, 'attention_head_size': 3, 'learning_rate': 0.04065264173504837}
Currently training: H163
Tuning has started for H163...
Tuning done! Best params for H163: 
{'gradient_clip_val': 0.1815463795323283, 'hidden_size': 102, 'dropout': 0.1717904083676123, 'hidden_continuous_size': 14, 'attention_head_size': 2, 'learning_rate': 0.019051298900176473}
Currently training: H164
Tuning has started for H164...
Tuning done! Best params for H164: 
{'gradient_clip_val': 0.17643883172461197, 'hidden_size': 13, 'dropout': 0.17100819043458768, 'hidden_continuous_size': 10, 'attention_head_size': 3, 'learning_rate': 0.06675059100820169}
Currently training: H165
Tuning has started for H165...
Tuning done! Best params for H165: 
{'gradient_clip_val': 0.2532527547171912, 'hidden_size': 53, 'dropout': 0.20373336626661498, 'hidden_continuous_size': 25, 'attention_head_size': 2, 'learning_rate': 0.008040270309644583}
Currently training: H166
Tuning has started for H166...
Tuning done! Best params for H166: 
{'gradient_clip_val': 0.1838791041737704, 'hidden_size': 36, 'dropout': 0.11917015567943604, 'hidden_continuous_size': 10, 'attention_head_size': 4, 'learning_rate': 0.010700125332707096}
Currently training: H167
Tuning has started for H167...
Tuning done! Best params for H167: 
{'gradient_clip_val': 0.14773921811321714, 'hidden_size': 56, 'dropout': 0.24381090930005284, 'hidden_continuous_size': 16, 'attention_head_size': 3, 'learning_rate': 0.029426658662758814}
Currently training: H168
Tuning has started for H168...
Tuning done! Best params for H168: 
{'gradient_clip_val': 0.6269606336853595, 'hidden_size': 53, 'dropout': 0.27777945494760503, 'hidden_continuous_size': 14, 'attention_head_size': 1, 'learning_rate': 0.012344819366926925}
Currently training: H169
Tuning has started for H169...
Tuning done! Best params for H169: 
{'gradient_clip_val': 0.686239844224124, 'hidden_size': 112, 'dropout': 0.39251367248922614, 'hidden_continuous_size': 82, 'attention_head_size': 2, 'learning_rate': 0.09997628821044503}
Currently training: H17
Tuning has started for H17...
Tuning done! Best params for H17: 
{'gradient_clip_val': 0.2849914225795065, 'hidden_size': 117, 'dropout': 0.1276209128681674, 'hidden_continuous_size': 21, 'attention_head_size': 4, 'learning_rate': 0.046436726714129746}
Currently training: H170
Tuning has started for H170...
Tuning done! Best params for H170: 
{'gradient_clip_val': 0.629246796589982, 'hidden_size': 52, 'dropout': 0.1177512457677422, 'hidden_continuous_size': 17, 'attention_head_size': 3, 'learning_rate': 0.06332660727945436}
Currently training: H171
Tuning has started for H171...
Tuning done! Best params for H171: 
{'gradient_clip_val': 0.7933109334139582, 'hidden_size': 70, 'dropout': 0.23506079135385402, 'hidden_continuous_size': 46, 'attention_head_size': 3, 'learning_rate': 0.09020449703209305}
Currently training: H172
Tuning has started for H172...
Tuning done! Best params for H172: 
{'gradient_clip_val': 0.63207847380058, 'hidden_size': 61, 'dropout': 0.3850813162072313, 'hidden_continuous_size': 22, 'attention_head_size': 3, 'learning_rate': 0.06184405419069561}
