

start job 4: 123
end job 4: 164
Currently training: H21
Tuning has started for H21...
Tuning done! Best params for H21: 
{'gradient_clip_val': 0.4218448937174308, 'hidden_size': 68, 'dropout': 0.3315457510121493, 'hidden_continuous_size': 17, 'attention_head_size': 1, 'learning_rate': 0.0064133590992681115}
Currently training: H210
Tuning has started for H210...
Tuning done! Best params for H210: 
{'gradient_clip_val': 0.6440336219391702, 'hidden_size': 56, 'dropout': 0.2090308846873254, 'hidden_continuous_size': 45, 'attention_head_size': 3, 'learning_rate': 0.03499085742761334}
Currently training: H211
Tuning has started for H211...
Tuning done! Best params for H211: 
{'gradient_clip_val': 0.372650804749534, 'hidden_size': 65, 'dropout': 0.2894372396302768, 'hidden_continuous_size': 16, 'attention_head_size': 4, 'learning_rate': 0.058503294105108856}
Currently training: H212
Tuning has started for H212...
Tuning done! Best params for H212: 
{'gradient_clip_val': 0.22085489296447583, 'hidden_size': 70, 'dropout': 0.18808177026171208, 'hidden_continuous_size': 49, 'attention_head_size': 3, 'learning_rate': 0.047042303904151136}
Currently training: H213
Tuning has started for H213...
Tuning done! Best params for H213: 
{'gradient_clip_val': 0.6347646946958506, 'hidden_size': 76, 'dropout': 0.22075872600341168, 'hidden_continuous_size': 35, 'attention_head_size': 3, 'learning_rate': 0.03019232610988878}
Currently training: H214
Tuning has started for H214...
Tuning done! Best params for H214: 
{'gradient_clip_val': 0.15008140582789642, 'hidden_size': 91, 'dropout': 0.10666110181513161, 'hidden_continuous_size': 21, 'attention_head_size': 1, 'learning_rate': 0.04306864321109311}
Currently training: H215
Tuning has started for H215...
Tuning done! Best params for H215: 
{'gradient_clip_val': 0.44070703727810057, 'hidden_size': 26, 'dropout': 0.10608115091582204, 'hidden_continuous_size': 20, 'attention_head_size': 3, 'learning_rate': 0.07625122443701707}
Currently training: H216
Tuning has started for H216...
Tuning done! Best params for H216: 
{'gradient_clip_val': 0.39623127214980436, 'hidden_size': 123, 'dropout': 0.27707775885886055, 'hidden_continuous_size': 15, 'attention_head_size': 4, 'learning_rate': 0.026600522292771708}
Currently training: H217
Tuning has started for H217...
Tuning done! Best params for H217: 
{'gradient_clip_val': 0.28325806450070506, 'hidden_size': 38, 'dropout': 0.11248739082669756, 'hidden_continuous_size': 27, 'attention_head_size': 4, 'learning_rate': 0.0369095611764522}
Currently training: H218
Tuning has started for H218...
Tuning done! Best params for H218: 
{'gradient_clip_val': 0.28632731718689136, 'hidden_size': 83, 'dropout': 0.16127456227226522, 'hidden_continuous_size': 32, 'attention_head_size': 4, 'learning_rate': 0.055154790380759135}
Currently training: H219
Tuning has started for H219...
Tuning done! Best params for H219: 
{'gradient_clip_val': 0.5777396154820333, 'hidden_size': 134, 'dropout': 0.30871139598217234, 'hidden_continuous_size': 44, 'attention_head_size': 4, 'learning_rate': 0.014302320206432883}
Currently training: H22
Tuning has started for H22...
Tuning done! Best params for H22: 
{'gradient_clip_val': 0.3118578937456158, 'hidden_size': 57, 'dropout': 0.33201630557264283, 'hidden_continuous_size': 15, 'attention_head_size': 4, 'learning_rate': 0.006338637620615233}
Currently training: H220
Tuning has started for H220...
Tuning done! Best params for H220: 
{'gradient_clip_val': 0.581034051517365, 'hidden_size': 42, 'dropout': 0.37783919483200074, 'hidden_continuous_size': 19, 'attention_head_size': 3, 'learning_rate': 0.06328880841982294}
Currently training: H221
Tuning has started for H221...
Tuning done! Best params for H221: 
{'gradient_clip_val': 0.47134353415417996, 'hidden_size': 39, 'dropout': 0.21965258439621638, 'hidden_continuous_size': 25, 'attention_head_size': 2, 'learning_rate': 0.04962472588629964}
Currently training: H222
Tuning has started for H222...
Tuning done! Best params for H222: 
{'gradient_clip_val': 0.5363128698308789, 'hidden_size': 16, 'dropout': 0.30439400872040107, 'hidden_continuous_size': 11, 'attention_head_size': 1, 'learning_rate': 0.01833083101384739}
Currently training: H223
Tuning has started for H223...
Tuning done! Best params for H223: 
{'gradient_clip_val': 0.6931987355068264, 'hidden_size': 102, 'dropout': 0.30699735306234593, 'hidden_continuous_size': 57, 'attention_head_size': 3, 'learning_rate': 0.06521915573282779}
Currently training: H224
Tuning has started for H224...
Tuning done! Best params for H224: 
{'gradient_clip_val': 0.7660266394011519, 'hidden_size': 77, 'dropout': 0.24848947421374865, 'hidden_continuous_size': 63, 'attention_head_size': 1, 'learning_rate': 0.0334717110449289}
Currently training: H225
Tuning has started for H225...
Tuning done! Best params for H225: 
{'gradient_clip_val': 0.9778774586303522, 'hidden_size': 23, 'dropout': 0.23151484062015104, 'hidden_continuous_size': 16, 'attention_head_size': 3, 'learning_rate': 0.09754930411143621}
Currently training: H226
Tuning has started for H226...
Tuning done! Best params for H226: 
{'gradient_clip_val': 0.21335133346726295, 'hidden_size': 120, 'dropout': 0.32612075664141915, 'hidden_continuous_size': 58, 'attention_head_size': 2, 'learning_rate': 0.03708592330977751}
Currently training: H227
Tuning has started for H227...
Tuning done! Best params for H227: 
{'gradient_clip_val': 0.3992371951476877, 'hidden_size': 33, 'dropout': 0.2200105247852998, 'hidden_continuous_size': 23, 'attention_head_size': 4, 'learning_rate': 0.08464428408264901}
Currently training: H228
Tuning has started for H228...
Tuning done! Best params for H228: 
{'gradient_clip_val': 0.19419214471791144, 'hidden_size': 108, 'dropout': 0.28763337875141254, 'hidden_continuous_size': 17, 'attention_head_size': 4, 'learning_rate': 0.04316654969796654}
Currently training: H229
Tuning has started for H229...
Tuning done! Best params for H229: 
{'gradient_clip_val': 0.7092333219108246, 'hidden_size': 60, 'dropout': 0.3783008414036748, 'hidden_continuous_size': 25, 'attention_head_size': 4, 'learning_rate': 0.05208247946045749}
Currently training: H23
Tuning has started for H23...
Tuning done! Best params for H23: 
{'gradient_clip_val': 0.14720198308158725, 'hidden_size': 34, 'dropout': 0.26553807990312095, 'hidden_continuous_size': 11, 'attention_head_size': 3, 'learning_rate': 0.03408080024297068}
Currently training: H230
Tuning has started for H230...
Tuning done! Best params for H230: 
{'gradient_clip_val': 0.16801751338522744, 'hidden_size': 118, 'dropout': 0.30434779423508873, 'hidden_continuous_size': 12, 'attention_head_size': 4, 'learning_rate': 0.07147827863404914}
Currently training: H231
Tuning has started for H231...
Tuning done! Best params for H231: 
{'gradient_clip_val': 0.25951285935182405, 'hidden_size': 71, 'dropout': 0.13123694060479435, 'hidden_continuous_size': 67, 'attention_head_size': 1, 'learning_rate': 0.03830374934113958}
Currently training: H232
Tuning has started for H232...
Tuning done! Best params for H232: 
{'gradient_clip_val': 0.8391547024914604, 'hidden_size': 66, 'dropout': 0.2866958990846619, 'hidden_continuous_size': 17, 'attention_head_size': 1, 'learning_rate': 0.026024214183305444}
Currently training: H233
Tuning has started for H233...
Tuning done! Best params for H233: 
{'gradient_clip_val': 0.36856894273853547, 'hidden_size': 33, 'dropout': 0.270939736938672, 'hidden_continuous_size': 22, 'attention_head_size': 3, 'learning_rate': 0.07865757040396247}
Currently training: H234
Tuning has started for H234...
Tuning done! Best params for H234: 
{'gradient_clip_val': 0.21274935763502484, 'hidden_size': 40, 'dropout': 0.12158908074426518, 'hidden_continuous_size': 18, 'attention_head_size': 4, 'learning_rate': 0.07734055146840972}
Currently training: H235
Tuning has started for H235...
Tuning done! Best params for H235: 
{'gradient_clip_val': 0.19549562988276076, 'hidden_size': 31, 'dropout': 0.3369318398110621, 'hidden_continuous_size': 24, 'attention_head_size': 4, 'learning_rate': 0.07831899262691036}
Currently training: H236
Tuning has started for H236...
Tuning done! Best params for H236: 
{'gradient_clip_val': 0.695186651695173, 'hidden_size': 104, 'dropout': 0.29321533675931494, 'hidden_continuous_size': 38, 'attention_head_size': 4, 'learning_rate': 0.022352192807549437}
Currently training: H237
Tuning has started for H237...
Tuning done! Best params for H237: 
{'gradient_clip_val': 0.43165530944358504, 'hidden_size': 89, 'dropout': 0.322835993359409, 'hidden_continuous_size': 10, 'attention_head_size': 3, 'learning_rate': 0.06656069928894176}
Currently training: H238
Tuning has started for H238...
Tuning done! Best params for H238: 
{'gradient_clip_val': 0.5074989280159896, 'hidden_size': 51, 'dropout': 0.143732691754572, 'hidden_continuous_size': 20, 'attention_head_size': 4, 'learning_rate': 0.0579933477885303}
Currently training: H239
Tuning has started for H239...
Tuning done! Best params for H239: 
{'gradient_clip_val': 0.11883826002683724, 'hidden_size': 74, 'dropout': 0.3296313272386143, 'hidden_continuous_size': 71, 'attention_head_size': 2, 'learning_rate': 0.03483942492131177}
Currently training: H24
Tuning has started for H24...
Tuning done! Best params for H24: 
{'gradient_clip_val': 0.678800125422781, 'hidden_size': 60, 'dropout': 0.10758475914220028, 'hidden_continuous_size': 16, 'attention_head_size': 4, 'learning_rate': 0.03997899661264185}
Currently training: H240
Tuning has started for H240...
Tuning done! Best params for H240: 
{'gradient_clip_val': 0.43244330608545295, 'hidden_size': 121, 'dropout': 0.272998304849454, 'hidden_continuous_size': 37, 'attention_head_size': 3, 'learning_rate': 0.0052628267450385525}
Currently training: H241
Tuning has started for H241...
Tuning done! Best params for H241: 
{'gradient_clip_val': 0.2131266234567084, 'hidden_size': 38, 'dropout': 0.23563039121806717, 'hidden_continuous_size': 18, 'attention_head_size': 1, 'learning_rate': 0.05035707032029211}
Currently training: H242
Tuning has started for H242...
Tuning done! Best params for H242: 
{'gradient_clip_val': 0.17213060772061461, 'hidden_size': 49, 'dropout': 0.12133277462220687, 'hidden_continuous_size': 27, 'attention_head_size': 1, 'learning_rate': 0.06966566445373168}
Currently training: H243
Tuning has started for H243...
Tuning done! Best params for H243: 
{'gradient_clip_val': 0.4482727017039521, 'hidden_size': 78, 'dropout': 0.19289511417065436, 'hidden_continuous_size': 22, 'attention_head_size': 3, 'learning_rate': 0.02665602651302134}
Currently training: H244
Tuning has started for H244...
Tuning done! Best params for H244: 
{'gradient_clip_val': 0.5527368313679193, 'hidden_size': 50, 'dropout': 0.24734130955277206, 'hidden_continuous_size': 21, 'attention_head_size': 4, 'learning_rate': 0.09202767574916741}
Currently training: H245
Tuning has started for H245...
Tuning done! Best params for H245: 
{'gradient_clip_val': 0.5521405666286149, 'hidden_size': 67, 'dropout': 0.10246295348243642, 'hidden_continuous_size': 48, 'attention_head_size': 4, 'learning_rate': 0.04688536263652242}
Currently training: H246
Tuning has started for H246...
Tuning done! Best params for H246: 
{'gradient_clip_val': 0.6032332956249656, 'hidden_size': 70, 'dropout': 0.14108172016634768, 'hidden_continuous_size': 31, 'attention_head_size': 3, 'learning_rate': 0.06455951717271946}
