

start job 6: 205
end job 6: 246
Currently training: H284
Tuning has started for H284...
Tuning done! Best params for H284: 
{'gradient_clip_val': 0.1265970226792683, 'hidden_size': 29, 'dropout': 0.2556478070153397, 'hidden_continuous_size': 17, 'attention_head_size': 4, 'learning_rate': 0.09987276426768917}
Currently training: H285
Tuning has started for H285...
Tuning done! Best params for H285: 
{'gradient_clip_val': 0.19059419517268172, 'hidden_size': 36, 'dropout': 0.3387918602647741, 'hidden_continuous_size': 18, 'attention_head_size': 3, 'learning_rate': 0.09948722015194535}
Currently training: H286
Tuning has started for H286...
Tuning done! Best params for H286: 
{'gradient_clip_val': 0.7925611872163357, 'hidden_size': 92, 'dropout': 0.24970596977474308, 'hidden_continuous_size': 73, 'attention_head_size': 4, 'learning_rate': 0.03802732004027555}
Currently training: H287
Tuning has started for H287...
Tuning done! Best params for H287: 
{'gradient_clip_val': 0.21424150893944624, 'hidden_size': 40, 'dropout': 0.29653542153273255, 'hidden_continuous_size': 19, 'attention_head_size': 4, 'learning_rate': 0.06535245449937173}
Currently training: H288
Tuning has started for H288...
Tuning done! Best params for H288: 
{'gradient_clip_val': 0.5789893371794836, 'hidden_size': 36, 'dropout': 0.24969595999555286, 'hidden_continuous_size': 23, 'attention_head_size': 2, 'learning_rate': 0.049629339640019345}
Currently training: H289
Tuning has started for H289...
Tuning done! Best params for H289: 
{'gradient_clip_val': 0.5719990001743189, 'hidden_size': 45, 'dropout': 0.2070271389289136, 'hidden_continuous_size': 22, 'attention_head_size': 3, 'learning_rate': 0.06611304975610793}
Currently training: H29
Tuning has started for H29...
Tuning done! Best params for H29: 
{'gradient_clip_val': 0.5765359067694376, 'hidden_size': 10, 'dropout': 0.33994838801254423, 'hidden_continuous_size': 10, 'attention_head_size': 2, 'learning_rate': 0.09815189106545553}
Currently training: H290
Tuning has started for H290...
Tuning done! Best params for H290: 
{'gradient_clip_val': 0.3067945416741324, 'hidden_size': 133, 'dropout': 0.21688692697761933, 'hidden_continuous_size': 30, 'attention_head_size': 3, 'learning_rate': 0.02245177736330986}
Currently training: H291
Tuning has started for H291...
Tuning done! Best params for H291: 
{'gradient_clip_val': 0.1394563934420183, 'hidden_size': 27, 'dropout': 0.313988091263647, 'hidden_continuous_size': 22, 'attention_head_size': 1, 'learning_rate': 0.09802737959681414}
Currently training: H292
Tuning has started for H292...
Tuning done! Best params for H292: 
{'gradient_clip_val': 0.2288376041469334, 'hidden_size': 126, 'dropout': 0.10096145177700432, 'hidden_continuous_size': 103, 'attention_head_size': 3, 'learning_rate': 0.0073066481868036244}
Currently training: H293
Tuning has started for H293...
Tuning done! Best params for H293: 
{'gradient_clip_val': 0.601922068993096, 'hidden_size': 111, 'dropout': 0.13216545565356438, 'hidden_continuous_size': 98, 'attention_head_size': 3, 'learning_rate': 0.01118908952836604}
Currently training: H294
Tuning has started for H294...
Tuning done! Best params for H294: 
{'gradient_clip_val': 0.5235567651512574, 'hidden_size': 54, 'dropout': 0.23685194875289758, 'hidden_continuous_size': 15, 'attention_head_size': 1, 'learning_rate': 0.09767028727847037}
Currently training: H295
Tuning has started for H295...
Tuning done! Best params for H295: 
{'gradient_clip_val': 0.4368201921399293, 'hidden_size': 98, 'dropout': 0.31256348716598437, 'hidden_continuous_size': 77, 'attention_head_size': 3, 'learning_rate': 0.03221918311880911}
Currently training: H296
Tuning has started for H296...
Tuning done! Best params for H296: 
{'gradient_clip_val': 0.5995921522568933, 'hidden_size': 65, 'dropout': 0.3330845462236839, 'hidden_continuous_size': 29, 'attention_head_size': 4, 'learning_rate': 0.06022535579774712}
Currently training: H297
Tuning has started for H297...
Tuning done! Best params for H297: 
{'gradient_clip_val': 0.2555701671127197, 'hidden_size': 45, 'dropout': 0.18358200908318317, 'hidden_continuous_size': 17, 'attention_head_size': 2, 'learning_rate': 0.0692073232028772}
Currently training: H298
Tuning has started for H298...
Tuning done! Best params for H298: 
{'gradient_clip_val': 0.23938034790229712, 'hidden_size': 116, 'dropout': 0.30096468716087654, 'hidden_continuous_size': 95, 'attention_head_size': 1, 'learning_rate': 0.03787542096844363}
Currently training: H299
Tuning has started for H299...
Tuning done! Best params for H299: 
{'gradient_clip_val': 0.7530713660814705, 'hidden_size': 114, 'dropout': 0.1005999758220929, 'hidden_continuous_size': 26, 'attention_head_size': 4, 'learning_rate': 0.02020763014979149}
Currently training: H3
Tuning has started for H3...
Tuning done! Best params for H3: 
{'gradient_clip_val': 0.9891445734702443, 'hidden_size': 57, 'dropout': 0.3961520509184063, 'hidden_continuous_size': 24, 'attention_head_size': 4, 'learning_rate': 0.009285236480717362}
Currently training: H30
Tuning has started for H30...
Tuning done! Best params for H30: 
{'gradient_clip_val': 0.17532387899317944, 'hidden_size': 120, 'dropout': 0.21170946212074038, 'hidden_continuous_size': 41, 'attention_head_size': 2, 'learning_rate': 0.0051016538478657475}
Currently training: H300
Tuning has started for H300...
Tuning done! Best params for H300: 
{'gradient_clip_val': 0.10002522167774969, 'hidden_size': 86, 'dropout': 0.32759062548404966, 'hidden_continuous_size': 59, 'attention_head_size': 4, 'learning_rate': 0.048318965186046114}
Currently training: H301
Tuning has started for H301...
Tuning done! Best params for H301: 
{'gradient_clip_val': 0.41385668831256356, 'hidden_size': 61, 'dropout': 0.18467166452719588, 'hidden_continuous_size': 34, 'attention_head_size': 2, 'learning_rate': 0.023259904178233294}
Currently training: H302
Tuning has started for H302...
Tuning done! Best params for H302: 
{'gradient_clip_val': 0.102695443337196, 'hidden_size': 42, 'dropout': 0.11174573513712793, 'hidden_continuous_size': 15, 'attention_head_size': 2, 'learning_rate': 0.09601798174133959}
Currently training: H303
Tuning has started for H303...
Tuning done! Best params for H303: 
{'gradient_clip_val': 0.30713303816152715, 'hidden_size': 56, 'dropout': 0.29291549418810126, 'hidden_continuous_size': 46, 'attention_head_size': 3, 'learning_rate': 0.08418001210683619}
Currently training: H304
Tuning has started for H304...
Tuning done! Best params for H304: 
{'gradient_clip_val': 0.18182246078335002, 'hidden_size': 34, 'dropout': 0.11188223692346584, 'hidden_continuous_size': 14, 'attention_head_size': 3, 'learning_rate': 0.09178620930414949}
Currently training: H305
Tuning has started for H305...
Tuning done! Best params for H305: 
{'gradient_clip_val': 0.7707507107222291, 'hidden_size': 104, 'dropout': 0.3223318798722928, 'hidden_continuous_size': 36, 'attention_head_size': 3, 'learning_rate': 0.02764143599769644}
Currently training: H306
Tuning has started for H306...
Tuning done! Best params for H306: 
{'gradient_clip_val': 0.2133656238088574, 'hidden_size': 81, 'dropout': 0.21059851175133315, 'hidden_continuous_size': 53, 'attention_head_size': 2, 'learning_rate': 0.02097527205288512}
Currently training: H307
Tuning has started for H307...
Tuning done! Best params for H307: 
{'gradient_clip_val': 0.8565657568892326, 'hidden_size': 41, 'dropout': 0.35839168110675323, 'hidden_continuous_size': 19, 'attention_head_size': 2, 'learning_rate': 0.06944330127478719}
Currently training: H308
Tuning has started for H308...
Tuning done! Best params for H308: 
{'gradient_clip_val': 0.13259471170216017, 'hidden_size': 61, 'dropout': 0.21659764259758824, 'hidden_continuous_size': 58, 'attention_head_size': 2, 'learning_rate': 0.03393932453521511}
Currently training: H309
Tuning has started for H309...
Tuning done! Best params for H309: 
{'gradient_clip_val': 0.2974889424879129, 'hidden_size': 123, 'dropout': 0.22407925501920567, 'hidden_continuous_size': 71, 'attention_head_size': 3, 'learning_rate': 0.01770661470997243}
Currently training: H31
Tuning has started for H31...
Tuning done! Best params for H31: 
{'gradient_clip_val': 0.10078976897528992, 'hidden_size': 147, 'dropout': 0.30064639612951627, 'hidden_continuous_size': 71, 'attention_head_size': 3, 'learning_rate': 0.004455307029678172}
Currently training: H310
Tuning has started for H310...
Tuning done! Best params for H310: 
{'gradient_clip_val': 0.6268941010800372, 'hidden_size': 79, 'dropout': 0.3140310663912076, 'hidden_continuous_size': 35, 'attention_head_size': 3, 'learning_rate': 0.03544915088744937}
Currently training: H311
Tuning has started for H311...
Tuning done! Best params for H311: 
{'gradient_clip_val': 0.24726644280426643, 'hidden_size': 44, 'dropout': 0.3368188243992945, 'hidden_continuous_size': 37, 'attention_head_size': 3, 'learning_rate': 0.07378997792017412}
Currently training: H312
Tuning has started for H312...
Tuning done! Best params for H312: 
{'gradient_clip_val': 0.7832278015416064, 'hidden_size': 79, 'dropout': 0.19582993207489569, 'hidden_continuous_size': 31, 'attention_head_size': 2, 'learning_rate': 0.03678855589547263}
Currently training: H313
Tuning has started for H313...
Tuning done! Best params for H313: 
{'gradient_clip_val': 0.7361848877190867, 'hidden_size': 95, 'dropout': 0.2826420102849317, 'hidden_continuous_size': 81, 'attention_head_size': 3, 'learning_rate': 0.041265213207328184}
Currently training: H314
Tuning has started for H314...
Tuning done! Best params for H314: 
{'gradient_clip_val': 0.3644831821910535, 'hidden_size': 76, 'dropout': 0.3282661225082486, 'hidden_continuous_size': 38, 'attention_head_size': 2, 'learning_rate': 0.07990407346744612}
Currently training: H315
Tuning has started for H315...
Tuning done! Best params for H315: 
{'gradient_clip_val': 0.27722751251832894, 'hidden_size': 71, 'dropout': 0.2723569049244068, 'hidden_continuous_size': 24, 'attention_head_size': 3, 'learning_rate': 0.025554745939837902}
Currently training: H316
Tuning has started for H316...
Tuning done! Best params for H316: 
{'gradient_clip_val': 0.4089926555397871, 'hidden_size': 51, 'dropout': 0.31273525842128935, 'hidden_continuous_size': 37, 'attention_head_size': 4, 'learning_rate': 0.06694792231874291}
Currently training: H317
Tuning has started for H317...
Tuning done! Best params for H317: 
{'gradient_clip_val': 0.6554166511805386, 'hidden_size': 44, 'dropout': 0.24532296461953312, 'hidden_continuous_size': 23, 'attention_head_size': 3, 'learning_rate': 0.05278175845010478}
Currently training: H318
Tuning has started for H318...
Tuning done! Best params for H318: 
{'gradient_clip_val': 0.11847303996972527, 'hidden_size': 66, 'dropout': 0.1931950193713361, 'hidden_continuous_size': 28, 'attention_head_size': 3, 'learning_rate': 0.040658376953094585}
Currently training: H319
Tuning has started for H319...
Tuning done! Best params for H319: 
{'gradient_clip_val': 0.24290059056586122, 'hidden_size': 68, 'dropout': 0.23946291903475797, 'hidden_continuous_size': 27, 'attention_head_size': 2, 'learning_rate': 0.05596887120755536}
Currently training: H32
Tuning has started for H32...
Tuning done! Best params for H32: 
{'gradient_clip_val': 0.4259103150820965, 'hidden_size': 19, 'dropout': 0.3039426432953089, 'hidden_continuous_size': 14, 'attention_head_size': 4, 'learning_rate': 0.05723466067507868}
