

start job 7: 246
end job 7: 287
Currently training: H320
Tuning has started for H320...
Tuning done! Best params for H320: 
{'gradient_clip_val': 0.4910920357651799, 'hidden_size': 96, 'dropout': 0.3511131765896159, 'hidden_continuous_size': 51, 'attention_head_size': 4, 'learning_rate': 0.021444014905665516}
Currently training: H321
Tuning has started for H321...
Tuning done! Best params for H321: 
{'gradient_clip_val': 0.21327871252709701, 'hidden_size': 93, 'dropout': 0.12906621798591225, 'hidden_continuous_size': 28, 'attention_head_size': 2, 'learning_rate': 0.07222508971843765}
Currently training: H322
Tuning has started for H322...
Tuning done! Best params for H322: 
{'gradient_clip_val': 0.40442356668146956, 'hidden_size': 128, 'dropout': 0.30520961235284233, 'hidden_continuous_size': 61, 'attention_head_size': 1, 'learning_rate': 0.027157973526435463}
Currently training: H323
Tuning has started for H323...
Tuning done! Best params for H323: 
{'gradient_clip_val': 0.6755277263760444, 'hidden_size': 54, 'dropout': 0.12015040112147285, 'hidden_continuous_size': 26, 'attention_head_size': 4, 'learning_rate': 0.07669280785415375}
Currently training: H324
Tuning has started for H324...
Tuning done! Best params for H324: 
{'gradient_clip_val': 0.3553322067684816, 'hidden_size': 49, 'dropout': 0.16577061524360964, 'hidden_continuous_size': 23, 'attention_head_size': 3, 'learning_rate': 0.08168860083870721}
Currently training: H325
Tuning has started for H325...
Tuning done! Best params for H325: 
{'gradient_clip_val': 0.532019569518994, 'hidden_size': 41, 'dropout': 0.2611394869450612, 'hidden_continuous_size': 17, 'attention_head_size': 4, 'learning_rate': 0.05369827664425718}
Currently training: H326
Tuning has started for H326...
Tuning done! Best params for H326: 
{'gradient_clip_val': 0.5928851902913733, 'hidden_size': 47, 'dropout': 0.35341640684197817, 'hidden_continuous_size': 39, 'attention_head_size': 1, 'learning_rate': 0.054896886033034185}
Currently training: H327
Tuning has started for H327...
Tuning done! Best params for H327: 
{'gradient_clip_val': 0.2788865172856355, 'hidden_size': 128, 'dropout': 0.23649471004896283, 'hidden_continuous_size': 33, 'attention_head_size': 3, 'learning_rate': 0.015442955524697344}
Currently training: H328
Tuning has started for H328...
Tuning done! Best params for H328: 
{'gradient_clip_val': 0.9971904273397175, 'hidden_size': 105, 'dropout': 0.16789487843773834, 'hidden_continuous_size': 99, 'attention_head_size': 1, 'learning_rate': 0.01764758343742043}
Currently training: H329
Tuning has started for H329...
Tuning done! Best params for H329: 
{'gradient_clip_val': 0.13453429831656719, 'hidden_size': 69, 'dropout': 0.27094199296900107, 'hidden_continuous_size': 24, 'attention_head_size': 4, 'learning_rate': 0.09982564622009601}
Currently training: H33
Tuning has started for H33...
Tuning done! Best params for H33: 
{'gradient_clip_val': 0.17984335150420552, 'hidden_size': 73, 'dropout': 0.27589583406210505, 'hidden_continuous_size': 65, 'attention_head_size': 3, 'learning_rate': 0.07930073271500081}
Currently training: H330
Tuning has started for H330...
Tuning done! Best params for H330: 
{'gradient_clip_val': 0.4875460477240443, 'hidden_size': 18, 'dropout': 0.11345838140530581, 'hidden_continuous_size': 12, 'attention_head_size': 2, 'learning_rate': 0.03056305070400488}
Currently training: H331
Tuning has started for H331...
Tuning done! Best params for H331: 
{'gradient_clip_val': 0.7234708804917864, 'hidden_size': 46, 'dropout': 0.14927969571275132, 'hidden_continuous_size': 17, 'attention_head_size': 2, 'learning_rate': 0.01678776825899909}
Currently training: H332
Tuning has started for H332...
Tuning done! Best params for H332: 
{'gradient_clip_val': 0.2154051961148715, 'hidden_size': 122, 'dropout': 0.3399698643951178, 'hidden_continuous_size': 70, 'attention_head_size': 4, 'learning_rate': 0.010153060456631684}
Currently training: H333
Tuning has started for H333...
Tuning done! Best params for H333: 
{'gradient_clip_val': 0.5887933653809814, 'hidden_size': 68, 'dropout': 0.36616616225044823, 'hidden_continuous_size': 27, 'attention_head_size': 1, 'learning_rate': 0.04895568657592248}
Currently training: H334
Tuning has started for H334...
Tuning done! Best params for H334: 
{'gradient_clip_val': 0.8697248085855082, 'hidden_size': 48, 'dropout': 0.34915945244849517, 'hidden_continuous_size': 23, 'attention_head_size': 2, 'learning_rate': 0.022476302799823596}
Currently training: H335
Tuning has started for H335...
Tuning done! Best params for H335: 
{'gradient_clip_val': 0.11467300895838678, 'hidden_size': 46, 'dropout': 0.1963411938536302, 'hidden_continuous_size': 14, 'attention_head_size': 3, 'learning_rate': 0.0412214171309638}
Currently training: H336
Tuning has started for H336...
Tuning done! Best params for H336: 
{'gradient_clip_val': 0.2059723798842932, 'hidden_size': 29, 'dropout': 0.3456202474348464, 'hidden_continuous_size': 23, 'attention_head_size': 2, 'learning_rate': 0.008448714942563095}
Currently training: H337
Tuning has started for H337...
Tuning done! Best params for H337: 
{'gradient_clip_val': 0.7274223028513562, 'hidden_size': 89, 'dropout': 0.1827948360148118, 'hidden_continuous_size': 38, 'attention_head_size': 2, 'learning_rate': 0.04127599897969163}
Currently training: H338
Tuning has started for H338...
Tuning done! Best params for H338: 
{'gradient_clip_val': 0.12278953070342111, 'hidden_size': 116, 'dropout': 0.30598041368513035, 'hidden_continuous_size': 27, 'attention_head_size': 2, 'learning_rate': 0.017582851936653945}
Currently training: H339
Tuning has started for H339...
Tuning done! Best params for H339: 
{'gradient_clip_val': 0.4904984886749981, 'hidden_size': 25, 'dropout': 0.33780370061016196, 'hidden_continuous_size': 23, 'attention_head_size': 1, 'learning_rate': 0.00964029765351319}
Currently training: H34
Tuning has started for H34...
Tuning done! Best params for H34: 
{'gradient_clip_val': 0.16762075352582387, 'hidden_size': 28, 'dropout': 0.13998958602621553, 'hidden_continuous_size': 18, 'attention_head_size': 4, 'learning_rate': 0.08884578346553713}
Currently training: H340
Tuning has started for H340...
Tuning done! Best params for H340: 
{'gradient_clip_val': 0.16600538283962074, 'hidden_size': 139, 'dropout': 0.19066470043123548, 'hidden_continuous_size': 132, 'attention_head_size': 2, 'learning_rate': 0.007997446628696706}
Currently training: H341
Tuning has started for H341...
Tuning done! Best params for H341: 
{'gradient_clip_val': 0.21959668651179629, 'hidden_size': 83, 'dropout': 0.2028736274528653, 'hidden_continuous_size': 14, 'attention_head_size': 2, 'learning_rate': 0.01621107324232296}
Currently training: H342
Tuning has started for H342...
Tuning done! Best params for H342: 
{'gradient_clip_val': 0.2513098631460995, 'hidden_size': 44, 'dropout': 0.31870320466423513, 'hidden_continuous_size': 11, 'attention_head_size': 4, 'learning_rate': 0.012223184081625236}
Currently training: H343
Tuning has started for H343...
Tuning done! Best params for H343: 
{'gradient_clip_val': 0.425350589205786, 'hidden_size': 140, 'dropout': 0.19142514988160664, 'hidden_continuous_size': 55, 'attention_head_size': 4, 'learning_rate': 0.08245323787144024}
Currently training: H344
Tuning has started for H344...
Tuning done! Best params for H344: 
{'gradient_clip_val': 0.1370643374473556, 'hidden_size': 118, 'dropout': 0.22656679889426484, 'hidden_continuous_size': 37, 'attention_head_size': 4, 'learning_rate': 0.029317606551474303}
Currently training: H345
Tuning has started for H345...
Tuning done! Best params for H345: 
{'gradient_clip_val': 0.7132185838231028, 'hidden_size': 79, 'dropout': 0.3533975688469278, 'hidden_continuous_size': 50, 'attention_head_size': 3, 'learning_rate': 0.01196097429927516}
Currently training: H346
Tuning has started for H346...
Tuning done! Best params for H346: 
{'gradient_clip_val': 0.46532263028640686, 'hidden_size': 49, 'dropout': 0.30392098388773003, 'hidden_continuous_size': 21, 'attention_head_size': 2, 'learning_rate': 0.0042621026948928414}
Currently training: H347
Tuning has started for H347...
Tuning done! Best params for H347: 
{'gradient_clip_val': 0.20420306442687128, 'hidden_size': 104, 'dropout': 0.317175036938132, 'hidden_continuous_size': 38, 'attention_head_size': 3, 'learning_rate': 0.005664701376661501}
Currently training: H348
Tuning has started for H348...
Tuning done! Best params for H348: 
{'gradient_clip_val': 0.2260446225197813, 'hidden_size': 150, 'dropout': 0.1354329452057364, 'hidden_continuous_size': 27, 'attention_head_size': 3, 'learning_rate': 0.005353397397882406}
Currently training: H349
Tuning has started for H349...
Tuning done! Best params for H349: 
{'gradient_clip_val': 0.25934291527653536, 'hidden_size': 86, 'dropout': 0.35696630173968413, 'hidden_continuous_size': 77, 'attention_head_size': 1, 'learning_rate': 0.010328250345355726}
Currently training: H35
Tuning has started for H35...
Tuning done! Best params for H35: 
{'gradient_clip_val': 0.4196210669405376, 'hidden_size': 32, 'dropout': 0.3893686957129638, 'hidden_continuous_size': 11, 'attention_head_size': 3, 'learning_rate': 0.08330845734460748}
Currently training: H350
Tuning has started for H350...
Tuning done! Best params for H350: 
{'gradient_clip_val': 0.5522022173754003, 'hidden_size': 54, 'dropout': 0.21943790561889448, 'hidden_continuous_size': 25, 'attention_head_size': 4, 'learning_rate': 0.09087278114749354}
Currently training: H351
Tuning has started for H351...
Tuning done! Best params for H351: 
{'gradient_clip_val': 0.20549651173690922, 'hidden_size': 100, 'dropout': 0.20557141544963717, 'hidden_continuous_size': 72, 'attention_head_size': 3, 'learning_rate': 0.008695859911257594}
Currently training: H352
Tuning has started for H352...
Tuning done! Best params for H352: 
{'gradient_clip_val': 0.19758616092853074, 'hidden_size': 128, 'dropout': 0.321400468335967, 'hidden_continuous_size': 30, 'attention_head_size': 4, 'learning_rate': 0.0517026549508451}
Currently training: H353
Tuning has started for H353...
Tuning done! Best params for H353: 
{'gradient_clip_val': 0.20393777224432869, 'hidden_size': 104, 'dropout': 0.2147229578471994, 'hidden_continuous_size': 36, 'attention_head_size': 4, 'learning_rate': 0.004137259730407793}
Currently training: H354
Tuning has started for H354...
Tuning done! Best params for H354: 
{'gradient_clip_val': 0.7591378067924212, 'hidden_size': 21, 'dropout': 0.35927029297588525, 'hidden_continuous_size': 18, 'attention_head_size': 1, 'learning_rate': 0.09713178768488737}
Currently training: H355
Tuning has started for H355...
Tuning done! Best params for H355: 
{'gradient_clip_val': 0.42726165464687843, 'hidden_size': 90, 'dropout': 0.2011912311198077, 'hidden_continuous_size': 49, 'attention_head_size': 4, 'learning_rate': 0.0280282376585353}
Currently training: H356
Tuning has started for H356...
Tuning done! Best params for H356: 
{'gradient_clip_val': 0.11291462804954994, 'hidden_size': 84, 'dropout': 0.11216569676639448, 'hidden_continuous_size': 60, 'attention_head_size': 3, 'learning_rate': 0.08092311922062909}
Currently training: H357
Tuning has started for H357...
Tuning done! Best params for H357: 
{'gradient_clip_val': 0.8164341932280582, 'hidden_size': 23, 'dropout': 0.3706983371974312, 'hidden_continuous_size': 14, 'attention_head_size': 4, 'learning_rate': 0.021373859366851804}
