

start job 9: 328
end job 9: 369
Currently training: H395
Tuning has started for H395...
Tuning done! Best params for H395: 
{'gradient_clip_val': 0.8221658368046384, 'hidden_size': 42, 'dropout': 0.3643856258599536, 'hidden_continuous_size': 21, 'attention_head_size': 2, 'learning_rate': 0.07771202952067556}
Currently training: H396
Tuning has started for H396...
Tuning done! Best params for H396: 
{'gradient_clip_val': 0.22901299410259013, 'hidden_size': 79, 'dropout': 0.29922150551491095, 'hidden_continuous_size': 53, 'attention_head_size': 4, 'learning_rate': 0.006899864765902496}
Currently training: H397
Tuning has started for H397...
Tuning done! Best params for H397: 
{'gradient_clip_val': 0.4930089093655848, 'hidden_size': 149, 'dropout': 0.1716069237551392, 'hidden_continuous_size': 49, 'attention_head_size': 4, 'learning_rate': 0.09408035271994988}
Currently training: H398
Tuning has started for H398...
Tuning done! Best params for H398: 
{'gradient_clip_val': 0.32673361593917116, 'hidden_size': 64, 'dropout': 0.25559332942445934, 'hidden_continuous_size': 26, 'attention_head_size': 3, 'learning_rate': 0.06009549552918397}
Currently training: H399
Tuning has started for H399...
Tuning done! Best params for H399: 
{'gradient_clip_val': 0.15440262895699827, 'hidden_size': 72, 'dropout': 0.2769596882756369, 'hidden_continuous_size': 45, 'attention_head_size': 3, 'learning_rate': 0.08414350741654515}
Currently training: H4
Tuning has started for H4...
Tuning done! Best params for H4: 
{'gradient_clip_val': 0.1674125095324505, 'hidden_size': 34, 'dropout': 0.18241668529924063, 'hidden_continuous_size': 12, 'attention_head_size': 1, 'learning_rate': 0.02470668088385001}
Currently training: H40
Tuning has started for H40...
Tuning done! Best params for H40: 
{'gradient_clip_val': 0.7844841309832395, 'hidden_size': 119, 'dropout': 0.38545445935978506, 'hidden_continuous_size': 110, 'attention_head_size': 3, 'learning_rate': 0.07911771675982933}
Currently training: H400
Tuning has started for H400...
Tuning done! Best params for H400: 
{'gradient_clip_val': 0.5220453284507737, 'hidden_size': 150, 'dropout': 0.33775727547601764, 'hidden_continuous_size': 43, 'attention_head_size': 1, 'learning_rate': 0.06812892975094656}
Currently training: H401
Tuning has started for H401...
Tuning done! Best params for H401: 
{'gradient_clip_val': 0.8127922792099461, 'hidden_size': 91, 'dropout': 0.1294014946428911, 'hidden_continuous_size': 30, 'attention_head_size': 2, 'learning_rate': 0.02137916619042545}
Currently training: H402
Tuning has started for H402...
Tuning done! Best params for H402: 
{'gradient_clip_val': 0.3530930779196182, 'hidden_size': 113, 'dropout': 0.16915740198149487, 'hidden_continuous_size': 92, 'attention_head_size': 4, 'learning_rate': 0.006545053142463248}
Currently training: H403
Tuning has started for H403...
Tuning done! Best params for H403: 
{'gradient_clip_val': 0.38168909881625085, 'hidden_size': 42, 'dropout': 0.3195594171784683, 'hidden_continuous_size': 10, 'attention_head_size': 2, 'learning_rate': 0.04368483485944448}
Currently training: H404
Tuning has started for H404...
Tuning done! Best params for H404: 
{'gradient_clip_val': 0.10721594094930612, 'hidden_size': 28, 'dropout': 0.3558929016382934, 'hidden_continuous_size': 14, 'attention_head_size': 3, 'learning_rate': 0.02522540678684542}
Currently training: H405
Tuning has started for H405...
Tuning done! Best params for H405: 
{'gradient_clip_val': 0.551703524745301, 'hidden_size': 55, 'dropout': 0.2112640634759874, 'hidden_continuous_size': 28, 'attention_head_size': 4, 'learning_rate': 0.05091941884862438}
Currently training: H406
Tuning has started for H406...
Tuning done! Best params for H406: 
{'gradient_clip_val': 0.38153520328463214, 'hidden_size': 85, 'dropout': 0.19365766504125292, 'hidden_continuous_size': 62, 'attention_head_size': 4, 'learning_rate': 0.061271266219187805}
Currently training: H407
Tuning has started for H407...
Tuning done! Best params for H407: 
{'gradient_clip_val': 0.10086053455499891, 'hidden_size': 114, 'dropout': 0.36877612895128087, 'hidden_continuous_size': 18, 'attention_head_size': 3, 'learning_rate': 0.012951857633021166}
Currently training: H408
Tuning has started for H408...
Tuning done! Best params for H408: 
{'gradient_clip_val': 0.3234241611271193, 'hidden_size': 121, 'dropout': 0.3618533586350825, 'hidden_continuous_size': 37, 'attention_head_size': 4, 'learning_rate': 0.0032235362103567437}
Currently training: H409
Tuning has started for H409...
Tuning done! Best params for H409: 
{'gradient_clip_val': 0.40812552979674305, 'hidden_size': 40, 'dropout': 0.26460964676637755, 'hidden_continuous_size': 18, 'attention_head_size': 4, 'learning_rate': 0.07654012553795445}
Currently training: H41
Tuning has started for H41...
Tuning done! Best params for H41: 
{'gradient_clip_val': 0.4737508932691421, 'hidden_size': 129, 'dropout': 0.30495303953415603, 'hidden_continuous_size': 112, 'attention_head_size': 3, 'learning_rate': 0.001260246890420456}
Currently training: H410
Tuning has started for H410...
Tuning done! Best params for H410: 
{'gradient_clip_val': 0.4704709538054753, 'hidden_size': 31, 'dropout': 0.2532420460223393, 'hidden_continuous_size': 12, 'attention_head_size': 3, 'learning_rate': 0.06583378413212623}
Currently training: H411
Tuning has started for H411...
Tuning done! Best params for H411: 
{'gradient_clip_val': 0.9117518020763322, 'hidden_size': 42, 'dropout': 0.1178802547530734, 'hidden_continuous_size': 39, 'attention_head_size': 3, 'learning_rate': 0.05733735062531936}
Currently training: H412
Tuning has started for H412...
Tuning done! Best params for H412: 
{'gradient_clip_val': 0.5521469348201727, 'hidden_size': 128, 'dropout': 0.30173605793484115, 'hidden_continuous_size': 84, 'attention_head_size': 2, 'learning_rate': 0.09932504527510282}
Currently training: H413
Tuning has started for H413...
Tuning done! Best params for H413: 
{'gradient_clip_val': 0.3861448706633969, 'hidden_size': 23, 'dropout': 0.3457623172112347, 'hidden_continuous_size': 10, 'attention_head_size': 3, 'learning_rate': 0.03237274871031454}
Currently training: H414
Tuning has started for H414...
Tuning done! Best params for H414: 
{'gradient_clip_val': 0.6632309677554191, 'hidden_size': 36, 'dropout': 0.36838028863463845, 'hidden_continuous_size': 13, 'attention_head_size': 2, 'learning_rate': 0.04092451211737643}
Currently training: H42
Tuning has started for H42...
Tuning done! Best params for H42: 
{'gradient_clip_val': 0.909997011626011, 'hidden_size': 48, 'dropout': 0.3238194552430061, 'hidden_continuous_size': 13, 'attention_head_size': 2, 'learning_rate': 0.010752678104905971}
Currently training: H43
Tuning has started for H43...
Tuning done! Best params for H43: 
{'gradient_clip_val': 0.12390743418179476, 'hidden_size': 67, 'dropout': 0.21198775349915489, 'hidden_continuous_size': 32, 'attention_head_size': 3, 'learning_rate': 0.005640908890281424}
Currently training: H44
Tuning has started for H44...
Tuning done! Best params for H44: 
{'gradient_clip_val': 0.10512885927324828, 'hidden_size': 137, 'dropout': 0.3965933682427802, 'hidden_continuous_size': 39, 'attention_head_size': 4, 'learning_rate': 0.002698003184346933}
Currently training: H45
Tuning has started for H45...
Tuning done! Best params for H45: 
{'gradient_clip_val': 0.42408168682951225, 'hidden_size': 35, 'dropout': 0.3481712335701901, 'hidden_continuous_size': 17, 'attention_head_size': 4, 'learning_rate': 0.007680627993330977}
Currently training: H46
Tuning has started for H46...
Tuning done! Best params for H46: 
{'gradient_clip_val': 0.5839284548794313, 'hidden_size': 24, 'dropout': 0.2843479448110894, 'hidden_continuous_size': 20, 'attention_head_size': 4, 'learning_rate': 0.021361609293627494}
Currently training: H47
Tuning has started for H47...
Tuning done! Best params for H47: 
{'gradient_clip_val': 0.7740695651845361, 'hidden_size': 123, 'dropout': 0.11069013873160273, 'hidden_continuous_size': 27, 'attention_head_size': 4, 'learning_rate': 0.003482267560157619}
Currently training: H48
Tuning has started for H48...
Tuning done! Best params for H48: 
{'gradient_clip_val': 0.7482188431972017, 'hidden_size': 14, 'dropout': 0.2993649883024022, 'hidden_continuous_size': 11, 'attention_head_size': 4, 'learning_rate': 0.0998516929355467}
Currently training: H49
Tuning has started for H49...
Tuning done! Best params for H49: 
{'gradient_clip_val': 0.23619758419367962, 'hidden_size': 119, 'dropout': 0.13642738703761756, 'hidden_continuous_size': 42, 'attention_head_size': 3, 'learning_rate': 0.005234017698148764}
Currently training: H5
Tuning has started for H5...
Tuning done! Best params for H5: 
{'gradient_clip_val': 0.341232248116663, 'hidden_size': 124, 'dropout': 0.25818858684041324, 'hidden_continuous_size': 89, 'attention_head_size': 3, 'learning_rate': 0.003713305841060794}
Currently training: H50
Tuning has started for H50...
Tuning done! Best params for H50: 
{'gradient_clip_val': 0.12610558268027053, 'hidden_size': 33, 'dropout': 0.35860498596622764, 'hidden_continuous_size': 19, 'attention_head_size': 4, 'learning_rate': 0.06502965797638306}
Currently training: H51
Tuning has started for H51...
Tuning done! Best params for H51: 
{'gradient_clip_val': 0.2770688417502718, 'hidden_size': 119, 'dropout': 0.30324778225486254, 'hidden_continuous_size': 55, 'attention_head_size': 1, 'learning_rate': 0.001753162872578666}
Currently training: H52
Tuning has started for H52...
Tuning done! Best params for H52: 
{'gradient_clip_val': 0.953245221113322, 'hidden_size': 43, 'dropout': 0.30922180548582123, 'hidden_continuous_size': 17, 'attention_head_size': 4, 'learning_rate': 0.09407297575290394}
Currently training: H53
Tuning has started for H53...
Tuning done! Best params for H53: 
{'gradient_clip_val': 0.676760945418149, 'hidden_size': 49, 'dropout': 0.33538173600562854, 'hidden_continuous_size': 28, 'attention_head_size': 3, 'learning_rate': 0.010546310920458433}
Currently training: H54
Tuning has started for H54...
Tuning done! Best params for H54: 
{'gradient_clip_val': 0.22608594206844915, 'hidden_size': 37, 'dropout': 0.37411000469158934, 'hidden_continuous_size': 17, 'attention_head_size': 2, 'learning_rate': 0.012860888907714118}
Currently training: H55
Tuning has started for H55...
Tuning done! Best params for H55: 
{'gradient_clip_val': 0.21092687237285646, 'hidden_size': 56, 'dropout': 0.26067253897804243, 'hidden_continuous_size': 16, 'attention_head_size': 4, 'learning_rate': 0.0077590089933190125}
Currently training: H56
Tuning has started for H56...
Tuning done! Best params for H56: 
{'gradient_clip_val': 0.7063731320331785, 'hidden_size': 31, 'dropout': 0.2398878408662383, 'hidden_continuous_size': 15, 'attention_head_size': 3, 'learning_rate': 0.03996574809291547}
Currently training: H57
Tuning has started for H57...
Tuning done! Best params for H57: 
{'gradient_clip_val': 0.11011561376846815, 'hidden_size': 109, 'dropout': 0.3421706462411418, 'hidden_continuous_size': 27, 'attention_head_size': 3, 'learning_rate': 0.03513453350484781}
Currently training: H58
Tuning has started for H58...
Tuning done! Best params for H58: 
{'gradient_clip_val': 0.7059802320684372, 'hidden_size': 85, 'dropout': 0.1256956766545628, 'hidden_continuous_size': 21, 'attention_head_size': 3, 'learning_rate': 0.04105295438348359}
