

start job 5: 164
end job 5: 205
Currently training: H247
Tuning has started for H247...
Tuning done! Best params for H247: 
{'gradient_clip_val': 0.3050347812716228, 'hidden_size': 75, 'dropout': 0.30344353999948614, 'hidden_continuous_size': 26, 'attention_head_size': 3, 'learning_rate': 0.06898275175244284}
Currently training: H248
Tuning has started for H248...
Tuning done! Best params for H248: 
{'gradient_clip_val': 0.14796368548165814, 'hidden_size': 13, 'dropout': 0.19480504459782896, 'hidden_continuous_size': 7, 'attention_head_size': 3, 'learning_rate': 0.02925562751240762}
Currently training: H249
Tuning has started for H249...
Tuning done! Best params for H249: 
{'gradient_clip_val': 0.2770503451153221, 'hidden_size': 31, 'dropout': 0.1548463575345394, 'hidden_continuous_size': 14, 'attention_head_size': 3, 'learning_rate': 0.00950188038657668}
Currently training: H25
Tuning has started for H25...
Tuning done! Best params for H25: 
{'gradient_clip_val': 0.21016487526792418, 'hidden_size': 10, 'dropout': 0.12115399815801574, 'hidden_continuous_size': 6, 'attention_head_size': 3, 'learning_rate': 0.00201840205770901}
Currently training: H250
Tuning has started for H250...
Tuning done! Best params for H250: 
{'gradient_clip_val': 0.5992927792219862, 'hidden_size': 90, 'dropout': 0.1760548268070347, 'hidden_continuous_size': 75, 'attention_head_size': 2, 'learning_rate': 0.03286088246428882}
Currently training: H251
Tuning has started for H251...
Tuning done! Best params for H251: 
{'gradient_clip_val': 0.23701959624265684, 'hidden_size': 6, 'dropout': 0.30203467267433876, 'hidden_continuous_size': 6, 'attention_head_size': 1, 'learning_rate': 0.06178645265363358}
Currently training: H252
Tuning has started for H252...
Tuning done! Best params for H252: 
{'gradient_clip_val': 0.16286042560461714, 'hidden_size': 38, 'dropout': 0.23224531123721595, 'hidden_continuous_size': 14, 'attention_head_size': 3, 'learning_rate': 0.031477266950405175}
Currently training: H253
Tuning has started for H253...
Tuning done! Best params for H253: 
{'gradient_clip_val': 0.13723162260404126, 'hidden_size': 80, 'dropout': 0.20281836512074236, 'hidden_continuous_size': 69, 'attention_head_size': 4, 'learning_rate': 0.004978166621214617}
Currently training: H254
Tuning has started for H254...
Tuning done! Best params for H254: 
{'gradient_clip_val': 0.1392480333263426, 'hidden_size': 83, 'dropout': 0.3402566345548824, 'hidden_continuous_size': 58, 'attention_head_size': 3, 'learning_rate': 0.006974347143497734}
Currently training: H255
Tuning has started for H255...
Tuning done! Best params for H255: 
{'gradient_clip_val': 0.2226387781709663, 'hidden_size': 67, 'dropout': 0.1867577792762018, 'hidden_continuous_size': 11, 'attention_head_size': 2, 'learning_rate': 0.06621935495487306}
Currently training: H256
Tuning has started for H256...
Tuning done! Best params for H256: 
{'gradient_clip_val': 0.1907021891684688, 'hidden_size': 81, 'dropout': 0.18685423821939318, 'hidden_continuous_size': 49, 'attention_head_size': 4, 'learning_rate': 0.0221835327578253}
Currently training: H257
Tuning has started for H257...
Tuning done! Best params for H257: 
{'gradient_clip_val': 0.7449364810403466, 'hidden_size': 25, 'dropout': 0.3008712021753435, 'hidden_continuous_size': 21, 'attention_head_size': 3, 'learning_rate': 0.035331474265249276}
Currently training: H258
Tuning has started for H258...
Tuning done! Best params for H258: 
{'gradient_clip_val': 0.2512923517878916, 'hidden_size': 85, 'dropout': 0.20679558392449016, 'hidden_continuous_size': 44, 'attention_head_size': 1, 'learning_rate': 0.003794802514834739}
Currently training: H259
Tuning has started for H259...
Tuning done! Best params for H259: 
{'gradient_clip_val': 0.5767553421493179, 'hidden_size': 87, 'dropout': 0.3411446964368814, 'hidden_continuous_size': 12, 'attention_head_size': 2, 'learning_rate': 0.0047637137135471885}
Currently training: H26
Tuning has started for H26...
Tuning done! Best params for H26: 
{'gradient_clip_val': 0.36685918477800994, 'hidden_size': 9, 'dropout': 0.3773542202922705, 'hidden_continuous_size': 5, 'attention_head_size': 4, 'learning_rate': 0.011425091643019268}
Currently training: H260
Tuning has started for H260...
Tuning done! Best params for H260: 
{'gradient_clip_val': 0.45867582657440725, 'hidden_size': 15, 'dropout': 0.3522335869776879, 'hidden_continuous_size': 11, 'attention_head_size': 4, 'learning_rate': 0.025481507129076063}
Currently training: H261
Tuning has started for H261...
Tuning done! Best params for H261: 
{'gradient_clip_val': 0.39728740425283765, 'hidden_size': 30, 'dropout': 0.2374456749436673, 'hidden_continuous_size': 13, 'attention_head_size': 1, 'learning_rate': 0.091430175235024}
Currently training: H262
Tuning has started for H262...
Tuning done! Best params for H262: 
{'gradient_clip_val': 0.21198668289664938, 'hidden_size': 5, 'dropout': 0.20117137382143346, 'hidden_continuous_size': 5, 'attention_head_size': 1, 'learning_rate': 0.014494273615148467}
Currently training: H263
Tuning has started for H263...
Tuning done! Best params for H263: 
{'gradient_clip_val': 0.509357616503526, 'hidden_size': 25, 'dropout': 0.10137784448272537, 'hidden_continuous_size': 9, 'attention_head_size': 1, 'learning_rate': 0.031447415465986533}
Currently training: H264
Tuning has started for H264...
Tuning done! Best params for H264: 
{'gradient_clip_val': 0.658886347593826, 'hidden_size': 6, 'dropout': 0.11672394151495796, 'hidden_continuous_size': 5, 'attention_head_size': 3, 'learning_rate': 0.033254214705955215}
Currently training: H265
Tuning has started for H265...
Tuning done! Best params for H265: 
{'gradient_clip_val': 0.5904963329126999, 'hidden_size': 27, 'dropout': 0.15895278682854716, 'hidden_continuous_size': 13, 'attention_head_size': 2, 'learning_rate': 0.02125930862310205}
Currently training: H266
Tuning has started for H266...
Tuning done! Best params for H266: 
{'gradient_clip_val': 0.48084293350439433, 'hidden_size': 43, 'dropout': 0.1453736151123815, 'hidden_continuous_size': 15, 'attention_head_size': 3, 'learning_rate': 0.011544758980163973}
Currently training: H267
Tuning has started for H267...
Tuning done! Best params for H267: 
{'gradient_clip_val': 0.842980173554047, 'hidden_size': 79, 'dropout': 0.22182982832033343, 'hidden_continuous_size': 65, 'attention_head_size': 1, 'learning_rate': 0.0649280951532841}
Currently training: H268
Tuning has started for H268...
Tuning done! Best params for H268: 
{'gradient_clip_val': 0.4884994917550624, 'hidden_size': 60, 'dropout': 0.1797748128724891, 'hidden_continuous_size': 22, 'attention_head_size': 3, 'learning_rate': 0.026440560124938013}
Currently training: H269
Tuning has started for H269...
Tuning done! Best params for H269: 
{'gradient_clip_val': 0.32030083497231066, 'hidden_size': 10, 'dropout': 0.13828073087413442, 'hidden_continuous_size': 6, 'attention_head_size': 3, 'learning_rate': 0.022601421332286424}
Currently training: H27
Tuning has started for H27...
Tuning done! Best params for H27: 
{'gradient_clip_val': 0.6821447957220602, 'hidden_size': 44, 'dropout': 0.34204276619706137, 'hidden_continuous_size': 12, 'attention_head_size': 1, 'learning_rate': 0.0007601726739539626}
Currently training: H270
Tuning has started for H270...
Tuning done! Best params for H270: 
{'gradient_clip_val': 0.8195401464825393, 'hidden_size': 83, 'dropout': 0.35134935065147954, 'hidden_continuous_size': 7, 'attention_head_size': 2, 'learning_rate': 0.0006529238099310768}
Currently training: H271
Tuning has started for H271...
Tuning done! Best params for H271: 
{'gradient_clip_val': 0.5662479392500036, 'hidden_size': 5, 'dropout': 0.3033056836626585, 'hidden_continuous_size': 5, 'attention_head_size': 2, 'learning_rate': 0.0364587788109967}
Currently training: H272
Tuning has started for H272...
Tuning done! Best params for H272: 
{'gradient_clip_val': 0.1167404039091735, 'hidden_size': 23, 'dropout': 0.1339601673773263, 'hidden_continuous_size': 11, 'attention_head_size': 1, 'learning_rate': 0.0018331171438106858}
Currently training: H273
Tuning has started for H273...
Tuning done! Best params for H273: 
{'gradient_clip_val': 0.2210058928546493, 'hidden_size': 17, 'dropout': 0.14720924418016523, 'hidden_continuous_size': 9, 'attention_head_size': 3, 'learning_rate': 0.007931768736705272}
Currently training: H274
Tuning has started for H274...
Tuning done! Best params for H274: 
{'gradient_clip_val': 0.2060543632823655, 'hidden_size': 25, 'dropout': 0.21403888070506324, 'hidden_continuous_size': 16, 'attention_head_size': 3, 'learning_rate': 0.0461824742100227}
Currently training: H275
Tuning has started for H275...
Tuning done! Best params for H275: 
{'gradient_clip_val': 0.29718184119706775, 'hidden_size': 53, 'dropout': 0.11920128932752164, 'hidden_continuous_size': 13, 'attention_head_size': 3, 'learning_rate': 0.04192060243813944}
Currently training: H276
Tuning has started for H276...
Tuning done! Best params for H276: 
{'gradient_clip_val': 0.3727864560713523, 'hidden_size': 62, 'dropout': 0.36152807784880664, 'hidden_continuous_size': 28, 'attention_head_size': 1, 'learning_rate': 0.00601202425290295}
Currently training: H277
Tuning has started for H277...
Tuning done! Best params for H277: 
{'gradient_clip_val': 0.6395987646137297, 'hidden_size': 58, 'dropout': 0.197763537691334, 'hidden_continuous_size': 14, 'attention_head_size': 3, 'learning_rate': 0.09669318948266936}
Currently training: H278
Tuning has started for H278...
Tuning done! Best params for H278: 
{'gradient_clip_val': 0.15648627288012038, 'hidden_size': 37, 'dropout': 0.22816886269805564, 'hidden_continuous_size': 17, 'attention_head_size': 2, 'learning_rate': 0.005244470641939567}
Currently training: H279
Tuning has started for H279...
Tuning done! Best params for H279: 
{'gradient_clip_val': 0.15861686774632253, 'hidden_size': 86, 'dropout': 0.1359343237999389, 'hidden_continuous_size': 9, 'attention_head_size': 2, 'learning_rate': 0.0391682666683151}
Currently training: H28
Tuning has started for H28...
Tuning done! Best params for H28: 
{'gradient_clip_val': 0.22009455888725823, 'hidden_size': 17, 'dropout': 0.18008904904175688, 'hidden_continuous_size': 6, 'attention_head_size': 2, 'learning_rate': 0.001862744250797968}
Currently training: H280
Tuning has started for H280...
Tuning done! Best params for H280: 
{'gradient_clip_val': 0.11436759615091291, 'hidden_size': 37, 'dropout': 0.1685369678704554, 'hidden_continuous_size': 16, 'attention_head_size': 4, 'learning_rate': 0.014070842019495915}
Currently training: H281
Tuning has started for H281...
Tuning done! Best params for H281: 
{'gradient_clip_val': 0.3331097519342294, 'hidden_size': 71, 'dropout': 0.2833278526990124, 'hidden_continuous_size': 31, 'attention_head_size': 3, 'learning_rate': 0.011515480172245926}
Currently training: H282
Tuning has started for H282...
Tuning done! Best params for H282: 
{'gradient_clip_val': 0.39929750596414465, 'hidden_size': 35, 'dropout': 0.33479510390870404, 'hidden_continuous_size': 15, 'attention_head_size': 3, 'learning_rate': 0.004403898295688702}
Currently training: H283
Tuning has started for H283...
Tuning done! Best params for H283: 
{'gradient_clip_val': 0.20823316696746202, 'hidden_size': 39, 'dropout': 0.22076710542866324, 'hidden_continuous_size': 19, 'attention_head_size': 2, 'learning_rate': 0.023484074472071563}
