

start job 9: 328
end job 9: 369
Currently training: H395
Tuning has started for H395...
Tuning done! Best params for H395: 
{'gradient_clip_val': 0.11356721550434727, 'hidden_size': 83, 'dropout': 0.19627294432961662, 'hidden_continuous_size': 13, 'attention_head_size': 1, 'learning_rate': 0.011688998373692604}
Currently training: H396
Tuning has started for H396...
Tuning done! Best params for H396: 
{'gradient_clip_val': 0.9042761388476348, 'hidden_size': 22, 'dropout': 0.140821296278894, 'hidden_continuous_size': 10, 'attention_head_size': 1, 'learning_rate': 0.027987898618717443}
Currently training: H397
Tuning has started for H397...
Tuning done! Best params for H397: 
{'gradient_clip_val': 0.7470392165757554, 'hidden_size': 37, 'dropout': 0.15453880553134144, 'hidden_continuous_size': 9, 'attention_head_size': 1, 'learning_rate': 0.0010847610845204879}
Currently training: H398
Tuning has started for H398...
Tuning done! Best params for H398: 
{'gradient_clip_val': 0.9466899304260546, 'hidden_size': 127, 'dropout': 0.1654599354717811, 'hidden_continuous_size': 16, 'attention_head_size': 2, 'learning_rate': 0.008023581691969029}
Currently training: H399
Tuning has started for H399...
Tuning done! Best params for H399: 
{'gradient_clip_val': 0.829247182040943, 'hidden_size': 8, 'dropout': 0.30345049867676244, 'hidden_continuous_size': 6, 'attention_head_size': 4, 'learning_rate': 0.06964366516093612}
Currently training: H4
Tuning has started for H4...
Tuning done! Best params for H4: 
{'gradient_clip_val': 0.3581702127378701, 'hidden_size': 7, 'dropout': 0.3980021549507925, 'hidden_continuous_size': 7, 'attention_head_size': 1, 'learning_rate': 0.004966744296638684}
Currently training: H40
Tuning has started for H40...
Tuning done! Best params for H40: 
{'gradient_clip_val': 0.1695897231615301, 'hidden_size': 5, 'dropout': 0.23226333440918867, 'hidden_continuous_size': 5, 'attention_head_size': 2, 'learning_rate': 0.007298164226509438}
Currently training: H400
Tuning has started for H400...
Tuning done! Best params for H400: 
{'gradient_clip_val': 0.21722741813385515, 'hidden_size': 17, 'dropout': 0.192838688100131, 'hidden_continuous_size': 10, 'attention_head_size': 1, 'learning_rate': 0.005621542044346069}
Currently training: H401
Tuning has started for H401...
Tuning done! Best params for H401: 
{'gradient_clip_val': 0.2657115533757779, 'hidden_size': 34, 'dropout': 0.1963614156484954, 'hidden_continuous_size': 5, 'attention_head_size': 4, 'learning_rate': 0.0033076318419565263}
Currently training: H402
Tuning has started for H402...
Tuning done! Best params for H402: 
{'gradient_clip_val': 0.2216832599099535, 'hidden_size': 9, 'dropout': 0.30143934171562736, 'hidden_continuous_size': 9, 'attention_head_size': 1, 'learning_rate': 0.0009078369026787164}
Currently training: H403
Tuning has started for H403...
Tuning done! Best params for H403: 
{'gradient_clip_val': 0.27101321456348404, 'hidden_size': 13, 'dropout': 0.34900889243122657, 'hidden_continuous_size': 6, 'attention_head_size': 2, 'learning_rate': 0.00831571070509742}
Currently training: H404
Tuning has started for H404...
Tuning done! Best params for H404: 
{'gradient_clip_val': 0.3555243673899621, 'hidden_size': 42, 'dropout': 0.2200692614490153, 'hidden_continuous_size': 22, 'attention_head_size': 3, 'learning_rate': 0.0005229545084984494}
Currently training: H405
Tuning has started for H405...
Tuning done! Best params for H405: 
{'gradient_clip_val': 0.2967602163297109, 'hidden_size': 127, 'dropout': 0.25354787918010535, 'hidden_continuous_size': 6, 'attention_head_size': 1, 'learning_rate': 0.021581871239567566}
Currently training: H406
Tuning has started for H406...
Tuning done! Best params for H406: 
{'gradient_clip_val': 0.7928568114993748, 'hidden_size': 120, 'dropout': 0.41671683025084905, 'hidden_continuous_size': 70, 'attention_head_size': 3, 'learning_rate': 0.09251607271297693}
Currently training: H407
Tuning has started for H407...
Tuning done! Best params for H407: 
{'gradient_clip_val': 0.9170630410169692, 'hidden_size': 109, 'dropout': 0.44433560951228646, 'hidden_continuous_size': 21, 'attention_head_size': 3, 'learning_rate': 0.0017953682026149507}
Currently training: H408
Tuning has started for H408...
Tuning done! Best params for H408: 
{'gradient_clip_val': 0.10717166521558522, 'hidden_size': 138, 'dropout': 0.23703281247638752, 'hidden_continuous_size': 49, 'attention_head_size': 4, 'learning_rate': 0.020124600754771304}
Currently training: H409
Tuning has started for H409...
Tuning done! Best params for H409: 
{'gradient_clip_val': 0.2430163404861809, 'hidden_size': 14, 'dropout': 0.23391202410588968, 'hidden_continuous_size': 7, 'attention_head_size': 1, 'learning_rate': 0.011237453720722948}
Currently training: H41
Tuning has started for H41...
Tuning done! Best params for H41: 
{'gradient_clip_val': 0.622758158415115, 'hidden_size': 10, 'dropout': 0.15881114782570316, 'hidden_continuous_size': 6, 'attention_head_size': 2, 'learning_rate': 0.0037668891554552054}
Currently training: H410
Tuning has started for H410...
Tuning done! Best params for H410: 
{'gradient_clip_val': 0.5375376247359944, 'hidden_size': 47, 'dropout': 0.38337654973794055, 'hidden_continuous_size': 8, 'attention_head_size': 1, 'learning_rate': 0.0013662119944965055}
Currently training: H411
Tuning has started for H411...
Tuning done! Best params for H411: 
{'gradient_clip_val': 0.1772998249826637, 'hidden_size': 25, 'dropout': 0.4855534661081168, 'hidden_continuous_size': 14, 'attention_head_size': 3, 'learning_rate': 0.03719875630156922}
Currently training: H412
Tuning has started for H412...
Tuning done! Best params for H412: 
{'gradient_clip_val': 0.912966362472915, 'hidden_size': 25, 'dropout': 0.4190540072561626, 'hidden_continuous_size': 7, 'attention_head_size': 3, 'learning_rate': 0.008438859843841929}
Currently training: H413
Tuning has started for H413...
Tuning done! Best params for H413: 
{'gradient_clip_val': 0.4161450458131433, 'hidden_size': 34, 'dropout': 0.3447971931871163, 'hidden_continuous_size': 12, 'attention_head_size': 2, 'learning_rate': 0.00411585782889528}
Currently training: H414
Tuning has started for H414...
Tuning done! Best params for H414: 
{'gradient_clip_val': 0.190386341902403, 'hidden_size': 8, 'dropout': 0.21810459353818354, 'hidden_continuous_size': 5, 'attention_head_size': 4, 'learning_rate': 0.03421632979733655}
Currently training: H42
Tuning has started for H42...
Tuning done! Best params for H42: 
{'gradient_clip_val': 0.3240246123705274, 'hidden_size': 82, 'dropout': 0.46659314190697754, 'hidden_continuous_size': 56, 'attention_head_size': 4, 'learning_rate': 0.001424344806925477}
Currently training: H43
Tuning has started for H43...
Tuning done! Best params for H43: 
{'gradient_clip_val': 0.7554063362993135, 'hidden_size': 18, 'dropout': 0.1587870217579318, 'hidden_continuous_size': 8, 'attention_head_size': 4, 'learning_rate': 0.002203560011322771}
Currently training: H44
Tuning has started for H44...
Tuning done! Best params for H44: 
{'gradient_clip_val': 0.33229854896136396, 'hidden_size': 6, 'dropout': 0.28897303063063673, 'hidden_continuous_size': 5, 'attention_head_size': 2, 'learning_rate': 0.001349410237897957}
Currently training: H45
Tuning has started for H45...
Tuning done! Best params for H45: 
{'gradient_clip_val': 0.1212769625049152, 'hidden_size': 65, 'dropout': 0.3765465103724551, 'hidden_continuous_size': 9, 'attention_head_size': 4, 'learning_rate': 0.015883550965658747}
Currently training: H46
Tuning has started for H46...
Tuning done! Best params for H46: 
{'gradient_clip_val': 0.18752014449122656, 'hidden_size': 110, 'dropout': 0.3719403992864061, 'hidden_continuous_size': 12, 'attention_head_size': 2, 'learning_rate': 0.006628592126544591}
Currently training: H47
Tuning has started for H47...
Tuning done! Best params for H47: 
{'gradient_clip_val': 0.35735012609303374, 'hidden_size': 5, 'dropout': 0.32386942284339726, 'hidden_continuous_size': 5, 'attention_head_size': 1, 'learning_rate': 0.0011758015486538866}
Currently training: H48
Tuning has started for H48...
Tuning done! Best params for H48: 
{'gradient_clip_val': 0.47510765353206147, 'hidden_size': 83, 'dropout': 0.4571548248102598, 'hidden_continuous_size': 16, 'attention_head_size': 3, 'learning_rate': 0.011182971883292685}
Currently training: H49
Tuning has started for H49...
Tuning done! Best params for H49: 
{'gradient_clip_val': 0.35335466941800664, 'hidden_size': 36, 'dropout': 0.1795817377865197, 'hidden_continuous_size': 7, 'attention_head_size': 1, 'learning_rate': 0.004746925391663378}
Currently training: H5
Tuning has started for H5...
Tuning done! Best params for H5: 
{'gradient_clip_val': 0.1818144759783618, 'hidden_size': 140, 'dropout': 0.2694935595037483, 'hidden_continuous_size': 33, 'attention_head_size': 4, 'learning_rate': 0.03337247928138777}
Currently training: H50
Tuning has started for H50...
Tuning done! Best params for H50: 
{'gradient_clip_val': 0.49813819815940913, 'hidden_size': 9, 'dropout': 0.26138983517925607, 'hidden_continuous_size': 7, 'attention_head_size': 4, 'learning_rate': 0.033012564109043255}
Currently training: H51
Tuning has started for H51...
Tuning done! Best params for H51: 
{'gradient_clip_val': 0.7178694373507611, 'hidden_size': 105, 'dropout': 0.45146893616149064, 'hidden_continuous_size': 32, 'attention_head_size': 3, 'learning_rate': 0.0740680913853611}
Currently training: H52
Tuning has started for H52...
Tuning done! Best params for H52: 
{'gradient_clip_val': 0.2517195067263203, 'hidden_size': 16, 'dropout': 0.41610003191136613, 'hidden_continuous_size': 5, 'attention_head_size': 4, 'learning_rate': 0.009288920042998286}
Currently training: H53
Tuning has started for H53...
Tuning done! Best params for H53: 
{'gradient_clip_val': 0.11667266379847327, 'hidden_size': 18, 'dropout': 0.19468202448558725, 'hidden_continuous_size': 15, 'attention_head_size': 3, 'learning_rate': 0.07188896297438206}
Currently training: H54
Tuning has started for H54...
Tuning done! Best params for H54: 
{'gradient_clip_val': 0.10933264531296984, 'hidden_size': 126, 'dropout': 0.369666636646067, 'hidden_continuous_size': 25, 'attention_head_size': 3, 'learning_rate': 0.008294415839299293}
Currently training: H55
Tuning has started for H55...
Tuning done! Best params for H55: 
{'gradient_clip_val': 0.14531550900029652, 'hidden_size': 22, 'dropout': 0.35475304377322203, 'hidden_continuous_size': 8, 'attention_head_size': 3, 'learning_rate': 0.02779112958434405}
Currently training: H56
Tuning has started for H56...
Tuning done! Best params for H56: 
{'gradient_clip_val': 0.38454485176498565, 'hidden_size': 5, 'dropout': 0.12707501596232573, 'hidden_continuous_size': 5, 'attention_head_size': 1, 'learning_rate': 0.09271301949148476}
Currently training: H57
Tuning has started for H57...
Tuning done! Best params for H57: 
{'gradient_clip_val': 0.6023535778927975, 'hidden_size': 16, 'dropout': 0.27187338338429057, 'hidden_continuous_size': 5, 'attention_head_size': 2, 'learning_rate': 0.0013745397341538446}
Currently training: H58
Tuning has started for H58...
Tuning done! Best params for H58: 
{'gradient_clip_val': 0.2675885643740828, 'hidden_size': 20, 'dropout': 0.33299018665854185, 'hidden_continuous_size': 11, 'attention_head_size': 3, 'learning_rate': 0.007988025893537526}
