

start job 10: 369
end job 10: 414
Currently training: H59
Tuning has started for H59...
Tuning done! Best params for H59: 
{'gradient_clip_val': 0.16223549473669013, 'hidden_size': 9, 'dropout': 0.26903355193395934, 'hidden_continuous_size': 7, 'attention_head_size': 4, 'learning_rate': 0.014946623671923016}
Currently training: H6
Tuning has started for H6...
Tuning done! Best params for H6: 
{'gradient_clip_val': 0.5212194098218677, 'hidden_size': 136, 'dropout': 0.4054991568982952, 'hidden_continuous_size': 130, 'attention_head_size': 3, 'learning_rate': 0.052500305285954514}
Currently training: H60
Tuning has started for H60...
Tuning done! Best params for H60: 
{'gradient_clip_val': 0.2071554418684773, 'hidden_size': 7, 'dropout': 0.3279777139763936, 'hidden_continuous_size': 6, 'attention_head_size': 3, 'learning_rate': 0.09259688825635205}
Currently training: H61
Tuning has started for H61...
Tuning done! Best params for H61: 
{'gradient_clip_val': 0.20217698457712194, 'hidden_size': 10, 'dropout': 0.3223423196774598, 'hidden_continuous_size': 6, 'attention_head_size': 3, 'learning_rate': 0.015492029551731209}
Currently training: H62
Tuning has started for H62...
Tuning done! Best params for H62: 
{'gradient_clip_val': 0.9358140025208153, 'hidden_size': 150, 'dropout': 0.49639587983350963, 'hidden_continuous_size': 137, 'attention_head_size': 3, 'learning_rate': 0.08052065903877748}
Currently training: H63
Tuning has started for H63...
Tuning done! Best params for H63: 
{'gradient_clip_val': 0.4248504038155689, 'hidden_size': 16, 'dropout': 0.16942903434765605, 'hidden_continuous_size': 7, 'attention_head_size': 1, 'learning_rate': 0.05646481918699824}
Currently training: H64
Tuning has started for H64...
Tuning done! Best params for H64: 
{'gradient_clip_val': 0.70182296172916, 'hidden_size': 40, 'dropout': 0.40448097111293146, 'hidden_continuous_size': 30, 'attention_head_size': 2, 'learning_rate': 0.0009439970457117735}
Currently training: H65
Tuning has started for H65...
Tuning done! Best params for H65: 
{'gradient_clip_val': 0.17617914382207508, 'hidden_size': 6, 'dropout': 0.3111566668300527, 'hidden_continuous_size': 5, 'attention_head_size': 4, 'learning_rate': 0.03639775943034987}
Currently training: H66
Tuning has started for H66...
Tuning done! Best params for H66: 
{'gradient_clip_val': 0.1161395393015278, 'hidden_size': 108, 'dropout': 0.37944890021742694, 'hidden_continuous_size': 70, 'attention_head_size': 4, 'learning_rate': 0.0406517143648427}
Currently training: H67
Tuning has started for H67...
Tuning done! Best params for H67: 
{'gradient_clip_val': 0.2512948221604126, 'hidden_size': 58, 'dropout': 0.47316112072084926, 'hidden_continuous_size': 28, 'attention_head_size': 4, 'learning_rate': 0.02104375341300465}
Currently training: H68
Tuning has started for H68...
Tuning done! Best params for H68: 
{'gradient_clip_val': 0.4596262901243068, 'hidden_size': 40, 'dropout': 0.39668411581539076, 'hidden_continuous_size': 7, 'attention_head_size': 1, 'learning_rate': 0.039654411245756714}
Currently training: H69
Tuning has started for H69...
Tuning done! Best params for H69: 
{'gradient_clip_val': 0.5754669835544474, 'hidden_size': 125, 'dropout': 0.354819078050326, 'hidden_continuous_size': 42, 'attention_head_size': 2, 'learning_rate': 0.02747033749624951}
Currently training: H7
Tuning has started for H7...
Tuning done! Best params for H7: 
{'gradient_clip_val': 0.21824773827976454, 'hidden_size': 79, 'dropout': 0.32830966250799387, 'hidden_continuous_size': 10, 'attention_head_size': 4, 'learning_rate': 0.005521870507616467}
Currently training: H70
Tuning has started for H70...
Tuning done! Best params for H70: 
{'gradient_clip_val': 0.2776373913813195, 'hidden_size': 7, 'dropout': 0.24708349326833662, 'hidden_continuous_size': 5, 'attention_head_size': 1, 'learning_rate': 0.008654792395688185}
Currently training: H71
Tuning has started for H71...
Tuning done! Best params for H71: 
{'gradient_clip_val': 0.28074862840571313, 'hidden_size': 6, 'dropout': 0.2711047891910437, 'hidden_continuous_size': 6, 'attention_head_size': 2, 'learning_rate': 0.009247474862966551}
Currently training: H72
Tuning has started for H72...
Tuning done! Best params for H72: 
{'gradient_clip_val': 0.6196257811883031, 'hidden_size': 52, 'dropout': 0.4325555382548758, 'hidden_continuous_size': 6, 'attention_head_size': 2, 'learning_rate': 0.0019542019627460596}
Currently training: H73
Tuning has started for H73...
Tuning done! Best params for H73: 
{'gradient_clip_val': 0.4176265136105035, 'hidden_size': 13, 'dropout': 0.3497499001779365, 'hidden_continuous_size': 7, 'attention_head_size': 1, 'learning_rate': 0.006633959267124068}
Currently training: H74
Tuning has started for H74...
Tuning done! Best params for H74: 
{'gradient_clip_val': 0.12282894967921955, 'hidden_size': 28, 'dropout': 0.3470861970906777, 'hidden_continuous_size': 17, 'attention_head_size': 4, 'learning_rate': 0.021005260371338663}
Currently training: H75
Tuning has started for H75...
Tuning done! Best params for H75: 
{'gradient_clip_val': 0.4859217526747825, 'hidden_size': 22, 'dropout': 0.25745796013415745, 'hidden_continuous_size': 9, 'attention_head_size': 1, 'learning_rate': 0.0006095213348619169}
Currently training: H76
Tuning has started for H76...
Tuning done! Best params for H76: 
{'gradient_clip_val': 0.13209536296329552, 'hidden_size': 16, 'dropout': 0.2163939771194535, 'hidden_continuous_size': 10, 'attention_head_size': 2, 'learning_rate': 0.009624279062380735}
Currently training: H77
Tuning has started for H77...
Tuning done! Best params for H77: 
{'gradient_clip_val': 0.5522218861271999, 'hidden_size': 64, 'dropout': 0.271110484354956, 'hidden_continuous_size': 16, 'attention_head_size': 4, 'learning_rate': 0.006205948447770769}
Currently training: H78
Tuning has started for H78...
Tuning done! Best params for H78: 
{'gradient_clip_val': 0.3634643005833203, 'hidden_size': 12, 'dropout': 0.24301017487044035, 'hidden_continuous_size': 5, 'attention_head_size': 4, 'learning_rate': 0.013130049231897185}
Currently training: H79
Tuning has started for H79...
Tuning done! Best params for H79: 
{'gradient_clip_val': 0.6651605332483735, 'hidden_size': 5, 'dropout': 0.2562952882902534, 'hidden_continuous_size': 5, 'attention_head_size': 3, 'learning_rate': 0.02619360714954115}
Currently training: H8
Tuning has started for H8...
Tuning done! Best params for H8: 
{'gradient_clip_val': 0.1665952200942594, 'hidden_size': 14, 'dropout': 0.15674932837225103, 'hidden_continuous_size': 7, 'attention_head_size': 1, 'learning_rate': 0.000840306352566339}
Currently training: H80
Tuning has started for H80...
Tuning done! Best params for H80: 
{'gradient_clip_val': 0.5528592548690048, 'hidden_size': 24, 'dropout': 0.42973731086918454, 'hidden_continuous_size': 9, 'attention_head_size': 2, 'learning_rate': 0.08166223168307973}
Currently training: H81
Tuning has started for H81...
Tuning done! Best params for H81: 
{'gradient_clip_val': 0.7559503671518264, 'hidden_size': 27, 'dropout': 0.27005689606822686, 'hidden_continuous_size': 5, 'attention_head_size': 3, 'learning_rate': 0.0029939599339135715}
Currently training: H82
Tuning has started for H82...
Tuning done! Best params for H82: 
{'gradient_clip_val': 0.1741060942817253, 'hidden_size': 99, 'dropout': 0.257066110803683, 'hidden_continuous_size': 5, 'attention_head_size': 2, 'learning_rate': 0.0012459173020595371}
Currently training: H83
Tuning has started for H83...
Tuning done! Best params for H83: 
{'gradient_clip_val': 0.3611434767624285, 'hidden_size': 114, 'dropout': 0.3465327827238267, 'hidden_continuous_size': 29, 'attention_head_size': 4, 'learning_rate': 0.011896460451283283}
Currently training: H84
Tuning has started for H84...
Tuning done! Best params for H84: 
{'gradient_clip_val': 0.6026109917105833, 'hidden_size': 31, 'dropout': 0.26185434913921257, 'hidden_continuous_size': 20, 'attention_head_size': 3, 'learning_rate': 0.0008658470411370723}
Currently training: H85
Tuning has started for H85...
Tuning done! Best params for H85: 
{'gradient_clip_val': 0.401169217305059, 'hidden_size': 94, 'dropout': 0.4158145021558146, 'hidden_continuous_size': 13, 'attention_head_size': 1, 'learning_rate': 0.07230792411968845}
Currently training: H86
Tuning has started for H86...
Tuning done! Best params for H86: 
{'gradient_clip_val': 0.3063997121770001, 'hidden_size': 10, 'dropout': 0.49245713948817305, 'hidden_continuous_size': 6, 'attention_head_size': 1, 'learning_rate': 0.004057227932338531}
Currently training: H87
Tuning has started for H87...
Tuning done! Best params for H87: 
{'gradient_clip_val': 0.26509829171967, 'hidden_size': 26, 'dropout': 0.3911757680240301, 'hidden_continuous_size': 7, 'attention_head_size': 3, 'learning_rate': 0.0008958937168480198}
Currently training: H88
Tuning has started for H88...
Tuning done! Best params for H88: 
{'gradient_clip_val': 0.3593816765221214, 'hidden_size': 123, 'dropout': 0.1821377671479565, 'hidden_continuous_size': 97, 'attention_head_size': 3, 'learning_rate': 0.03974261818458653}
Currently training: H89
Tuning has started for H89...
Tuning done! Best params for H89: 
{'gradient_clip_val': 0.22819272977697713, 'hidden_size': 12, 'dropout': 0.12046983354826626, 'hidden_continuous_size': 8, 'attention_head_size': 3, 'learning_rate': 0.002980210096764585}
Currently training: H9
Tuning has started for H9...
Tuning done! Best params for H9: 
{'gradient_clip_val': 0.14546072452981443, 'hidden_size': 64, 'dropout': 0.22881579873824848, 'hidden_continuous_size': 9, 'attention_head_size': 4, 'learning_rate': 0.006239870832699756}
Currently training: H90
Tuning has started for H90...
Tuning done! Best params for H90: 
{'gradient_clip_val': 0.8482685972952851, 'hidden_size': 84, 'dropout': 0.4910716965509151, 'hidden_continuous_size': 15, 'attention_head_size': 2, 'learning_rate': 0.0005024658895651549}
Currently training: H91
Tuning has started for H91...
Tuning done! Best params for H91: 
{'gradient_clip_val': 0.32600692856853786, 'hidden_size': 134, 'dropout': 0.31279953099790625, 'hidden_continuous_size': 13, 'attention_head_size': 4, 'learning_rate': 0.05904535234495738}
Currently training: H92
Tuning has started for H92...
Tuning done! Best params for H92: 
{'gradient_clip_val': 0.3247881914719982, 'hidden_size': 5, 'dropout': 0.4635725855288798, 'hidden_continuous_size': 5, 'attention_head_size': 2, 'learning_rate': 0.0008355001818976125}
Currently training: H93
Tuning has started for H93...
Tuning done! Best params for H93: 
{'gradient_clip_val': 0.6070563374604521, 'hidden_size': 17, 'dropout': 0.36197106485339237, 'hidden_continuous_size': 6, 'attention_head_size': 4, 'learning_rate': 0.041674810392488354}
Currently training: H94
Tuning has started for H94...
Tuning done! Best params for H94: 
{'gradient_clip_val': 0.7988167879664307, 'hidden_size': 80, 'dropout': 0.4340060469265302, 'hidden_continuous_size': 7, 'attention_head_size': 3, 'learning_rate': 0.001244137481269937}
Currently training: H95
Tuning has started for H95...
Tuning done! Best params for H95: 
{'gradient_clip_val': 0.6493701537924553, 'hidden_size': 7, 'dropout': 0.22659776585926414, 'hidden_continuous_size': 5, 'attention_head_size': 1, 'learning_rate': 0.016640925445830505}
Currently training: H96
Tuning has started for H96...
Tuning done! Best params for H96: 
{'gradient_clip_val': 0.47051598077636014, 'hidden_size': 133, 'dropout': 0.3192037552886794, 'hidden_continuous_size': 106, 'attention_head_size': 3, 'learning_rate': 0.071566989861585}
Currently training: H97
Tuning has started for H97...
Tuning done! Best params for H97: 
{'gradient_clip_val': 0.8238581271610312, 'hidden_size': 19, 'dropout': 0.2745516112231233, 'hidden_continuous_size': 7, 'attention_head_size': 4, 'learning_rate': 0.023299772262130262}
Currently training: H98
Tuning has started for H98...
Tuning done! Best params for H98: 
{'gradient_clip_val': 0.5736149396303762, 'hidden_size': 37, 'dropout': 0.4693662999694349, 'hidden_continuous_size': 12, 'attention_head_size': 2, 'learning_rate': 0.0444788898878665}
Currently training: H99
Tuning has started for H99...
Tuning done! Best params for H99: 
{'gradient_clip_val': 0.9834599886578701, 'hidden_size': 134, 'dropout': 0.37032992046123014, 'hidden_continuous_size': 14, 'attention_head_size': 1, 'learning_rate': 0.0009753340442965161}
