

start job 9: 328
end job 9: 369
Currently training: H395
Tuning has started for H395...
Tuning done! Best params for H395: 
{'gradient_clip_val': 0.15416621192366423, 'hidden_size': 24, 'dropout': 0.3064232895353148, 'hidden_continuous_size': 12, 'attention_head_size': 3, 'learning_rate': 0.0007707466456103932}
Currently training: H396
Tuning has started for H396...
Tuning done! Best params for H396: 
{'gradient_clip_val': 0.1365715659859624, 'hidden_size': 38, 'dropout': 0.2719435640954223, 'hidden_continuous_size': 12, 'attention_head_size': 4, 'learning_rate': 0.0011503246500810817}
Currently training: H397
Tuning has started for H397...
Tuning done! Best params for H397: 
{'gradient_clip_val': 0.1003253585902288, 'hidden_size': 6, 'dropout': 0.3381021445201788, 'hidden_continuous_size': 5, 'attention_head_size': 3, 'learning_rate': 0.005691989593069368}
Currently training: H398
Tuning has started for H398...
Tuning done! Best params for H398: 
{'gradient_clip_val': 0.6239736798355175, 'hidden_size': 8, 'dropout': 0.10083848276529929, 'hidden_continuous_size': 6, 'attention_head_size': 3, 'learning_rate': 0.002330409209193734}
Currently training: H399
Tuning has started for H399...
Tuning done! Best params for H399: 
{'gradient_clip_val': 0.2574145429511892, 'hidden_size': 13, 'dropout': 0.1560636691650861, 'hidden_continuous_size': 7, 'attention_head_size': 2, 'learning_rate': 0.016210068627431132}
Currently training: H4
Tuning has started for H4...
Tuning done! Best params for H4: 
{'gradient_clip_val': 0.13722492506838715, 'hidden_size': 11, 'dropout': 0.2112347472335936, 'hidden_continuous_size': 5, 'attention_head_size': 1, 'learning_rate': 0.0018016627575936223}
Currently training: H40
Tuning has started for H40...
Tuning done! Best params for H40: 
{'gradient_clip_val': 0.15280109513129075, 'hidden_size': 30, 'dropout': 0.26813707343425647, 'hidden_continuous_size': 12, 'attention_head_size': 3, 'learning_rate': 0.001634637762696614}
Currently training: H400
Tuning has started for H400...
Tuning done! Best params for H400: 
{'gradient_clip_val': 0.6224024793882598, 'hidden_size': 16, 'dropout': 0.23133203141770667, 'hidden_continuous_size': 8, 'attention_head_size': 2, 'learning_rate': 0.00544207090961694}
Currently training: H401
Tuning has started for H401...
Tuning done! Best params for H401: 
{'gradient_clip_val': 0.10014480029966787, 'hidden_size': 22, 'dropout': 0.11646825362491514, 'hidden_continuous_size': 9, 'attention_head_size': 3, 'learning_rate': 0.0006121393775858105}
Currently training: H402
Tuning has started for H402...
Tuning done! Best params for H402: 
{'gradient_clip_val': 0.15494864364283742, 'hidden_size': 51, 'dropout': 0.3051088293933424, 'hidden_continuous_size': 48, 'attention_head_size': 3, 'learning_rate': 0.0005334641147702857}
Currently training: H403
Tuning has started for H403...
Tuning done! Best params for H403: 
{'gradient_clip_val': 0.12703859781423432, 'hidden_size': 14, 'dropout': 0.10706924308868147, 'hidden_continuous_size': 5, 'attention_head_size': 2, 'learning_rate': 0.0022222700281519683}
Currently training: H404
Tuning has started for H404...
Tuning done! Best params for H404: 
{'gradient_clip_val': 0.7239604855236041, 'hidden_size': 26, 'dropout': 0.3668754492751096, 'hidden_continuous_size': 8, 'attention_head_size': 3, 'learning_rate': 0.009454867790765615}
Currently training: H405
Tuning has started for H405...
Tuning done! Best params for H405: 
{'gradient_clip_val': 0.2821887563305277, 'hidden_size': 7, 'dropout': 0.20416055784552906, 'hidden_continuous_size': 5, 'attention_head_size': 3, 'learning_rate': 0.041560369629256064}
Currently training: H406
Tuning has started for H406...
Tuning done! Best params for H406: 
{'gradient_clip_val': 0.6657274215907756, 'hidden_size': 17, 'dropout': 0.2960611257118521, 'hidden_continuous_size': 10, 'attention_head_size': 1, 'learning_rate': 0.012473751266842794}
Currently training: H407
Tuning has started for H407...
Tuning done! Best params for H407: 
{'gradient_clip_val': 0.1039173898703482, 'hidden_size': 14, 'dropout': 0.10643567384753107, 'hidden_continuous_size': 8, 'attention_head_size': 1, 'learning_rate': 0.004162142176535374}
Currently training: H408
Tuning has started for H408...
Tuning done! Best params for H408: 
{'gradient_clip_val': 0.8749676779333324, 'hidden_size': 15, 'dropout': 0.36699646374291556, 'hidden_continuous_size': 6, 'attention_head_size': 4, 'learning_rate': 0.012378510170993994}
Currently training: H409
Tuning has started for H409...
Tuning done! Best params for H409: 
{'gradient_clip_val': 0.2260187199676983, 'hidden_size': 61, 'dropout': 0.2404871490279539, 'hidden_continuous_size': 24, 'attention_head_size': 2, 'learning_rate': 0.0005642928948529113}
Currently training: H41
Tuning has started for H41...
Tuning done! Best params for H41: 
{'gradient_clip_val': 0.9440083528360502, 'hidden_size': 31, 'dropout': 0.14016783822192103, 'hidden_continuous_size': 14, 'attention_head_size': 2, 'learning_rate': 0.003516843017674873}
Currently training: H410
Tuning has started for H410...
Tuning done! Best params for H410: 
{'gradient_clip_val': 0.1001736404309924, 'hidden_size': 13, 'dropout': 0.3003788631761274, 'hidden_continuous_size': 6, 'attention_head_size': 4, 'learning_rate': 0.0419883235090827}
Currently training: H411
Tuning has started for H411...
Tuning done! Best params for H411: 
{'gradient_clip_val': 0.30156097976793356, 'hidden_size': 54, 'dropout': 0.3534629705287579, 'hidden_continuous_size': 15, 'attention_head_size': 1, 'learning_rate': 0.014914302401715828}
Currently training: H412
Tuning has started for H412...
Tuning done! Best params for H412: 
{'gradient_clip_val': 0.10234799096149387, 'hidden_size': 31, 'dropout': 0.1773010528826628, 'hidden_continuous_size': 11, 'attention_head_size': 2, 'learning_rate': 0.09394681189013572}
Currently training: H413
Tuning has started for H413...
Tuning done! Best params for H413: 
{'gradient_clip_val': 0.26334425863919997, 'hidden_size': 22, 'dropout': 0.3475602407942879, 'hidden_continuous_size': 9, 'attention_head_size': 3, 'learning_rate': 0.0007331043598138705}
Currently training: H414
Tuning has started for H414...
Tuning done! Best params for H414: 
{'gradient_clip_val': 0.3433276930978846, 'hidden_size': 5, 'dropout': 0.32430064039004797, 'hidden_continuous_size': 5, 'attention_head_size': 1, 'learning_rate': 0.0473928814921223}
Currently training: H42
Tuning has started for H42...
Tuning done! Best params for H42: 
{'gradient_clip_val': 0.4580985193034075, 'hidden_size': 58, 'dropout': 0.3646561802232091, 'hidden_continuous_size': 37, 'attention_head_size': 3, 'learning_rate': 0.020492007328938376}
Currently training: H43
Tuning has started for H43...
Tuning done! Best params for H43: 
{'gradient_clip_val': 0.7867129685685464, 'hidden_size': 63, 'dropout': 0.3284467196966317, 'hidden_continuous_size': 21, 'attention_head_size': 2, 'learning_rate': 0.0006509823772111423}
Currently training: H44
Tuning has started for H44...
Tuning done! Best params for H44: 
{'gradient_clip_val': 0.2568313359483971, 'hidden_size': 60, 'dropout': 0.3689470417964343, 'hidden_continuous_size': 9, 'attention_head_size': 2, 'learning_rate': 0.0007028498298424432}
Currently training: H45
Tuning has started for H45...
Tuning done! Best params for H45: 
{'gradient_clip_val': 0.38242939824349476, 'hidden_size': 9, 'dropout': 0.217768530386642, 'hidden_continuous_size': 5, 'attention_head_size': 3, 'learning_rate': 0.0037990311370498216}
Currently training: H46
Tuning has started for H46...
Tuning done! Best params for H46: 
{'gradient_clip_val': 0.6493059215006043, 'hidden_size': 42, 'dropout': 0.33681782440674096, 'hidden_continuous_size': 9, 'attention_head_size': 1, 'learning_rate': 0.022042435370105314}
Currently training: H47
Tuning has started for H47...
Tuning done! Best params for H47: 
{'gradient_clip_val': 0.9543733544491227, 'hidden_size': 56, 'dropout': 0.15592626182090652, 'hidden_continuous_size': 52, 'attention_head_size': 3, 'learning_rate': 0.014542155164648282}
Currently training: H48
Tuning has started for H48...
Tuning done! Best params for H48: 
{'gradient_clip_val': 0.22911815867880497, 'hidden_size': 21, 'dropout': 0.3613329774989509, 'hidden_continuous_size': 12, 'attention_head_size': 2, 'learning_rate': 0.0015198921918997137}
Currently training: H49
Tuning has started for H49...
Tuning done! Best params for H49: 
{'gradient_clip_val': 0.386996720887943, 'hidden_size': 14, 'dropout': 0.357854928917356, 'hidden_continuous_size': 6, 'attention_head_size': 1, 'learning_rate': 0.0017864271618804252}
Currently training: H5
Tuning has started for H5...
Tuning done! Best params for H5: 
{'gradient_clip_val': 0.17445909972389506, 'hidden_size': 66, 'dropout': 0.33128627655348986, 'hidden_continuous_size': 17, 'attention_head_size': 1, 'learning_rate': 0.00940520884504079}
Currently training: H50
Tuning has started for H50...
Tuning done! Best params for H50: 
{'gradient_clip_val': 0.32312926024725985, 'hidden_size': 31, 'dropout': 0.27001083888806143, 'hidden_continuous_size': 11, 'attention_head_size': 3, 'learning_rate': 0.0013808439073422457}
Currently training: H51
Tuning has started for H51...
Tuning done! Best params for H51: 
{'gradient_clip_val': 0.14996493489196336, 'hidden_size': 13, 'dropout': 0.22429224839301642, 'hidden_continuous_size': 7, 'attention_head_size': 4, 'learning_rate': 0.0034980557464757036}
Currently training: H52
Tuning has started for H52...
Tuning done! Best params for H52: 
{'gradient_clip_val': 0.1551545291333373, 'hidden_size': 20, 'dropout': 0.20761924955459615, 'hidden_continuous_size': 9, 'attention_head_size': 4, 'learning_rate': 0.002519124057372699}
Currently training: H53
Tuning has started for H53...
Tuning done! Best params for H53: 
{'gradient_clip_val': 0.14269196074156024, 'hidden_size': 16, 'dropout': 0.3053878793801975, 'hidden_continuous_size': 8, 'attention_head_size': 1, 'learning_rate': 0.002830478826808573}
Currently training: H54
Tuning has started for H54...
Tuning done! Best params for H54: 
{'gradient_clip_val': 0.11047896557484356, 'hidden_size': 13, 'dropout': 0.2550547761306165, 'hidden_continuous_size': 5, 'attention_head_size': 4, 'learning_rate': 0.0013853424742195297}
Currently training: H55
Tuning has started for H55...
Tuning done! Best params for H55: 
{'gradient_clip_val': 0.13397153650937077, 'hidden_size': 63, 'dropout': 0.23650892910893476, 'hidden_continuous_size': 11, 'attention_head_size': 3, 'learning_rate': 0.001440212176027744}
Currently training: H56
Tuning has started for H56...
Tuning done! Best params for H56: 
{'gradient_clip_val': 0.7939724325469496, 'hidden_size': 40, 'dropout': 0.23759461823450664, 'hidden_continuous_size': 16, 'attention_head_size': 3, 'learning_rate': 0.0005779834477069602}
Currently training: H57
Tuning has started for H57...
Tuning done! Best params for H57: 
{'gradient_clip_val': 0.2868138660725306, 'hidden_size': 42, 'dropout': 0.32527663040774846, 'hidden_continuous_size': 33, 'attention_head_size': 3, 'learning_rate': 0.0011449416510626372}
Currently training: H58
Tuning has started for H58...
Tuning done! Best params for H58: 
{'gradient_clip_val': 0.3972861662796087, 'hidden_size': 10, 'dropout': 0.3413083451696714, 'hidden_continuous_size': 8, 'attention_head_size': 3, 'learning_rate': 0.06686906684254618}
