

start job 6: 205
end job 6: 246
Currently training: H284
Tuning has started for H284...
Tuning done! Best params for H284: 
{'gradient_clip_val': 0.5735512360479469, 'hidden_size': 65, 'dropout': 0.3632288710532968, 'hidden_continuous_size': 11, 'attention_head_size': 3, 'learning_rate': 0.0028637993841708668}
Currently training: H285
Tuning has started for H285...
Tuning done! Best params for H285: 
{'gradient_clip_val': 0.15749680044860376, 'hidden_size': 106, 'dropout': 0.14809121456019392, 'hidden_continuous_size': 52, 'attention_head_size': 1, 'learning_rate': 0.06399810181492846}
Currently training: H286
Tuning has started for H286...
Tuning done! Best params for H286: 
{'gradient_clip_val': 0.14086059650259664, 'hidden_size': 134, 'dropout': 0.2132779024881047, 'hidden_continuous_size': 16, 'attention_head_size': 1, 'learning_rate': 0.02489329298296417}
Currently training: H287
Tuning has started for H287...
Tuning done! Best params for H287: 
{'gradient_clip_val': 0.21896212326184578, 'hidden_size': 35, 'dropout': 0.2978574371218218, 'hidden_continuous_size': 6, 'attention_head_size': 2, 'learning_rate': 0.0011072556049229081}
Currently training: H288
Tuning has started for H288...
Tuning done! Best params for H288: 
{'gradient_clip_val': 0.11576164383656923, 'hidden_size': 45, 'dropout': 0.39819232915102387, 'hidden_continuous_size': 10, 'attention_head_size': 1, 'learning_rate': 0.042469704984541036}
Currently training: H289
Tuning has started for H289...
Tuning done! Best params for H289: 
{'gradient_clip_val': 0.25964887947455106, 'hidden_size': 41, 'dropout': 0.23980404457633392, 'hidden_continuous_size': 10, 'attention_head_size': 1, 'learning_rate': 0.05736645999876035}
Currently training: H29
Tuning has started for H29...
Tuning done! Best params for H29: 
{'gradient_clip_val': 0.1669844424507349, 'hidden_size': 21, 'dropout': 0.40751710085340365, 'hidden_continuous_size': 8, 'attention_head_size': 2, 'learning_rate': 0.028186150774783196}
Currently training: H290
Tuning has started for H290...
Tuning done! Best params for H290: 
{'gradient_clip_val': 0.28734272710569103, 'hidden_size': 15, 'dropout': 0.4831182291917073, 'hidden_continuous_size': 15, 'attention_head_size': 2, 'learning_rate': 0.025969141199220704}
Currently training: H291
Tuning has started for H291...
Tuning done! Best params for H291: 
{'gradient_clip_val': 0.6353622955065653, 'hidden_size': 40, 'dropout': 0.3611839907640222, 'hidden_continuous_size': 21, 'attention_head_size': 4, 'learning_rate': 0.0025094745859380774}
Currently training: H292
Tuning has started for H292...
Tuning done! Best params for H292: 
{'gradient_clip_val': 0.31122450781794947, 'hidden_size': 85, 'dropout': 0.45284420300202577, 'hidden_continuous_size': 18, 'attention_head_size': 2, 'learning_rate': 0.02238609329642413}
Currently training: H293
Tuning has started for H293...
Tuning done! Best params for H293: 
{'gradient_clip_val': 0.2933804696356485, 'hidden_size': 6, 'dropout': 0.3216727502204204, 'hidden_continuous_size': 5, 'attention_head_size': 4, 'learning_rate': 0.09015885516678002}
Currently training: H294
Tuning has started for H294...
Tuning done! Best params for H294: 
{'gradient_clip_val': 0.8273075439101737, 'hidden_size': 69, 'dropout': 0.4088121685464019, 'hidden_continuous_size': 33, 'attention_head_size': 4, 'learning_rate': 0.010358976845502079}
Currently training: H295
Tuning has started for H295...
Tuning done! Best params for H295: 
{'gradient_clip_val': 0.15324980740111752, 'hidden_size': 8, 'dropout': 0.19019802757870724, 'hidden_continuous_size': 5, 'attention_head_size': 4, 'learning_rate': 0.043030155893669576}
Currently training: H296
Tuning has started for H296...
Tuning done! Best params for H296: 
{'gradient_clip_val': 0.7638218827781605, 'hidden_size': 26, 'dropout': 0.35693712225261487, 'hidden_continuous_size': 11, 'attention_head_size': 1, 'learning_rate': 0.036450342948029305}
Currently training: H297
Tuning has started for H297...
Tuning done! Best params for H297: 
{'gradient_clip_val': 0.9547173922168393, 'hidden_size': 111, 'dropout': 0.3909994927113464, 'hidden_continuous_size': 53, 'attention_head_size': 3, 'learning_rate': 0.000506616493230825}
Currently training: H298
Tuning has started for H298...
Tuning done! Best params for H298: 
{'gradient_clip_val': 0.15505046100608677, 'hidden_size': 95, 'dropout': 0.48976903960292717, 'hidden_continuous_size': 91, 'attention_head_size': 2, 'learning_rate': 0.0007091919879188916}
Currently training: H299
Tuning has started for H299...
Tuning done! Best params for H299: 
{'gradient_clip_val': 0.10298848348563071, 'hidden_size': 80, 'dropout': 0.42622777267212264, 'hidden_continuous_size': 17, 'attention_head_size': 2, 'learning_rate': 0.002820236103172141}
Currently training: H3
Tuning has started for H3...
Tuning done! Best params for H3: 
{'gradient_clip_val': 0.7110289144847555, 'hidden_size': 39, 'dropout': 0.40746173342661296, 'hidden_continuous_size': 8, 'attention_head_size': 1, 'learning_rate': 0.007221829237082745}
Currently training: H30
Tuning has started for H30...
Tuning done! Best params for H30: 
{'gradient_clip_val': 0.7728731572682438, 'hidden_size': 92, 'dropout': 0.22413444522458656, 'hidden_continuous_size': 37, 'attention_head_size': 2, 'learning_rate': 0.022834675778915577}
Currently training: H300
Tuning has started for H300...
Tuning done! Best params for H300: 
{'gradient_clip_val': 0.43275488822551145, 'hidden_size': 12, 'dropout': 0.25713764663018523, 'hidden_continuous_size': 10, 'attention_head_size': 2, 'learning_rate': 0.03317789467362804}
Currently training: H301
Tuning has started for H301...
Tuning done! Best params for H301: 
{'gradient_clip_val': 0.14230119560086474, 'hidden_size': 18, 'dropout': 0.4516534060894941, 'hidden_continuous_size': 5, 'attention_head_size': 4, 'learning_rate': 0.024971047142547907}
Currently training: H302
Tuning has started for H302...
Tuning done! Best params for H302: 
{'gradient_clip_val': 0.3632521426876964, 'hidden_size': 5, 'dropout': 0.40855130677393736, 'hidden_continuous_size': 5, 'attention_head_size': 2, 'learning_rate': 0.020379657433631317}
Currently training: H303
Tuning has started for H303...
Tuning done! Best params for H303: 
{'gradient_clip_val': 0.3330609888404671, 'hidden_size': 29, 'dropout': 0.4306559981849404, 'hidden_continuous_size': 28, 'attention_head_size': 4, 'learning_rate': 0.002448785672355498}
Currently training: H304
Tuning has started for H304...
Tuning done! Best params for H304: 
{'gradient_clip_val': 0.8698127531269992, 'hidden_size': 87, 'dropout': 0.39651459270131084, 'hidden_continuous_size': 20, 'attention_head_size': 1, 'learning_rate': 0.0005159724211486984}
Currently training: H305
Tuning has started for H305...
Tuning done! Best params for H305: 
{'gradient_clip_val': 0.5035686133761994, 'hidden_size': 110, 'dropout': 0.3598542595019659, 'hidden_continuous_size': 83, 'attention_head_size': 1, 'learning_rate': 0.00828525374576828}
Currently training: H306
Tuning has started for H306...
Tuning done! Best params for H306: 
{'gradient_clip_val': 0.10879935138510333, 'hidden_size': 86, 'dropout': 0.15464531611486365, 'hidden_continuous_size': 12, 'attention_head_size': 4, 'learning_rate': 0.0036715652253706877}
Currently training: H307
Tuning has started for H307...
Tuning done! Best params for H307: 
{'gradient_clip_val': 0.4317948426749931, 'hidden_size': 74, 'dropout': 0.4251555326501433, 'hidden_continuous_size': 56, 'attention_head_size': 3, 'learning_rate': 0.039197168294894474}
Currently training: H308
Tuning has started for H308...
Tuning done! Best params for H308: 
{'gradient_clip_val': 0.8434777008989656, 'hidden_size': 55, 'dropout': 0.3046964989090227, 'hidden_continuous_size': 46, 'attention_head_size': 2, 'learning_rate': 0.0029071126962988978}
Currently training: H309
Tuning has started for H309...
Tuning done! Best params for H309: 
{'gradient_clip_val': 0.46055389073927006, 'hidden_size': 100, 'dropout': 0.14564988701100512, 'hidden_continuous_size': 89, 'attention_head_size': 3, 'learning_rate': 0.003699807683325372}
Currently training: H31
Tuning has started for H31...
Tuning done! Best params for H31: 
{'gradient_clip_val': 0.2919401340869999, 'hidden_size': 53, 'dropout': 0.11143858212016947, 'hidden_continuous_size': 5, 'attention_head_size': 4, 'learning_rate': 0.0007066356000180483}
Currently training: H310
Tuning has started for H310...
Tuning done! Best params for H310: 
{'gradient_clip_val': 0.15651235905346947, 'hidden_size': 6, 'dropout': 0.30073532737853875, 'hidden_continuous_size': 6, 'attention_head_size': 1, 'learning_rate': 0.019638356310183253}
Currently training: H311
Tuning has started for H311...
Tuning done! Best params for H311: 
{'gradient_clip_val': 0.1963521802679053, 'hidden_size': 90, 'dropout': 0.23295130600798478, 'hidden_continuous_size': 54, 'attention_head_size': 4, 'learning_rate': 0.0006237046303783754}
Currently training: H312
Tuning has started for H312...
Tuning done! Best params for H312: 
{'gradient_clip_val': 0.15354243931592332, 'hidden_size': 9, 'dropout': 0.2887414693287674, 'hidden_continuous_size': 6, 'attention_head_size': 3, 'learning_rate': 0.0278346938640493}
Currently training: H313
Tuning has started for H313...
Tuning done! Best params for H313: 
{'gradient_clip_val': 0.5275551904793256, 'hidden_size': 22, 'dropout': 0.4792134049679929, 'hidden_continuous_size': 14, 'attention_head_size': 3, 'learning_rate': 0.01159657267806261}
Currently training: H314
Tuning has started for H314...
Tuning done! Best params for H314: 
{'gradient_clip_val': 0.8940052837736662, 'hidden_size': 68, 'dropout': 0.13313450883324857, 'hidden_continuous_size': 9, 'attention_head_size': 2, 'learning_rate': 0.056269752703016485}
Currently training: H315
Tuning has started for H315...
Tuning done! Best params for H315: 
{'gradient_clip_val': 0.16950004897455853, 'hidden_size': 33, 'dropout': 0.19560530385763136, 'hidden_continuous_size': 25, 'attention_head_size': 4, 'learning_rate': 0.008596671349134822}
Currently training: H316
Tuning has started for H316...
Tuning done! Best params for H316: 
{'gradient_clip_val': 0.2022523073000795, 'hidden_size': 18, 'dropout': 0.4838701664279875, 'hidden_continuous_size': 7, 'attention_head_size': 1, 'learning_rate': 0.0023129449017779517}
Currently training: H317
Tuning has started for H317...
Tuning done! Best params for H317: 
{'gradient_clip_val': 0.14395070819192288, 'hidden_size': 14, 'dropout': 0.37613943216785684, 'hidden_continuous_size': 6, 'attention_head_size': 2, 'learning_rate': 0.0715677199297469}
Currently training: H318
Tuning has started for H318...
Tuning done! Best params for H318: 
{'gradient_clip_val': 0.161685252092171, 'hidden_size': 30, 'dropout': 0.232950651220433, 'hidden_continuous_size': 11, 'attention_head_size': 2, 'learning_rate': 0.0052704003882027076}
Currently training: H319
Tuning has started for H319...
Tuning done! Best params for H319: 
{'gradient_clip_val': 0.7540172520918046, 'hidden_size': 112, 'dropout': 0.3433471717254265, 'hidden_continuous_size': 8, 'attention_head_size': 4, 'learning_rate': 0.0007035093119749756}
Currently training: H32
Tuning has started for H32...
Tuning done! Best params for H32: 
{'gradient_clip_val': 0.25842463702637364, 'hidden_size': 8, 'dropout': 0.22942006457063063, 'hidden_continuous_size': 6, 'attention_head_size': 3, 'learning_rate': 0.06837438607485681}
