

start job 3: 82
end job 3: 123
Currently training: H173
Tuning has started for H173...
Tuning done! Best params for H173: 
{'gradient_clip_val': 0.4784137694535347, 'hidden_size': 24, 'dropout': 0.11126907599666515, 'hidden_continuous_size': 18, 'attention_head_size': 4, 'learning_rate': 0.07577679356543086}
Currently training: H174
Tuning has started for H174...
Tuning done! Best params for H174: 
{'gradient_clip_val': 0.2285033858388402, 'hidden_size': 37, 'dropout': 0.1694932516600831, 'hidden_continuous_size': 29, 'attention_head_size': 4, 'learning_rate': 0.0017734395813621081}
Currently training: H175
Tuning has started for H175...
Tuning done! Best params for H175: 
{'gradient_clip_val': 0.9661696244062067, 'hidden_size': 31, 'dropout': 0.20914615295348926, 'hidden_continuous_size': 14, 'attention_head_size': 2, 'learning_rate': 0.013881789318810739}
Currently training: H176
Tuning has started for H176...
Tuning done! Best params for H176: 
{'gradient_clip_val': 0.8633045526208528, 'hidden_size': 46, 'dropout': 0.1410945203759918, 'hidden_continuous_size': 39, 'attention_head_size': 2, 'learning_rate': 0.006786096360661009}
Currently training: H177
Tuning has started for H177...
Tuning done! Best params for H177: 
{'gradient_clip_val': 0.16459487264394537, 'hidden_size': 12, 'dropout': 0.34260268429894697, 'hidden_continuous_size': 9, 'attention_head_size': 3, 'learning_rate': 0.00931691040412668}
Currently training: H178
Tuning has started for H178...
Tuning done! Best params for H178: 
{'gradient_clip_val': 0.3282512018554407, 'hidden_size': 37, 'dropout': 0.33925000788315707, 'hidden_continuous_size': 24, 'attention_head_size': 3, 'learning_rate': 0.03024495936152103}
Currently training: H179
Tuning has started for H179...
Tuning done! Best params for H179: 
{'gradient_clip_val': 0.9737825175908105, 'hidden_size': 26, 'dropout': 0.2730311882717278, 'hidden_continuous_size': 9, 'attention_head_size': 3, 'learning_rate': 0.038573754365191365}
Currently training: H18
Tuning has started for H18...
Tuning done! Best params for H18: 
{'gradient_clip_val': 0.1589430136294456, 'hidden_size': 82, 'dropout': 0.2008364051807627, 'hidden_continuous_size': 68, 'attention_head_size': 2, 'learning_rate': 0.08107303663691667}
Currently training: H180
Tuning has started for H180...
Tuning done! Best params for H180: 
{'gradient_clip_val': 0.24744175959825063, 'hidden_size': 56, 'dropout': 0.18613038786160646, 'hidden_continuous_size': 13, 'attention_head_size': 4, 'learning_rate': 0.037344190895709735}
Currently training: H181
Tuning has started for H181...
Tuning done! Best params for H181: 
{'gradient_clip_val': 0.14327247423678136, 'hidden_size': 5, 'dropout': 0.2836840766031335, 'hidden_continuous_size': 5, 'attention_head_size': 1, 'learning_rate': 0.08718406038977025}
Currently training: H182
Tuning has started for H182...
Tuning done! Best params for H182: 
{'gradient_clip_val': 0.20933945694695594, 'hidden_size': 10, 'dropout': 0.1832907659737815, 'hidden_continuous_size': 6, 'attention_head_size': 2, 'learning_rate': 0.017299147739392815}
Currently training: H183
Tuning has started for H183...
Tuning done! Best params for H183: 
{'gradient_clip_val': 0.8252979442851269, 'hidden_size': 11, 'dropout': 0.35762625413501525, 'hidden_continuous_size': 7, 'attention_head_size': 3, 'learning_rate': 0.0169988225533382}
Currently training: H184
Tuning has started for H184...
Tuning done! Best params for H184: 
{'gradient_clip_val': 0.5015429532766368, 'hidden_size': 53, 'dropout': 0.1986300963238373, 'hidden_continuous_size': 20, 'attention_head_size': 1, 'learning_rate': 0.010690724613965832}
Currently training: H185
Tuning has started for H185...
Tuning done! Best params for H185: 
{'gradient_clip_val': 0.5834424160775157, 'hidden_size': 8, 'dropout': 0.23530284214627104, 'hidden_continuous_size': 7, 'attention_head_size': 1, 'learning_rate': 0.04178571818265291}
Currently training: H186
Tuning has started for H186...
Tuning done! Best params for H186: 
{'gradient_clip_val': 0.10045541428015702, 'hidden_size': 35, 'dropout': 0.1374856655892892, 'hidden_continuous_size': 20, 'attention_head_size': 2, 'learning_rate': 0.002911135231023113}
Currently training: H187
Tuning has started for H187...
Tuning done! Best params for H187: 
{'gradient_clip_val': 0.1968631664109557, 'hidden_size': 30, 'dropout': 0.21624290813214525, 'hidden_continuous_size': 12, 'attention_head_size': 2, 'learning_rate': 0.009479382884717814}
Currently training: H188
Tuning has started for H188...
Tuning done! Best params for H188: 
{'gradient_clip_val': 0.429655450004223, 'hidden_size': 55, 'dropout': 0.3267428625184462, 'hidden_continuous_size': 31, 'attention_head_size': 4, 'learning_rate': 0.03538403388003692}
Currently training: H189
Tuning has started for H189...
Tuning done! Best params for H189: 
{'gradient_clip_val': 0.16975178091604726, 'hidden_size': 80, 'dropout': 0.22794732939026247, 'hidden_continuous_size': 79, 'attention_head_size': 1, 'learning_rate': 0.007836016396731803}
Currently training: H19
Tuning has started for H19...
Tuning done! Best params for H19: 
{'gradient_clip_val': 0.2289508194595864, 'hidden_size': 48, 'dropout': 0.3933660792146618, 'hidden_continuous_size': 42, 'attention_head_size': 2, 'learning_rate': 0.03543407064731222}
Currently training: H190
Tuning has started for H190...
Tuning done! Best params for H190: 
{'gradient_clip_val': 0.3749676125115808, 'hidden_size': 61, 'dropout': 0.1257681664877678, 'hidden_continuous_size': 29, 'attention_head_size': 2, 'learning_rate': 0.022779337346322242}
Currently training: H191
Tuning has started for H191...
Tuning done! Best params for H191: 
{'gradient_clip_val': 0.3443867849771144, 'hidden_size': 78, 'dropout': 0.3766899022492245, 'hidden_continuous_size': 34, 'attention_head_size': 2, 'learning_rate': 0.011602981575577495}
Currently training: H192
Tuning has started for H192...
Tuning done! Best params for H192: 
{'gradient_clip_val': 0.10236076669399018, 'hidden_size': 30, 'dropout': 0.18213535836107336, 'hidden_continuous_size': 8, 'attention_head_size': 4, 'learning_rate': 0.00967009045298655}
Currently training: H193
Tuning has started for H193...
Tuning done! Best params for H193: 
{'gradient_clip_val': 0.335810854675128, 'hidden_size': 21, 'dropout': 0.2649233951841053, 'hidden_continuous_size': 17, 'attention_head_size': 2, 'learning_rate': 0.006772573908517878}
Currently training: H194
Tuning has started for H194...
Tuning done! Best params for H194: 
{'gradient_clip_val': 0.9469387638126469, 'hidden_size': 41, 'dropout': 0.3090241154750477, 'hidden_continuous_size': 25, 'attention_head_size': 3, 'learning_rate': 0.00948977195864996}
Currently training: H195
Tuning has started for H195...
Tuning done! Best params for H195: 
{'gradient_clip_val': 0.14086696527856038, 'hidden_size': 46, 'dropout': 0.12314913637269298, 'hidden_continuous_size': 24, 'attention_head_size': 4, 'learning_rate': 0.06028044293141956}
Currently training: H196
Tuning has started for H196...
Tuning done! Best params for H196: 
{'gradient_clip_val': 0.9876969858824225, 'hidden_size': 30, 'dropout': 0.35756766358483916, 'hidden_continuous_size': 9, 'attention_head_size': 1, 'learning_rate': 0.09734445904255634}
Currently training: H197
Tuning has started for H197...
Tuning done! Best params for H197: 
{'gradient_clip_val': 0.4910912293884085, 'hidden_size': 6, 'dropout': 0.280366588017301, 'hidden_continuous_size': 5, 'attention_head_size': 2, 'learning_rate': 0.0796383562862357}
Currently training: H198
Tuning has started for H198...
Tuning done! Best params for H198: 
{'gradient_clip_val': 0.7609010785012259, 'hidden_size': 34, 'dropout': 0.22513581986121534, 'hidden_continuous_size': 15, 'attention_head_size': 3, 'learning_rate': 0.011024829691852023}
Currently training: H199
Tuning has started for H199...
Tuning done! Best params for H199: 
{'gradient_clip_val': 0.42724719579474935, 'hidden_size': 33, 'dropout': 0.3248914580858294, 'hidden_continuous_size': 11, 'attention_head_size': 2, 'learning_rate': 0.02241281052483602}
Currently training: H2
Tuning has started for H2...
Tuning done! Best params for H2: 
{'gradient_clip_val': 0.159135151079735, 'hidden_size': 10, 'dropout': 0.2702077666008993, 'hidden_continuous_size': 8, 'attention_head_size': 4, 'learning_rate': 0.059434874959113114}
Currently training: H20
Tuning has started for H20...
Tuning done! Best params for H20: 
{'gradient_clip_val': 0.8668342165278957, 'hidden_size': 5, 'dropout': 0.2922919878837887, 'hidden_continuous_size': 5, 'attention_head_size': 2, 'learning_rate': 0.036107324373202}
Currently training: H200
Tuning has started for H200...
Tuning done! Best params for H200: 
{'gradient_clip_val': 0.4539452532296985, 'hidden_size': 14, 'dropout': 0.1539535101750375, 'hidden_continuous_size': 6, 'attention_head_size': 3, 'learning_rate': 0.01675866783037378}
Currently training: H201
Tuning has started for H201...
Tuning done! Best params for H201: 
{'gradient_clip_val': 0.1261907345287094, 'hidden_size': 11, 'dropout': 0.14668759894175437, 'hidden_continuous_size': 6, 'attention_head_size': 2, 'learning_rate': 0.018731540112620734}
Currently training: H202
Tuning has started for H202...
Tuning done! Best params for H202: 
{'gradient_clip_val': 0.2915462554713138, 'hidden_size': 95, 'dropout': 0.2050466658944425, 'hidden_continuous_size': 89, 'attention_head_size': 3, 'learning_rate': 0.010441139946449273}
Currently training: H203
Tuning has started for H203...
Tuning done! Best params for H203: 
{'gradient_clip_val': 0.5587803789011863, 'hidden_size': 13, 'dropout': 0.3380744745674069, 'hidden_continuous_size': 7, 'attention_head_size': 1, 'learning_rate': 0.020212832163866032}
Currently training: H204
Tuning has started for H204...
Tuning done! Best params for H204: 
{'gradient_clip_val': 0.7215226113897781, 'hidden_size': 25, 'dropout': 0.10060980355965507, 'hidden_continuous_size': 13, 'attention_head_size': 2, 'learning_rate': 0.0037961513792909417}
Currently training: H205
Tuning has started for H205...
Tuning done! Best params for H205: 
{'gradient_clip_val': 0.36361876866081116, 'hidden_size': 69, 'dropout': 0.2305023296895874, 'hidden_continuous_size': 6, 'attention_head_size': 4, 'learning_rate': 0.012870296036272813}
Currently training: H206
Tuning has started for H206...
Tuning done! Best params for H206: 
{'gradient_clip_val': 0.42337633037044275, 'hidden_size': 6, 'dropout': 0.3414921790350984, 'hidden_continuous_size': 6, 'attention_head_size': 4, 'learning_rate': 0.07738215357786178}
Currently training: H207
Tuning has started for H207...
Tuning done! Best params for H207: 
{'gradient_clip_val': 0.2361850152864083, 'hidden_size': 24, 'dropout': 0.14210275420889296, 'hidden_continuous_size': 11, 'attention_head_size': 3, 'learning_rate': 0.016224605187036563}
Currently training: H208
Tuning has started for H208...
Tuning done! Best params for H208: 
{'gradient_clip_val': 0.4809005939419548, 'hidden_size': 18, 'dropout': 0.39185184825460356, 'hidden_continuous_size': 6, 'attention_head_size': 3, 'learning_rate': 0.06925648071288297}
Currently training: H209
Tuning has started for H209...
Tuning done! Best params for H209: 
{'gradient_clip_val': 0.29956162410509235, 'hidden_size': 17, 'dropout': 0.30972781522617454, 'hidden_continuous_size': 7, 'attention_head_size': 1, 'learning_rate': 0.012688591068600435}
