

start job 5: 164
end job 5: 205
Currently training: H247
Tuning has started for H247...
Tuning done! Best params for H247: 
{'gradient_clip_val': 0.9719261463770275, 'hidden_size': 11, 'dropout': 0.24045050130644202, 'hidden_continuous_size': 10, 'attention_head_size': 2, 'learning_rate': 0.009771748399575248}
Currently training: H248
Tuning has started for H248...
Tuning done! Best params for H248: 
{'gradient_clip_val': 0.9081334390769867, 'hidden_size': 138, 'dropout': 0.19953712547329638, 'hidden_continuous_size': 5, 'attention_head_size': 1, 'learning_rate': 0.0439839792551718}
Currently training: H249
Tuning has started for H249...
Tuning done! Best params for H249: 
{'gradient_clip_val': 0.25725469811099394, 'hidden_size': 26, 'dropout': 0.12542036937635803, 'hidden_continuous_size': 14, 'attention_head_size': 3, 'learning_rate': 0.0007608736109187585}
Currently training: H25
Tuning has started for H25...
Tuning done! Best params for H25: 
{'gradient_clip_val': 0.43228141236818113, 'hidden_size': 17, 'dropout': 0.46852009960006014, 'hidden_continuous_size': 17, 'attention_head_size': 3, 'learning_rate': 0.00169749289367321}
Currently training: H250
Tuning has started for H250...
Tuning done! Best params for H250: 
{'gradient_clip_val': 0.3083079171907235, 'hidden_size': 134, 'dropout': 0.430019101796162, 'hidden_continuous_size': 43, 'attention_head_size': 3, 'learning_rate': 0.004799882233495742}
Currently training: H251
Tuning has started for H251...
Tuning done! Best params for H251: 
{'gradient_clip_val': 0.3736771225270533, 'hidden_size': 11, 'dropout': 0.4063783301771141, 'hidden_continuous_size': 5, 'attention_head_size': 1, 'learning_rate': 0.0016142551603942003}
Currently training: H252
Tuning has started for H252...
Tuning done! Best params for H252: 
{'gradient_clip_val': 0.6564766931600746, 'hidden_size': 37, 'dropout': 0.20126375449678824, 'hidden_continuous_size': 22, 'attention_head_size': 4, 'learning_rate': 0.013189461860917196}
Currently training: H253
Tuning has started for H253...
Tuning done! Best params for H253: 
{'gradient_clip_val': 0.4659093947552902, 'hidden_size': 92, 'dropout': 0.3221314477814923, 'hidden_continuous_size': 7, 'attention_head_size': 2, 'learning_rate': 0.009117927574919282}
Currently training: H254
Tuning has started for H254...
Tuning done! Best params for H254: 
{'gradient_clip_val': 0.1268173850597446, 'hidden_size': 13, 'dropout': 0.2291490450436153, 'hidden_continuous_size': 5, 'attention_head_size': 1, 'learning_rate': 0.03670998572074157}
Currently training: H255
Tuning has started for H255...
Tuning done! Best params for H255: 
{'gradient_clip_val': 0.10303801889723971, 'hidden_size': 139, 'dropout': 0.2727595043525951, 'hidden_continuous_size': 15, 'attention_head_size': 3, 'learning_rate': 0.008170879395014355}
Currently training: H256
Tuning has started for H256...
Tuning done! Best params for H256: 
{'gradient_clip_val': 0.11187717584204211, 'hidden_size': 15, 'dropout': 0.29037047565614826, 'hidden_continuous_size': 12, 'attention_head_size': 4, 'learning_rate': 0.021447641683312958}
Currently training: H257
Tuning has started for H257...
Tuning done! Best params for H257: 
{'gradient_clip_val': 0.25735650163930157, 'hidden_size': 15, 'dropout': 0.11940840441188955, 'hidden_continuous_size': 11, 'attention_head_size': 2, 'learning_rate': 0.002596091316337464}
Currently training: H258
Tuning has started for H258...
Tuning done! Best params for H258: 
{'gradient_clip_val': 0.48645550423632233, 'hidden_size': 19, 'dropout': 0.37411209011784596, 'hidden_continuous_size': 11, 'attention_head_size': 2, 'learning_rate': 0.017754463660022902}
Currently training: H259
Tuning has started for H259...
Tuning done! Best params for H259: 
{'gradient_clip_val': 0.12231554219178704, 'hidden_size': 101, 'dropout': 0.15629980802562532, 'hidden_continuous_size': 60, 'attention_head_size': 2, 'learning_rate': 0.0008529224815781207}
Currently training: H26
Tuning has started for H26...
Tuning done! Best params for H26: 
{'gradient_clip_val': 0.514408553646361, 'hidden_size': 23, 'dropout': 0.3757044491433943, 'hidden_continuous_size': 12, 'attention_head_size': 3, 'learning_rate': 0.01759948942941571}
Currently training: H260
Tuning has started for H260...
Tuning done! Best params for H260: 
{'gradient_clip_val': 0.167843792832276, 'hidden_size': 16, 'dropout': 0.25097005583497045, 'hidden_continuous_size': 6, 'attention_head_size': 3, 'learning_rate': 0.05926472281808955}
Currently training: H261
Tuning has started for H261...
Tuning done! Best params for H261: 
{'gradient_clip_val': 0.1316310385879584, 'hidden_size': 52, 'dropout': 0.24906418423397364, 'hidden_continuous_size': 34, 'attention_head_size': 4, 'learning_rate': 0.029931712315687017}
Currently training: H262
Tuning has started for H262...
Tuning done! Best params for H262: 
{'gradient_clip_val': 0.4223708872477681, 'hidden_size': 74, 'dropout': 0.3786036300547829, 'hidden_continuous_size': 36, 'attention_head_size': 3, 'learning_rate': 0.04241694054918611}
Currently training: H263
Tuning has started for H263...
Tuning done! Best params for H263: 
{'gradient_clip_val': 0.2624445489608487, 'hidden_size': 40, 'dropout': 0.3820646493162897, 'hidden_continuous_size': 5, 'attention_head_size': 1, 'learning_rate': 0.06927756251098913}
Currently training: H264
Tuning has started for H264...
Tuning done! Best params for H264: 
{'gradient_clip_val': 0.9706781432291925, 'hidden_size': 12, 'dropout': 0.23458967575518358, 'hidden_continuous_size': 10, 'attention_head_size': 3, 'learning_rate': 0.002546371419765575}
Currently training: H265
Tuning has started for H265...
Tuning done! Best params for H265: 
{'gradient_clip_val': 0.5612933838695646, 'hidden_size': 5, 'dropout': 0.48753678122374056, 'hidden_continuous_size': 5, 'attention_head_size': 4, 'learning_rate': 0.028337427029013092}
Currently training: H266
Tuning has started for H266...
Tuning done! Best params for H266: 
{'gradient_clip_val': 0.3764019802096409, 'hidden_size': 50, 'dropout': 0.46223406931748123, 'hidden_continuous_size': 20, 'attention_head_size': 3, 'learning_rate': 0.0007846098975353485}
Currently training: H267
Tuning has started for H267...
Tuning done! Best params for H267: 
{'gradient_clip_val': 0.2707853631498322, 'hidden_size': 34, 'dropout': 0.4236682620629941, 'hidden_continuous_size': 17, 'attention_head_size': 2, 'learning_rate': 0.0005234219410036765}
Currently training: H268
Tuning has started for H268...
Tuning done! Best params for H268: 
{'gradient_clip_val': 0.11644949089547815, 'hidden_size': 18, 'dropout': 0.2948385340991967, 'hidden_continuous_size': 11, 'attention_head_size': 3, 'learning_rate': 0.0014960628251437472}
Currently training: H269
Tuning has started for H269...
Tuning done! Best params for H269: 
{'gradient_clip_val': 0.48654783612861596, 'hidden_size': 27, 'dropout': 0.19962960257508722, 'hidden_continuous_size': 11, 'attention_head_size': 4, 'learning_rate': 0.0038531297355766992}
Currently training: H27
Tuning has started for H27...
Tuning done! Best params for H27: 
{'gradient_clip_val': 0.18716980149682375, 'hidden_size': 9, 'dropout': 0.11308127035308582, 'hidden_continuous_size': 8, 'attention_head_size': 1, 'learning_rate': 0.009204686035800103}
Currently training: H270
Tuning has started for H270...
Tuning done! Best params for H270: 
{'gradient_clip_val': 0.2528236920817081, 'hidden_size': 18, 'dropout': 0.30032361460955614, 'hidden_continuous_size': 16, 'attention_head_size': 1, 'learning_rate': 0.07460350942872045}
Currently training: H271
Tuning has started for H271...
Tuning done! Best params for H271: 
{'gradient_clip_val': 0.32541137253189345, 'hidden_size': 5, 'dropout': 0.21430814606774884, 'hidden_continuous_size': 5, 'attention_head_size': 3, 'learning_rate': 0.01617381124412449}
Currently training: H272
Tuning has started for H272...
Tuning done! Best params for H272: 
{'gradient_clip_val': 0.5827155732192029, 'hidden_size': 128, 'dropout': 0.3205124783992148, 'hidden_continuous_size': 103, 'attention_head_size': 2, 'learning_rate': 0.053198126592413235}
Currently training: H273
Tuning has started for H273...
Tuning done! Best params for H273: 
{'gradient_clip_val': 0.6856188389238836, 'hidden_size': 5, 'dropout': 0.31031408428485374, 'hidden_continuous_size': 5, 'attention_head_size': 4, 'learning_rate': 0.056528087930785065}
Currently training: H274
Tuning has started for H274...
Tuning done! Best params for H274: 
{'gradient_clip_val': 0.1546731440144293, 'hidden_size': 57, 'dropout': 0.13459179699459922, 'hidden_continuous_size': 28, 'attention_head_size': 4, 'learning_rate': 0.034040931132234636}
Currently training: H275
Tuning has started for H275...
Tuning done! Best params for H275: 
{'gradient_clip_val': 0.31684696249431793, 'hidden_size': 62, 'dropout': 0.30266514072748985, 'hidden_continuous_size': 11, 'attention_head_size': 4, 'learning_rate': 0.0045631675710919705}
Currently training: H276
Tuning has started for H276...
Tuning done! Best params for H276: 
{'gradient_clip_val': 0.10869772838569032, 'hidden_size': 18, 'dropout': 0.4936086958988558, 'hidden_continuous_size': 14, 'attention_head_size': 4, 'learning_rate': 0.002510983476992802}
Currently training: H277
Tuning has started for H277...
Tuning done! Best params for H277: 
{'gradient_clip_val': 0.30376388302666074, 'hidden_size': 96, 'dropout': 0.4619651457410351, 'hidden_continuous_size': 53, 'attention_head_size': 3, 'learning_rate': 0.010621899437990405}
Currently training: H278
Tuning has started for H278...
Tuning done! Best params for H278: 
{'gradient_clip_val': 0.17341064951254748, 'hidden_size': 20, 'dropout': 0.4735243000978345, 'hidden_continuous_size': 7, 'attention_head_size': 3, 'learning_rate': 0.003988980084289293}
Currently training: H279
Tuning has started for H279...
Tuning done! Best params for H279: 
{'gradient_clip_val': 0.24314492270166008, 'hidden_size': 17, 'dropout': 0.1757858381861632, 'hidden_continuous_size': 14, 'attention_head_size': 4, 'learning_rate': 0.09489262839142083}
Currently training: H28
Tuning has started for H28...
Tuning done! Best params for H28: 
{'gradient_clip_val': 0.18292359729013957, 'hidden_size': 41, 'dropout': 0.394896383319676, 'hidden_continuous_size': 27, 'attention_head_size': 1, 'learning_rate': 0.0023578097737104488}
Currently training: H280
Tuning has started for H280...
Tuning done! Best params for H280: 
{'gradient_clip_val': 0.978407611486154, 'hidden_size': 11, 'dropout': 0.47068296037609936, 'hidden_continuous_size': 9, 'attention_head_size': 1, 'learning_rate': 0.027368023777868546}
Currently training: H281
Tuning has started for H281...
Tuning done! Best params for H281: 
{'gradient_clip_val': 0.1433929926521794, 'hidden_size': 45, 'dropout': 0.21849629623262798, 'hidden_continuous_size': 27, 'attention_head_size': 4, 'learning_rate': 0.07101605992812961}
Currently training: H282
Tuning has started for H282...
Tuning done! Best params for H282: 
{'gradient_clip_val': 0.5137911202865596, 'hidden_size': 10, 'dropout': 0.15740188285406853, 'hidden_continuous_size': 7, 'attention_head_size': 4, 'learning_rate': 0.017358739832311978}
Currently training: H283
Tuning has started for H283...
Tuning done! Best params for H283: 
{'gradient_clip_val': 0.39484944282701734, 'hidden_size': 7, 'dropout': 0.48705464653126884, 'hidden_continuous_size': 7, 'attention_head_size': 2, 'learning_rate': 0.008092443258607175}
