

start job 7: 246
end job 7: 287
Currently training: H320
Tuning has started for H320...
Tuning done! Best params for H320: 
{'gradient_clip_val': 0.1344054388549319, 'hidden_size': 81, 'dropout': 0.13350720319935278, 'hidden_continuous_size': 34, 'attention_head_size': 3, 'learning_rate': 0.003195897939162447}
Currently training: H321
Tuning has started for H321...
Tuning done! Best params for H321: 
{'gradient_clip_val': 0.8299407212402817, 'hidden_size': 137, 'dropout': 0.12307123422397895, 'hidden_continuous_size': 45, 'attention_head_size': 2, 'learning_rate': 0.001470217973665919}
Currently training: H322
Tuning has started for H322...
Tuning done! Best params for H322: 
{'gradient_clip_val': 0.4474308578630919, 'hidden_size': 123, 'dropout': 0.4236644763206918, 'hidden_continuous_size': 55, 'attention_head_size': 4, 'learning_rate': 0.02768996423829071}
Currently training: H323
Tuning has started for H323...
Tuning done! Best params for H323: 
{'gradient_clip_val': 0.14338670783833732, 'hidden_size': 30, 'dropout': 0.4102717473214046, 'hidden_continuous_size': 23, 'attention_head_size': 1, 'learning_rate': 0.0137318494384676}
Currently training: H324
Tuning has started for H324...
Tuning done! Best params for H324: 
{'gradient_clip_val': 0.13202514973760934, 'hidden_size': 27, 'dropout': 0.2675263374837311, 'hidden_continuous_size': 23, 'attention_head_size': 2, 'learning_rate': 0.00297728529617514}
Currently training: H325
Tuning has started for H325...
Tuning done! Best params for H325: 
{'gradient_clip_val': 0.1762883316490422, 'hidden_size': 28, 'dropout': 0.27595701035793696, 'hidden_continuous_size': 24, 'attention_head_size': 3, 'learning_rate': 0.001411594340429616}
Currently training: H326
Tuning has started for H326...
Tuning done! Best params for H326: 
{'gradient_clip_val': 0.6929253620379718, 'hidden_size': 128, 'dropout': 0.12456713091020695, 'hidden_continuous_size': 87, 'attention_head_size': 4, 'learning_rate': 0.02428164117966221}
Currently training: H327
Tuning has started for H327...
Tuning done! Best params for H327: 
{'gradient_clip_val': 0.6425613858341604, 'hidden_size': 34, 'dropout': 0.3820975697297201, 'hidden_continuous_size': 8, 'attention_head_size': 4, 'learning_rate': 0.09173899056402376}
Currently training: H328
Tuning has started for H328...
Tuning done! Best params for H328: 
{'gradient_clip_val': 0.586216334245648, 'hidden_size': 80, 'dropout': 0.4529825997871796, 'hidden_continuous_size': 25, 'attention_head_size': 4, 'learning_rate': 0.008788909248286531}
Currently training: H329
Tuning has started for H329...
Tuning done! Best params for H329: 
{'gradient_clip_val': 0.9797079226377641, 'hidden_size': 14, 'dropout': 0.13147199382102387, 'hidden_continuous_size': 7, 'attention_head_size': 4, 'learning_rate': 0.0346333824830592}
Currently training: H33
Tuning has started for H33...
Tuning done! Best params for H33: 
{'gradient_clip_val': 0.16160038279314073, 'hidden_size': 129, 'dropout': 0.40710089600028987, 'hidden_continuous_size': 37, 'attention_head_size': 4, 'learning_rate': 0.0005419934794935258}
Currently training: H330
Tuning has started for H330...
Tuning done! Best params for H330: 
{'gradient_clip_val': 0.16722180208179824, 'hidden_size': 66, 'dropout': 0.3578655568215845, 'hidden_continuous_size': 47, 'attention_head_size': 3, 'learning_rate': 0.0008044710195305553}
Currently training: H331
Tuning has started for H331...
Tuning done! Best params for H331: 
{'gradient_clip_val': 0.27698904124657403, 'hidden_size': 15, 'dropout': 0.38971520000705884, 'hidden_continuous_size': 14, 'attention_head_size': 4, 'learning_rate': 0.00058088658170189}
Currently training: H332
Tuning has started for H332...
Tuning done! Best params for H332: 
{'gradient_clip_val': 0.1708692964870348, 'hidden_size': 9, 'dropout': 0.19076928957869208, 'hidden_continuous_size': 8, 'attention_head_size': 3, 'learning_rate': 0.02621956128050741}
Currently training: H333
Tuning has started for H333...
Tuning done! Best params for H333: 
{'gradient_clip_val': 0.2551610710605203, 'hidden_size': 16, 'dropout': 0.28914218481192144, 'hidden_continuous_size': 7, 'attention_head_size': 3, 'learning_rate': 0.07043959551071072}
Currently training: H334
Tuning has started for H334...
Tuning done! Best params for H334: 
{'gradient_clip_val': 0.7859487722517883, 'hidden_size': 45, 'dropout': 0.41022220957273603, 'hidden_continuous_size': 7, 'attention_head_size': 4, 'learning_rate': 0.002769514217348121}
Currently training: H335
Tuning has started for H335...
Tuning done! Best params for H335: 
{'gradient_clip_val': 0.5416233543498307, 'hidden_size': 36, 'dropout': 0.13413261669332327, 'hidden_continuous_size': 24, 'attention_head_size': 1, 'learning_rate': 0.018104143681039162}
Currently training: H336
Tuning has started for H336...
Tuning done! Best params for H336: 
{'gradient_clip_val': 0.12100032882569764, 'hidden_size': 43, 'dropout': 0.4936670757439513, 'hidden_continuous_size': 6, 'attention_head_size': 3, 'learning_rate': 0.0006599521722000705}
Currently training: H337
Tuning has started for H337...
Tuning done! Best params for H337: 
{'gradient_clip_val': 0.7763554248649753, 'hidden_size': 93, 'dropout': 0.45333842527218393, 'hidden_continuous_size': 26, 'attention_head_size': 4, 'learning_rate': 0.0005792047531541589}
Currently training: H338
Tuning has started for H338...
Tuning done! Best params for H338: 
{'gradient_clip_val': 0.22629756424241565, 'hidden_size': 13, 'dropout': 0.17158495252876743, 'hidden_continuous_size': 10, 'attention_head_size': 4, 'learning_rate': 0.02452905289000407}
Currently training: H339
Tuning has started for H339...
Tuning done! Best params for H339: 
{'gradient_clip_val': 0.11621133718120817, 'hidden_size': 28, 'dropout': 0.23632575008728202, 'hidden_continuous_size': 7, 'attention_head_size': 4, 'learning_rate': 0.007892002471463263}
Currently training: H34
Tuning has started for H34...
Tuning done! Best params for H34: 
{'gradient_clip_val': 0.2959576129307461, 'hidden_size': 12, 'dropout': 0.2831982285839436, 'hidden_continuous_size': 5, 'attention_head_size': 3, 'learning_rate': 0.00339909541900548}
Currently training: H340
Tuning has started for H340...
Tuning done! Best params for H340: 
{'gradient_clip_val': 0.30838677220815297, 'hidden_size': 11, 'dropout': 0.43016325568212466, 'hidden_continuous_size': 11, 'attention_head_size': 2, 'learning_rate': 0.005048429067113567}
Currently training: H341
Tuning has started for H341...
Tuning done! Best params for H341: 
{'gradient_clip_val': 0.3539214830637079, 'hidden_size': 53, 'dropout': 0.4395765398207292, 'hidden_continuous_size': 5, 'attention_head_size': 1, 'learning_rate': 0.005127738846145199}
Currently training: H342
Tuning has started for H342...
Tuning done! Best params for H342: 
{'gradient_clip_val': 0.18486089377979217, 'hidden_size': 26, 'dropout': 0.34795665964395367, 'hidden_continuous_size': 24, 'attention_head_size': 3, 'learning_rate': 0.0006553780816025364}
Currently training: H343
Tuning has started for H343...
Tuning done! Best params for H343: 
{'gradient_clip_val': 0.308223107484084, 'hidden_size': 23, 'dropout': 0.20701991061808034, 'hidden_continuous_size': 5, 'attention_head_size': 3, 'learning_rate': 0.001442914624305328}
Currently training: H344
Tuning has started for H344...
Tuning done! Best params for H344: 
{'gradient_clip_val': 0.2562137963845824, 'hidden_size': 17, 'dropout': 0.3586024390418434, 'hidden_continuous_size': 9, 'attention_head_size': 3, 'learning_rate': 0.0021453525322783335}
Currently training: H345
Tuning has started for H345...
Tuning done! Best params for H345: 
{'gradient_clip_val': 0.25440630386720353, 'hidden_size': 21, 'dropout': 0.15176848477293642, 'hidden_continuous_size': 9, 'attention_head_size': 2, 'learning_rate': 0.0030203539413268194}
Currently training: H346
Tuning has started for H346...
Tuning done! Best params for H346: 
{'gradient_clip_val': 0.17581374666123992, 'hidden_size': 139, 'dropout': 0.4446925641748277, 'hidden_continuous_size': 8, 'attention_head_size': 1, 'learning_rate': 0.0005017546408136823}
Currently training: H347
Tuning has started for H347...
Tuning done! Best params for H347: 
{'gradient_clip_val': 0.412067505315974, 'hidden_size': 30, 'dropout': 0.1359855315754341, 'hidden_continuous_size': 7, 'attention_head_size': 3, 'learning_rate': 0.0006497667246129879}
Currently training: H348
Tuning has started for H348...
Tuning done! Best params for H348: 
{'gradient_clip_val': 0.18296641312338244, 'hidden_size': 9, 'dropout': 0.3318097646131839, 'hidden_continuous_size': 5, 'attention_head_size': 1, 'learning_rate': 0.003030615867743014}
Currently training: H349
Tuning has started for H349...
Tuning done! Best params for H349: 
{'gradient_clip_val': 0.8852067781342018, 'hidden_size': 13, 'dropout': 0.28280026757135196, 'hidden_continuous_size': 9, 'attention_head_size': 3, 'learning_rate': 0.033695553707006824}
Currently training: H35
Tuning has started for H35...
Tuning done! Best params for H35: 
{'gradient_clip_val': 0.6469859107394844, 'hidden_size': 20, 'dropout': 0.2997918320452142, 'hidden_continuous_size': 14, 'attention_head_size': 1, 'learning_rate': 0.07579310511047724}
Currently training: H350
Tuning has started for H350...
Tuning done! Best params for H350: 
{'gradient_clip_val': 0.9344091676688598, 'hidden_size': 27, 'dropout': 0.3056337086168347, 'hidden_continuous_size': 6, 'attention_head_size': 1, 'learning_rate': 0.0030040389969832023}
Currently training: H351
Tuning has started for H351...
Tuning done! Best params for H351: 
{'gradient_clip_val': 0.10234950709042794, 'hidden_size': 5, 'dropout': 0.3733395973924074, 'hidden_continuous_size': 5, 'attention_head_size': 3, 'learning_rate': 0.027020951853698277}
Currently training: H352
Tuning has started for H352...
Tuning done! Best params for H352: 
{'gradient_clip_val': 0.3286242618577162, 'hidden_size': 32, 'dropout': 0.42387014047055105, 'hidden_continuous_size': 9, 'attention_head_size': 3, 'learning_rate': 0.0014321096303987822}
Currently training: H353
Tuning has started for H353...
Tuning done! Best params for H353: 
{'gradient_clip_val': 0.2412907398720651, 'hidden_size': 29, 'dropout': 0.2739531192367768, 'hidden_continuous_size': 21, 'attention_head_size': 1, 'learning_rate': 0.09603652880042163}
Currently training: H354
Tuning has started for H354...
Tuning done! Best params for H354: 
{'gradient_clip_val': 0.1097407126879213, 'hidden_size': 8, 'dropout': 0.16025633941722106, 'hidden_continuous_size': 5, 'attention_head_size': 1, 'learning_rate': 0.016021044902122736}
Currently training: H355
Tuning has started for H355...
Tuning done! Best params for H355: 
{'gradient_clip_val': 0.10096178614064906, 'hidden_size': 17, 'dropout': 0.44255055176555147, 'hidden_continuous_size': 15, 'attention_head_size': 2, 'learning_rate': 0.009465917223294915}
Currently training: H356
Tuning has started for H356...
Tuning done! Best params for H356: 
{'gradient_clip_val': 0.5637563349225018, 'hidden_size': 94, 'dropout': 0.43290080221384536, 'hidden_continuous_size': 18, 'attention_head_size': 1, 'learning_rate': 0.05998595804138464}
Currently training: H357
Tuning has started for H357...
Tuning done! Best params for H357: 
{'gradient_clip_val': 0.17442271510209678, 'hidden_size': 74, 'dropout': 0.2210253911445217, 'hidden_continuous_size': 29, 'attention_head_size': 3, 'learning_rate': 0.018891977074552858}
