

start job 2: 41
end job 2: 82
Currently training: H136
Tuning has started for H136...
Tuning done! Best params for H136: 
{'gradient_clip_val': 0.5929844468949578, 'hidden_size': 5, 'dropout': 0.148272644146155, 'hidden_continuous_size': 5, 'attention_head_size': 3, 'learning_rate': 0.0006509118505892754}
Currently training: H137
Tuning has started for H137...
Tuning done! Best params for H137: 
{'gradient_clip_val': 0.8843227390024098, 'hidden_size': 9, 'dropout': 0.25657783974478043, 'hidden_continuous_size': 5, 'attention_head_size': 4, 'learning_rate': 0.023984670108585154}
Currently training: H138
Tuning has started for H138...
Tuning done! Best params for H138: 
{'gradient_clip_val': 0.4630635250638341, 'hidden_size': 6, 'dropout': 0.28102505028411984, 'hidden_continuous_size': 5, 'attention_head_size': 3, 'learning_rate': 0.01858675457536448}
Currently training: H139
Tuning has started for H139...
Tuning done! Best params for H139: 
{'gradient_clip_val': 0.842457059396105, 'hidden_size': 42, 'dropout': 0.41978181800716563, 'hidden_continuous_size': 33, 'attention_head_size': 4, 'learning_rate': 0.08418878155304063}
Currently training: H14
Tuning has started for H14...
Tuning done! Best params for H14: 
{'gradient_clip_val': 0.14348403336433152, 'hidden_size': 119, 'dropout': 0.2882905334196296, 'hidden_continuous_size': 56, 'attention_head_size': 4, 'learning_rate': 0.054164928533728354}
Currently training: H140
Tuning has started for H140...
Tuning done! Best params for H140: 
{'gradient_clip_val': 0.17241740446198892, 'hidden_size': 21, 'dropout': 0.2191417138620294, 'hidden_continuous_size': 11, 'attention_head_size': 3, 'learning_rate': 0.016633278993326218}
Currently training: H141
Tuning has started for H141...
Tuning done! Best params for H141: 
{'gradient_clip_val': 0.1317893699935373, 'hidden_size': 103, 'dropout': 0.35658317272042406, 'hidden_continuous_size': 57, 'attention_head_size': 1, 'learning_rate': 0.008536641554934714}
Currently training: H142
Tuning has started for H142...
Tuning done! Best params for H142: 
{'gradient_clip_val': 0.9368261770911773, 'hidden_size': 103, 'dropout': 0.4563689992725226, 'hidden_continuous_size': 15, 'attention_head_size': 1, 'learning_rate': 0.015988988474999417}
Currently training: H143
Tuning has started for H143...
Tuning done! Best params for H143: 
{'gradient_clip_val': 0.5799759138670395, 'hidden_size': 6, 'dropout': 0.4807847904857051, 'hidden_continuous_size': 6, 'attention_head_size': 1, 'learning_rate': 0.0182008268376816}
Currently training: H144
Tuning has started for H144...
Tuning done! Best params for H144: 
{'gradient_clip_val': 0.6823899299746077, 'hidden_size': 8, 'dropout': 0.16155132473800493, 'hidden_continuous_size': 8, 'attention_head_size': 4, 'learning_rate': 0.0021899498768202384}
Currently training: H145
Tuning has started for H145...
Tuning done! Best params for H145: 
{'gradient_clip_val': 0.5007090465257019, 'hidden_size': 31, 'dropout': 0.31032272472898914, 'hidden_continuous_size': 13, 'attention_head_size': 2, 'learning_rate': 0.0005443179343374515}
Currently training: H146
Tuning has started for H146...
Tuning done! Best params for H146: 
{'gradient_clip_val': 0.1912209460927251, 'hidden_size': 17, 'dropout': 0.46479546218256296, 'hidden_continuous_size': 7, 'attention_head_size': 3, 'learning_rate': 0.0005968156424234248}
Currently training: H147
Tuning has started for H147...
Tuning done! Best params for H147: 
{'gradient_clip_val': 0.8375687933583869, 'hidden_size': 25, 'dropout': 0.21465292913923487, 'hidden_continuous_size': 12, 'attention_head_size': 1, 'learning_rate': 0.028316265728531038}
Currently training: H148
Tuning has started for H148...
Tuning done! Best params for H148: 
{'gradient_clip_val': 0.5649485303493537, 'hidden_size': 18, 'dropout': 0.29095493929512417, 'hidden_continuous_size': 7, 'attention_head_size': 2, 'learning_rate': 0.032895210125543924}
Currently training: H149
Tuning has started for H149...
Tuning done! Best params for H149: 
{'gradient_clip_val': 0.2941967544752782, 'hidden_size': 7, 'dropout': 0.4613783921176112, 'hidden_continuous_size': 7, 'attention_head_size': 4, 'learning_rate': 0.028294875114345242}
Currently training: H15
Tuning has started for H15...
Tuning done! Best params for H15: 
{'gradient_clip_val': 0.18390295922516042, 'hidden_size': 11, 'dropout': 0.27938209115709994, 'hidden_continuous_size': 10, 'attention_head_size': 2, 'learning_rate': 0.0008047707970657108}
Currently training: H150
Tuning has started for H150...
Tuning done! Best params for H150: 
{'gradient_clip_val': 0.314325993295275, 'hidden_size': 78, 'dropout': 0.2867548042132597, 'hidden_continuous_size': 8, 'attention_head_size': 3, 'learning_rate': 0.0007850929859398969}
Currently training: H151
Tuning has started for H151...
Tuning done! Best params for H151: 
{'gradient_clip_val': 0.5105857682770715, 'hidden_size': 102, 'dropout': 0.3664327446616066, 'hidden_continuous_size': 21, 'attention_head_size': 4, 'learning_rate': 0.007819042755043292}
Currently training: H152
Tuning has started for H152...
Tuning done! Best params for H152: 
{'gradient_clip_val': 0.18162655881193007, 'hidden_size': 10, 'dropout': 0.3648568535821801, 'hidden_continuous_size': 6, 'attention_head_size': 3, 'learning_rate': 0.022575888132378628}
Currently training: H153
Tuning has started for H153...
Tuning done! Best params for H153: 
{'gradient_clip_val': 0.10382719836143833, 'hidden_size': 26, 'dropout': 0.16303179088214428, 'hidden_continuous_size': 14, 'attention_head_size': 4, 'learning_rate': 0.004609775465835606}
Currently training: H154
Tuning has started for H154...
Tuning done! Best params for H154: 
{'gradient_clip_val': 0.12315463176226964, 'hidden_size': 116, 'dropout': 0.17833425661940955, 'hidden_continuous_size': 86, 'attention_head_size': 3, 'learning_rate': 0.020959337112157927}
Currently training: H155
Tuning has started for H155...
Tuning done! Best params for H155: 
{'gradient_clip_val': 0.5864926171570243, 'hidden_size': 31, 'dropout': 0.27804411263138307, 'hidden_continuous_size': 23, 'attention_head_size': 4, 'learning_rate': 0.0007831012092287682}
Currently training: H156
Tuning has started for H156...
Tuning done! Best params for H156: 
{'gradient_clip_val': 0.8365111765111126, 'hidden_size': 9, 'dropout': 0.10711319422435928, 'hidden_continuous_size': 5, 'attention_head_size': 1, 'learning_rate': 0.0005012445363540771}
Currently training: H157
Tuning has started for H157...
Tuning done! Best params for H157: 
{'gradient_clip_val': 0.16475684578625877, 'hidden_size': 19, 'dropout': 0.21666318746969884, 'hidden_continuous_size': 5, 'attention_head_size': 2, 'learning_rate': 0.04867908487134512}
Currently training: H158
Tuning has started for H158...
Tuning done! Best params for H158: 
{'gradient_clip_val': 0.22924618634554797, 'hidden_size': 123, 'dropout': 0.42016338514282636, 'hidden_continuous_size': 18, 'attention_head_size': 3, 'learning_rate': 0.001387004298618836}
Currently training: H159
Tuning has started for H159...
Tuning done! Best params for H159: 
{'gradient_clip_val': 0.7272853361412523, 'hidden_size': 16, 'dropout': 0.30445216357563476, 'hidden_continuous_size': 8, 'attention_head_size': 2, 'learning_rate': 0.005943696226105969}
Currently training: H16
Tuning has started for H16...
Tuning done! Best params for H16: 
{'gradient_clip_val': 0.6977704560505579, 'hidden_size': 104, 'dropout': 0.16566163630732147, 'hidden_continuous_size': 8, 'attention_head_size': 2, 'learning_rate': 0.01964568047849722}
Currently training: H160
Tuning has started for H160...
Tuning done! Best params for H160: 
{'gradient_clip_val': 0.30881396209878115, 'hidden_size': 22, 'dropout': 0.2274510563885934, 'hidden_continuous_size': 11, 'attention_head_size': 1, 'learning_rate': 0.0028174567381548405}
Currently training: H161
Tuning has started for H161...
Tuning done! Best params for H161: 
{'gradient_clip_val': 0.9378884480275917, 'hidden_size': 5, 'dropout': 0.13349611211547296, 'hidden_continuous_size': 5, 'attention_head_size': 4, 'learning_rate': 0.015412404453633658}
Currently training: H162
Tuning has started for H162...
Tuning done! Best params for H162: 
{'gradient_clip_val': 0.4608093405391135, 'hidden_size': 52, 'dropout': 0.2177941583691146, 'hidden_continuous_size': 11, 'attention_head_size': 3, 'learning_rate': 0.008345531070242036}
Currently training: H163
Tuning has started for H163...
Tuning done! Best params for H163: 
{'gradient_clip_val': 0.17834784452133506, 'hidden_size': 45, 'dropout': 0.10198741946093898, 'hidden_continuous_size': 10, 'attention_head_size': 2, 'learning_rate': 0.01627378724432102}
Currently training: H164
Tuning has started for H164...
Tuning done! Best params for H164: 
{'gradient_clip_val': 0.1740486813381205, 'hidden_size': 36, 'dropout': 0.34492151604711113, 'hidden_continuous_size': 8, 'attention_head_size': 2, 'learning_rate': 0.004848919250238707}
Currently training: H165
Tuning has started for H165...
Tuning done! Best params for H165: 
{'gradient_clip_val': 0.5679102261244084, 'hidden_size': 66, 'dropout': 0.26181477750690973, 'hidden_continuous_size': 12, 'attention_head_size': 1, 'learning_rate': 0.03953888038094252}
Currently training: H166
Tuning has started for H166...
Tuning done! Best params for H166: 
{'gradient_clip_val': 0.1408806675266834, 'hidden_size': 133, 'dropout': 0.14200807122029568, 'hidden_continuous_size': 26, 'attention_head_size': 1, 'learning_rate': 0.024057128913188803}
Currently training: H167
Tuning has started for H167...
Tuning done! Best params for H167: 
{'gradient_clip_val': 0.11123171403534786, 'hidden_size': 60, 'dropout': 0.4763302218470842, 'hidden_continuous_size': 12, 'attention_head_size': 4, 'learning_rate': 0.019525214872565803}
Currently training: H168
Tuning has started for H168...
Tuning done! Best params for H168: 
{'gradient_clip_val': 0.3212409609856153, 'hidden_size': 91, 'dropout': 0.1689508097433695, 'hidden_continuous_size': 7, 'attention_head_size': 1, 'learning_rate': 0.006239572592354518}
Currently training: H169
Tuning has started for H169...
Tuning done! Best params for H169: 
{'gradient_clip_val': 0.4419812456203293, 'hidden_size': 146, 'dropout': 0.3908062802983502, 'hidden_continuous_size': 69, 'attention_head_size': 2, 'learning_rate': 0.09195618791746189}
Currently training: H17
Tuning has started for H17...
Tuning done! Best params for H17: 
{'gradient_clip_val': 0.30130535032481254, 'hidden_size': 5, 'dropout': 0.4144519727989411, 'hidden_continuous_size': 5, 'attention_head_size': 1, 'learning_rate': 0.006006336860330448}
Currently training: H170
Tuning has started for H170...
Tuning done! Best params for H170: 
{'gradient_clip_val': 0.6684078950917002, 'hidden_size': 134, 'dropout': 0.439917919548496, 'hidden_continuous_size': 46, 'attention_head_size': 2, 'learning_rate': 0.006888928111766308}
Currently training: H171
Tuning has started for H171...
Tuning done! Best params for H171: 
{'gradient_clip_val': 0.9486063247892697, 'hidden_size': 53, 'dropout': 0.4273949722167498, 'hidden_continuous_size': 51, 'attention_head_size': 4, 'learning_rate': 0.012287550553537028}
Currently training: H172
Tuning has started for H172...
Tuning done! Best params for H172: 
{'gradient_clip_val': 0.11641934527761022, 'hidden_size': 5, 'dropout': 0.31704856093255396, 'hidden_continuous_size': 5, 'attention_head_size': 4, 'learning_rate': 0.04918874009587367}
