

start job 4: 123
end job 4: 164
Currently training: H21
Tuning has started for H21...
Tuning done! Best params for H21: 
{'gradient_clip_val': 0.265066432299668, 'hidden_size': 11, 'dropout': 0.19139827287300948, 'hidden_continuous_size': 9, 'attention_head_size': 3, 'learning_rate': 0.002067621926925361}
Currently training: H210
Tuning has started for H210...
Tuning done! Best params for H210: 
{'gradient_clip_val': 0.4378448277654951, 'hidden_size': 92, 'dropout': 0.2890993571738918, 'hidden_continuous_size': 74, 'attention_head_size': 1, 'learning_rate': 0.09402721943607467}
Currently training: H211
Tuning has started for H211...
Tuning done! Best params for H211: 
{'gradient_clip_val': 0.48739721798077934, 'hidden_size': 87, 'dropout': 0.17833710191370467, 'hidden_continuous_size': 58, 'attention_head_size': 1, 'learning_rate': 0.018668477668128076}
Currently training: H212
Tuning has started for H212...
Tuning done! Best params for H212: 
{'gradient_clip_val': 0.41093753656237964, 'hidden_size': 8, 'dropout': 0.36529504465994567, 'hidden_continuous_size': 6, 'attention_head_size': 1, 'learning_rate': 0.0017310152835386145}
Currently training: H213
Tuning has started for H213...
Tuning done! Best params for H213: 
{'gradient_clip_val': 0.41962780434769464, 'hidden_size': 23, 'dropout': 0.2357683877988727, 'hidden_continuous_size': 7, 'attention_head_size': 2, 'learning_rate': 0.002775744493582992}
Currently training: H214
Tuning has started for H214...
Tuning done! Best params for H214: 
{'gradient_clip_val': 0.38029712922945397, 'hidden_size': 41, 'dropout': 0.36300774277727244, 'hidden_continuous_size': 12, 'attention_head_size': 4, 'learning_rate': 0.0006023982556646251}
Currently training: H215
Tuning has started for H215...
Tuning done! Best params for H215: 
{'gradient_clip_val': 0.3557470150176046, 'hidden_size': 13, 'dropout': 0.498544735640021, 'hidden_continuous_size': 5, 'attention_head_size': 3, 'learning_rate': 0.01361140556714953}
Currently training: H216
Tuning has started for H216...
Tuning done! Best params for H216: 
{'gradient_clip_val': 0.14830042507676314, 'hidden_size': 53, 'dropout': 0.20996018654369802, 'hidden_continuous_size': 25, 'attention_head_size': 3, 'learning_rate': 0.002410955220261411}
Currently training: H217
Tuning has started for H217...
Tuning done! Best params for H217: 
{'gradient_clip_val': 0.1707815588936639, 'hidden_size': 34, 'dropout': 0.4408730764815386, 'hidden_continuous_size': 10, 'attention_head_size': 1, 'learning_rate': 0.016914373165632}
Currently training: H218
Tuning has started for H218...
Tuning done! Best params for H218: 
{'gradient_clip_val': 0.8393775073599409, 'hidden_size': 7, 'dropout': 0.4370712555841879, 'hidden_continuous_size': 5, 'attention_head_size': 4, 'learning_rate': 0.0061904356548466545}
Currently training: H219
Tuning has started for H219...
Tuning done! Best params for H219: 
{'gradient_clip_val': 0.3835926791525974, 'hidden_size': 7, 'dropout': 0.43057016750377164, 'hidden_continuous_size': 5, 'attention_head_size': 2, 'learning_rate': 0.007811183537516035}
Currently training: H22
Tuning has started for H22...
Tuning done! Best params for H22: 
{'gradient_clip_val': 0.1481118579284111, 'hidden_size': 112, 'dropout': 0.4581445414987212, 'hidden_continuous_size': 66, 'attention_head_size': 1, 'learning_rate': 0.09680693998063805}
Currently training: H220
Tuning has started for H220...
Tuning done! Best params for H220: 
{'gradient_clip_val': 0.960463945513468, 'hidden_size': 14, 'dropout': 0.11384351756209826, 'hidden_continuous_size': 6, 'attention_head_size': 4, 'learning_rate': 0.0020225838591662504}
Currently training: H221
Tuning has started for H221...
Tuning done! Best params for H221: 
{'gradient_clip_val': 0.4318716500689148, 'hidden_size': 16, 'dropout': 0.34614790600217316, 'hidden_continuous_size': 10, 'attention_head_size': 1, 'learning_rate': 0.026093244237575374}
Currently training: H222
Tuning has started for H222...
Tuning done! Best params for H222: 
{'gradient_clip_val': 0.12950629376515838, 'hidden_size': 96, 'dropout': 0.17133845701324033, 'hidden_continuous_size': 80, 'attention_head_size': 1, 'learning_rate': 0.09140451797017148}
Currently training: H223
Tuning has started for H223...
Tuning done! Best params for H223: 
{'gradient_clip_val': 0.33933155771698353, 'hidden_size': 99, 'dropout': 0.15611937704023654, 'hidden_continuous_size': 78, 'attention_head_size': 3, 'learning_rate': 0.007762556174867702}
Currently training: H224
Tuning has started for H224...
Tuning done! Best params for H224: 
{'gradient_clip_val': 0.27699542901670166, 'hidden_size': 33, 'dropout': 0.4940945212311204, 'hidden_continuous_size': 14, 'attention_head_size': 4, 'learning_rate': 0.06874196852667443}
Currently training: H225
Tuning has started for H225...
Tuning done! Best params for H225: 
{'gradient_clip_val': 0.32335688789629896, 'hidden_size': 13, 'dropout': 0.2001223234914741, 'hidden_continuous_size': 13, 'attention_head_size': 4, 'learning_rate': 0.0066251650161979645}
Currently training: H226
Tuning has started for H226...
Tuning done! Best params for H226: 
{'gradient_clip_val': 0.45011140903895935, 'hidden_size': 14, 'dropout': 0.21490578979857472, 'hidden_continuous_size': 8, 'attention_head_size': 1, 'learning_rate': 0.08121226001251541}
Currently training: H227
Tuning has started for H227...
Tuning done! Best params for H227: 
{'gradient_clip_val': 0.10746725777590575, 'hidden_size': 64, 'dropout': 0.16333142470925, 'hidden_continuous_size': 11, 'attention_head_size': 1, 'learning_rate': 0.0028316505792084206}
Currently training: H228
Tuning has started for H228...
Tuning done! Best params for H228: 
{'gradient_clip_val': 0.8043108419043006, 'hidden_size': 12, 'dropout': 0.1282016999362997, 'hidden_continuous_size': 6, 'attention_head_size': 1, 'learning_rate': 0.0005947192340256286}
Currently training: H229
Tuning has started for H229...
Tuning done! Best params for H229: 
{'gradient_clip_val': 0.20109628244726446, 'hidden_size': 30, 'dropout': 0.27948315101064813, 'hidden_continuous_size': 7, 'attention_head_size': 2, 'learning_rate': 0.017010826315905853}
Currently training: H23
Tuning has started for H23...
Tuning done! Best params for H23: 
{'gradient_clip_val': 0.7408978812014829, 'hidden_size': 11, 'dropout': 0.13648977524795183, 'hidden_continuous_size': 6, 'attention_head_size': 3, 'learning_rate': 0.000959576106397123}
Currently training: H230
Tuning has started for H230...
Tuning done! Best params for H230: 
{'gradient_clip_val': 0.9644629184341831, 'hidden_size': 13, 'dropout': 0.3439905755647079, 'hidden_continuous_size': 12, 'attention_head_size': 2, 'learning_rate': 0.0020411164770070597}
Currently training: H231
Tuning has started for H231...
Tuning done! Best params for H231: 
{'gradient_clip_val': 0.8966642261793969, 'hidden_size': 21, 'dropout': 0.2220453908395913, 'hidden_continuous_size': 19, 'attention_head_size': 3, 'learning_rate': 0.0017571728574078255}
Currently training: H232
Tuning has started for H232...
Tuning done! Best params for H232: 
{'gradient_clip_val': 0.6289291036502492, 'hidden_size': 5, 'dropout': 0.24466753529315502, 'hidden_continuous_size': 5, 'attention_head_size': 3, 'learning_rate': 0.029278069931698954}
Currently training: H233
Tuning has started for H233...
Tuning done! Best params for H233: 
{'gradient_clip_val': 0.5960806667407683, 'hidden_size': 6, 'dropout': 0.3192533405548137, 'hidden_continuous_size': 6, 'attention_head_size': 2, 'learning_rate': 0.0036651489847174938}
Currently training: H234
Tuning has started for H234...
Tuning done! Best params for H234: 
{'gradient_clip_val': 0.19491655054532506, 'hidden_size': 27, 'dropout': 0.49721256094991284, 'hidden_continuous_size': 5, 'attention_head_size': 3, 'learning_rate': 0.08925109749888166}
Currently training: H235
Tuning has started for H235...
Tuning done! Best params for H235: 
{'gradient_clip_val': 0.8620190013045538, 'hidden_size': 45, 'dropout': 0.1048332787267782, 'hidden_continuous_size': 6, 'attention_head_size': 4, 'learning_rate': 0.06842630585055405}
Currently training: H236
Tuning has started for H236...
Tuning done! Best params for H236: 
{'gradient_clip_val': 0.48964590910505, 'hidden_size': 10, 'dropout': 0.14969952575700282, 'hidden_continuous_size': 5, 'attention_head_size': 3, 'learning_rate': 0.017489925398824217}
Currently training: H237
Tuning has started for H237...
Tuning done! Best params for H237: 
{'gradient_clip_val': 0.9167165407816982, 'hidden_size': 55, 'dropout': 0.39838892436836615, 'hidden_continuous_size': 32, 'attention_head_size': 4, 'learning_rate': 0.004352411314288024}
Currently training: H238
Tuning has started for H238...
Tuning done! Best params for H238: 
{'gradient_clip_val': 0.11116492483949353, 'hidden_size': 51, 'dropout': 0.45991050347895257, 'hidden_continuous_size': 9, 'attention_head_size': 2, 'learning_rate': 0.005592101869323696}
Currently training: H239
Tuning has started for H239...
Tuning done! Best params for H239: 
{'gradient_clip_val': 0.13516227466886438, 'hidden_size': 22, 'dropout': 0.41958034941518074, 'hidden_continuous_size': 10, 'attention_head_size': 1, 'learning_rate': 0.005046437819353578}
Currently training: H24
Tuning has started for H24...
Tuning done! Best params for H24: 
{'gradient_clip_val': 0.24641053456716197, 'hidden_size': 63, 'dropout': 0.23090165999768303, 'hidden_continuous_size': 57, 'attention_head_size': 1, 'learning_rate': 0.0015974403988209204}
Currently training: H240
Tuning has started for H240...
Tuning done! Best params for H240: 
{'gradient_clip_val': 0.5162111624529692, 'hidden_size': 42, 'dropout': 0.45558679387383716, 'hidden_continuous_size': 12, 'attention_head_size': 3, 'learning_rate': 0.014810836256867568}
Currently training: H241
Tuning has started for H241...
Tuning done! Best params for H241: 
{'gradient_clip_val': 0.24655870163393698, 'hidden_size': 7, 'dropout': 0.10599049243950863, 'hidden_continuous_size': 6, 'attention_head_size': 3, 'learning_rate': 0.011454199275633752}
Currently training: H242
Tuning has started for H242...
Tuning done! Best params for H242: 
{'gradient_clip_val': 0.46255361521671623, 'hidden_size': 7, 'dropout': 0.40819732496158856, 'hidden_continuous_size': 7, 'attention_head_size': 2, 'learning_rate': 0.00697532465448193}
Currently training: H243
Tuning has started for H243...
Tuning done! Best params for H243: 
{'gradient_clip_val': 0.26256642598247165, 'hidden_size': 132, 'dropout': 0.4441188123414864, 'hidden_continuous_size': 54, 'attention_head_size': 1, 'learning_rate': 0.0008029636357579134}
Currently training: H244
Tuning has started for H244...
Tuning done! Best params for H244: 
{'gradient_clip_val': 0.13714132859844175, 'hidden_size': 110, 'dropout': 0.49871619631809094, 'hidden_continuous_size': 5, 'attention_head_size': 3, 'learning_rate': 0.033339555413849566}
Currently training: H245
Tuning has started for H245...
Tuning done! Best params for H245: 
{'gradient_clip_val': 0.1155327085180296, 'hidden_size': 32, 'dropout': 0.23432276530808172, 'hidden_continuous_size': 7, 'attention_head_size': 1, 'learning_rate': 0.0012603169654231427}
Currently training: H246
Tuning has started for H246...
Tuning done! Best params for H246: 
{'gradient_clip_val': 0.3440802641918775, 'hidden_size': 72, 'dropout': 0.10369568650934609, 'hidden_continuous_size': 7, 'attention_head_size': 1, 'learning_rate': 0.018495267785846203}
