

start job 10: 369
end job 10: 414
Currently training: H59
Tuning has started for H59...
Tuning done! Best params for H59: 
{'gradient_clip_val': 0.5508614651761876, 'hidden_size': 14, 'dropout': 0.3601553422299726, 'hidden_continuous_size': 14, 'attention_head_size': 2, 'learning_rate': 0.09436226233074685}
Currently training: H6
Tuning has started for H6...
Tuning done! Best params for H6: 
{'gradient_clip_val': 0.1300137692445052, 'hidden_size': 102, 'dropout': 0.21607833495502132, 'hidden_continuous_size': 9, 'attention_head_size': 1, 'learning_rate': 0.015870702145007225}
Currently training: H60
Tuning has started for H60...
Tuning done! Best params for H60: 
{'gradient_clip_val': 0.31200473464131706, 'hidden_size': 5, 'dropout': 0.31421617092605103, 'hidden_continuous_size': 5, 'attention_head_size': 4, 'learning_rate': 0.02816036898781354}
Currently training: H61
Tuning has started for H61...
Tuning done! Best params for H61: 
{'gradient_clip_val': 0.11681954423902714, 'hidden_size': 86, 'dropout': 0.11533361819684021, 'hidden_continuous_size': 59, 'attention_head_size': 1, 'learning_rate': 0.0010547319423521836}
Currently training: H62
Tuning has started for H62...
Tuning done! Best params for H62: 
{'gradient_clip_val': 0.22640611555081094, 'hidden_size': 116, 'dropout': 0.4131313715862702, 'hidden_continuous_size': 8, 'attention_head_size': 2, 'learning_rate': 0.0010759442079567546}
Currently training: H63
Tuning has started for H63...
Tuning done! Best params for H63: 
{'gradient_clip_val': 0.1709879461933701, 'hidden_size': 13, 'dropout': 0.1684670430323917, 'hidden_continuous_size': 9, 'attention_head_size': 1, 'learning_rate': 0.052528434112551384}
Currently training: H64
Tuning has started for H64...
Tuning done! Best params for H64: 
{'gradient_clip_val': 0.15026984526860782, 'hidden_size': 17, 'dropout': 0.12218025780534157, 'hidden_continuous_size': 9, 'attention_head_size': 1, 'learning_rate': 0.01198666223362455}
Currently training: H65
Tuning has started for H65...
Tuning done! Best params for H65: 
{'gradient_clip_val': 0.16074000947317804, 'hidden_size': 53, 'dropout': 0.4048768016938268, 'hidden_continuous_size': 15, 'attention_head_size': 1, 'learning_rate': 0.005517653072878406}
Currently training: H66
Tuning has started for H66...
Tuning done! Best params for H66: 
{'gradient_clip_val': 0.27319380984951913, 'hidden_size': 85, 'dropout': 0.1329713481568006, 'hidden_continuous_size': 5, 'attention_head_size': 1, 'learning_rate': 0.0024681637268887673}
Currently training: H67
Tuning has started for H67...
Tuning done! Best params for H67: 
{'gradient_clip_val': 0.7972875284389457, 'hidden_size': 30, 'dropout': 0.47747953549904176, 'hidden_continuous_size': 24, 'attention_head_size': 1, 'learning_rate': 0.025082025852668523}
Currently training: H68
Tuning has started for H68...
Tuning done! Best params for H68: 
{'gradient_clip_val': 0.25581694257945137, 'hidden_size': 8, 'dropout': 0.25671999814762325, 'hidden_continuous_size': 6, 'attention_head_size': 4, 'learning_rate': 0.03581567357474748}
Currently training: H69
Tuning has started for H69...
Tuning done! Best params for H69: 
{'gradient_clip_val': 0.24592907675002496, 'hidden_size': 30, 'dropout': 0.23768822416663987, 'hidden_continuous_size': 14, 'attention_head_size': 4, 'learning_rate': 0.022246307723804145}
Currently training: H7
Tuning has started for H7...
Tuning done! Best params for H7: 
{'gradient_clip_val': 0.7767513774081288, 'hidden_size': 32, 'dropout': 0.31821348972474917, 'hidden_continuous_size': 14, 'attention_head_size': 1, 'learning_rate': 0.029433010842013642}
Currently training: H70
Tuning has started for H70...
Tuning done! Best params for H70: 
{'gradient_clip_val': 0.17988869961956055, 'hidden_size': 8, 'dropout': 0.4992544354300523, 'hidden_continuous_size': 6, 'attention_head_size': 2, 'learning_rate': 0.053978944432083155}
Currently training: H71
Tuning has started for H71...
Tuning done! Best params for H71: 
{'gradient_clip_val': 0.22732665876617086, 'hidden_size': 71, 'dropout': 0.2988023947002698, 'hidden_continuous_size': 68, 'attention_head_size': 1, 'learning_rate': 0.0029939555307161793}
Currently training: H72
Tuning has started for H72...
Tuning done! Best params for H72: 
{'gradient_clip_val': 0.6609309716596501, 'hidden_size': 138, 'dropout': 0.2203142598149999, 'hidden_continuous_size': 15, 'attention_head_size': 4, 'learning_rate': 0.0009520065639891033}
Currently training: H73
Tuning has started for H73...
Tuning done! Best params for H73: 
{'gradient_clip_val': 0.22025847956801844, 'hidden_size': 36, 'dropout': 0.2540801240282963, 'hidden_continuous_size': 18, 'attention_head_size': 2, 'learning_rate': 0.0072262267702237}
Currently training: H74
Tuning has started for H74...
Tuning done! Best params for H74: 
{'gradient_clip_val': 0.39098127661775534, 'hidden_size': 138, 'dropout': 0.47709242938074325, 'hidden_continuous_size': 87, 'attention_head_size': 3, 'learning_rate': 0.0011748580728077737}
Currently training: H75
Tuning has started for H75...
Tuning done! Best params for H75: 
{'gradient_clip_val': 0.3627644283110249, 'hidden_size': 63, 'dropout': 0.346788813015126, 'hidden_continuous_size': 15, 'attention_head_size': 3, 'learning_rate': 0.002776675382796704}
Currently training: H76
Tuning has started for H76...
Tuning done! Best params for H76: 
{'gradient_clip_val': 0.15420026910360887, 'hidden_size': 123, 'dropout': 0.43329724291920124, 'hidden_continuous_size': 93, 'attention_head_size': 4, 'learning_rate': 0.00121331769543188}
Currently training: H77
Tuning has started for H77...
Tuning done! Best params for H77: 
{'gradient_clip_val': 0.5394660275413642, 'hidden_size': 19, 'dropout': 0.1877841125780867, 'hidden_continuous_size': 8, 'attention_head_size': 2, 'learning_rate': 0.09103356171515851}
Currently training: H78
Tuning has started for H78...
Tuning done! Best params for H78: 
{'gradient_clip_val': 0.17552766958251653, 'hidden_size': 70, 'dropout': 0.16628964036060606, 'hidden_continuous_size': 67, 'attention_head_size': 2, 'learning_rate': 0.0008751010401103498}
Currently training: H79
Tuning has started for H79...
Tuning done! Best params for H79: 
{'gradient_clip_val': 0.4135960188788141, 'hidden_size': 17, 'dropout': 0.49570878744397695, 'hidden_continuous_size': 14, 'attention_head_size': 3, 'learning_rate': 0.01714591597064221}
Currently training: H8
Tuning has started for H8...
Tuning done! Best params for H8: 
{'gradient_clip_val': 0.15307238552500144, 'hidden_size': 5, 'dropout': 0.48443035844698046, 'hidden_continuous_size': 5, 'attention_head_size': 1, 'learning_rate': 0.0018611928053575081}
Currently training: H80
Tuning has started for H80...
Tuning done! Best params for H80: 
{'gradient_clip_val': 0.6470306249554787, 'hidden_size': 120, 'dropout': 0.12162134095549959, 'hidden_continuous_size': 5, 'attention_head_size': 1, 'learning_rate': 0.0947054207095721}
Currently training: H81
Tuning has started for H81...
Tuning done! Best params for H81: 
{'gradient_clip_val': 0.2575305772837858, 'hidden_size': 150, 'dropout': 0.40155897942726126, 'hidden_continuous_size': 115, 'attention_head_size': 4, 'learning_rate': 0.001908250982477507}
Currently training: H82
Tuning has started for H82...
Tuning done! Best params for H82: 
{'gradient_clip_val': 0.26646359672884756, 'hidden_size': 60, 'dropout': 0.3511028142583663, 'hidden_continuous_size': 41, 'attention_head_size': 1, 'learning_rate': 0.07953901049323862}
Currently training: H83
Tuning has started for H83...
Tuning done! Best params for H83: 
{'gradient_clip_val': 0.4737286110927694, 'hidden_size': 90, 'dropout': 0.370862732543096, 'hidden_continuous_size': 5, 'attention_head_size': 1, 'learning_rate': 0.0019859299091466265}
Currently training: H84
Tuning has started for H84...
Tuning done! Best params for H84: 
{'gradient_clip_val': 0.4390497888199172, 'hidden_size': 55, 'dropout': 0.3481066466489706, 'hidden_continuous_size': 17, 'attention_head_size': 1, 'learning_rate': 0.054224328871419515}
Currently training: H85
Tuning has started for H85...
Tuning done! Best params for H85: 
{'gradient_clip_val': 0.37881114859166914, 'hidden_size': 9, 'dropout': 0.4800488317310857, 'hidden_continuous_size': 8, 'attention_head_size': 1, 'learning_rate': 0.015204549809583804}
Currently training: H86
Tuning has started for H86...
Tuning done! Best params for H86: 
{'gradient_clip_val': 0.3215615666320519, 'hidden_size': 55, 'dropout': 0.2985260303753359, 'hidden_continuous_size': 11, 'attention_head_size': 4, 'learning_rate': 0.033082848484704996}
Currently training: H87
Tuning has started for H87...
Tuning done! Best params for H87: 
{'gradient_clip_val': 0.242541691114815, 'hidden_size': 8, 'dropout': 0.2348183458522381, 'hidden_continuous_size': 5, 'attention_head_size': 4, 'learning_rate': 0.015517718516632058}
Currently training: H88
Tuning has started for H88...
Tuning done! Best params for H88: 
{'gradient_clip_val': 0.11061076039555395, 'hidden_size': 57, 'dropout': 0.458404285915492, 'hidden_continuous_size': 14, 'attention_head_size': 3, 'learning_rate': 0.013982407103038129}
Currently training: H89
Tuning has started for H89...
Tuning done! Best params for H89: 
{'gradient_clip_val': 0.19896924587381198, 'hidden_size': 32, 'dropout': 0.1964488870179628, 'hidden_continuous_size': 16, 'attention_head_size': 1, 'learning_rate': 0.0018477859115716478}
Currently training: H9
Tuning has started for H9...
Tuning done! Best params for H9: 
{'gradient_clip_val': 0.952701736651777, 'hidden_size': 67, 'dropout': 0.3799089319329234, 'hidden_continuous_size': 5, 'attention_head_size': 1, 'learning_rate': 0.009369748347078186}
Currently training: H90
Tuning has started for H90...
Tuning done! Best params for H90: 
{'gradient_clip_val': 0.6100422111187362, 'hidden_size': 28, 'dropout': 0.39035294558931277, 'hidden_continuous_size': 5, 'attention_head_size': 1, 'learning_rate': 0.04521701729297437}
Currently training: H91
Tuning has started for H91...
Tuning done! Best params for H91: 
{'gradient_clip_val': 0.35894102833956826, 'hidden_size': 57, 'dropout': 0.14370759290946922, 'hidden_continuous_size': 23, 'attention_head_size': 3, 'learning_rate': 0.0016692696555554677}
Currently training: H92
Tuning has started for H92...
Tuning done! Best params for H92: 
{'gradient_clip_val': 0.233987345411266, 'hidden_size': 8, 'dropout': 0.19363528582285597, 'hidden_continuous_size': 6, 'attention_head_size': 3, 'learning_rate': 0.022487275975203693}
Currently training: H93
Tuning has started for H93...
Tuning done! Best params for H93: 
{'gradient_clip_val': 0.13897713287642105, 'hidden_size': 73, 'dropout': 0.4888381038421845, 'hidden_continuous_size': 60, 'attention_head_size': 2, 'learning_rate': 0.03533092364518206}
Currently training: H94
Tuning has started for H94...
Tuning done! Best params for H94: 
{'gradient_clip_val': 0.5588649788050801, 'hidden_size': 8, 'dropout': 0.4826635868506275, 'hidden_continuous_size': 7, 'attention_head_size': 3, 'learning_rate': 0.03565624809556278}
Currently training: H95
Tuning has started for H95...
Tuning done! Best params for H95: 
{'gradient_clip_val': 0.10597090124401708, 'hidden_size': 11, 'dropout': 0.3145375665202159, 'hidden_continuous_size': 10, 'attention_head_size': 2, 'learning_rate': 0.0031812866828768572}
Currently training: H96
Tuning has started for H96...
Tuning done! Best params for H96: 
{'gradient_clip_val': 0.1283851042953145, 'hidden_size': 32, 'dropout': 0.35747613139799994, 'hidden_continuous_size': 7, 'attention_head_size': 2, 'learning_rate': 0.017029832146561567}
Currently training: H97
Tuning has started for H97...
Tuning done! Best params for H97: 
{'gradient_clip_val': 0.3987751099669542, 'hidden_size': 6, 'dropout': 0.40407744741078433, 'hidden_continuous_size': 5, 'attention_head_size': 1, 'learning_rate': 0.041154151871302024}
Currently training: H98
Tuning has started for H98...
Tuning done! Best params for H98: 
{'gradient_clip_val': 0.2509725151918297, 'hidden_size': 20, 'dropout': 0.29116435569671195, 'hidden_continuous_size': 12, 'attention_head_size': 4, 'learning_rate': 0.003522294752885696}
Currently training: H99
Tuning has started for H99...
Tuning done! Best params for H99: 
{'gradient_clip_val': 0.7475903264516218, 'hidden_size': 8, 'dropout': 0.35267798388090177, 'hidden_continuous_size': 5, 'attention_head_size': 1, 'learning_rate': 0.09950265649373756}
