

start job 2: 41
end job 2: 82
Currently training: H136
Tuning has started for H136...
Tuning done! Best params for H136: 
{'gradient_clip_val': 0.25649526339459333, 'hidden_size': 9, 'dropout': 0.11101535200832068, 'hidden_continuous_size': 8, 'attention_head_size': 2, 'learning_rate': 0.01939941630967006}
Currently training: H137
Tuning has started for H137...
Tuning done! Best params for H137: 
{'gradient_clip_val': 0.3933710322576508, 'hidden_size': 6, 'dropout': 0.3600273240257157, 'hidden_continuous_size': 6, 'attention_head_size': 1, 'learning_rate': 0.005201342129896316}
Currently training: H138
Tuning has started for H138...
Tuning done! Best params for H138: 
{'gradient_clip_val': 0.20483810203385583, 'hidden_size': 26, 'dropout': 0.4263426556726372, 'hidden_continuous_size': 15, 'attention_head_size': 4, 'learning_rate': 0.00204767592557273}
Currently training: H139
Tuning has started for H139...
Tuning done! Best params for H139: 
{'gradient_clip_val': 0.9545827204609111, 'hidden_size': 5, 'dropout': 0.4324464196539479, 'hidden_continuous_size': 5, 'attention_head_size': 2, 'learning_rate': 0.022645604869505825}
Currently training: H14
Tuning has started for H14...
Tuning done! Best params for H14: 
{'gradient_clip_val': 0.679986367052442, 'hidden_size': 39, 'dropout': 0.26589167574095174, 'hidden_continuous_size': 30, 'attention_head_size': 4, 'learning_rate': 0.020126846391845827}
Currently training: H140
Tuning has started for H140...
Tuning done! Best params for H140: 
{'gradient_clip_val': 0.522665944108185, 'hidden_size': 79, 'dropout': 0.21650510304066303, 'hidden_continuous_size': 5, 'attention_head_size': 3, 'learning_rate': 0.0006752961091435427}
Currently training: H141
Tuning has started for H141...
Tuning done! Best params for H141: 
{'gradient_clip_val': 0.14285545268885982, 'hidden_size': 42, 'dropout': 0.19035909846379698, 'hidden_continuous_size': 32, 'attention_head_size': 4, 'learning_rate': 0.052601240378074746}
Currently training: H142
Tuning has started for H142...
Tuning done! Best params for H142: 
{'gradient_clip_val': 0.9644841887112026, 'hidden_size': 5, 'dropout': 0.19101270250795346, 'hidden_continuous_size': 5, 'attention_head_size': 1, 'learning_rate': 0.0029198710626491806}
Currently training: H143
Tuning has started for H143...
Tuning done! Best params for H143: 
{'gradient_clip_val': 0.253462963184104, 'hidden_size': 93, 'dropout': 0.2494973443310657, 'hidden_continuous_size': 80, 'attention_head_size': 1, 'learning_rate': 0.013189031614745836}
Currently training: H144
Tuning has started for H144...
Tuning done! Best params for H144: 
{'gradient_clip_val': 0.77666625884051, 'hidden_size': 9, 'dropout': 0.3449114427361831, 'hidden_continuous_size': 5, 'attention_head_size': 1, 'learning_rate': 0.021766229935707773}
Currently training: H145
Tuning has started for H145...
Tuning done! Best params for H145: 
{'gradient_clip_val': 0.2151194819178225, 'hidden_size': 22, 'dropout': 0.2869350987939906, 'hidden_continuous_size': 12, 'attention_head_size': 3, 'learning_rate': 0.03781563154878034}
Currently training: H146
Tuning has started for H146...
Tuning done! Best params for H146: 
{'gradient_clip_val': 0.5798957921359593, 'hidden_size': 5, 'dropout': 0.33743033199144445, 'hidden_continuous_size': 5, 'attention_head_size': 3, 'learning_rate': 0.0025480245561419774}
Currently training: H147
Tuning has started for H147...
Tuning done! Best params for H147: 
{'gradient_clip_val': 0.2569896859609988, 'hidden_size': 11, 'dropout': 0.43737802696458566, 'hidden_continuous_size': 10, 'attention_head_size': 3, 'learning_rate': 0.01668838197872196}
Currently training: H148
Tuning has started for H148...
Tuning done! Best params for H148: 
{'gradient_clip_val': 0.39425070624189856, 'hidden_size': 8, 'dropout': 0.4232556283185561, 'hidden_continuous_size': 7, 'attention_head_size': 4, 'learning_rate': 0.02602526814477509}
Currently training: H149
Tuning has started for H149...
Tuning done! Best params for H149: 
{'gradient_clip_val': 0.11834280956251994, 'hidden_size': 147, 'dropout': 0.16169604531060255, 'hidden_continuous_size': 21, 'attention_head_size': 3, 'learning_rate': 0.02853556111646034}
Currently training: H15
Tuning has started for H15...
Tuning done! Best params for H15: 
{'gradient_clip_val': 0.18477977792797246, 'hidden_size': 9, 'dropout': 0.2531088842233276, 'hidden_continuous_size': 9, 'attention_head_size': 1, 'learning_rate': 0.05059222237610548}
Currently training: H150
Tuning has started for H150...
Tuning done! Best params for H150: 
{'gradient_clip_val': 0.341327252728863, 'hidden_size': 16, 'dropout': 0.12469862122119682, 'hidden_continuous_size': 10, 'attention_head_size': 4, 'learning_rate': 0.09758733819770407}
Currently training: H151
Tuning has started for H151...
Tuning done! Best params for H151: 
{'gradient_clip_val': 0.3389810830471742, 'hidden_size': 108, 'dropout': 0.4553877163805501, 'hidden_continuous_size': 11, 'attention_head_size': 1, 'learning_rate': 0.010810484517444714}
Currently training: H152
Tuning has started for H152...
Tuning done! Best params for H152: 
{'gradient_clip_val': 0.2463261720768808, 'hidden_size': 52, 'dropout': 0.2995567937438044, 'hidden_continuous_size': 31, 'attention_head_size': 4, 'learning_rate': 0.030566795193585104}
Currently training: H153
Tuning has started for H153...
Tuning done! Best params for H153: 
{'gradient_clip_val': 0.6134110635746091, 'hidden_size': 10, 'dropout': 0.48567019339908357, 'hidden_continuous_size': 6, 'attention_head_size': 2, 'learning_rate': 0.006885676270405179}
Currently training: H154
Tuning has started for H154...
Tuning done! Best params for H154: 
{'gradient_clip_val': 0.10126082629866538, 'hidden_size': 46, 'dropout': 0.27570358599216716, 'hidden_continuous_size': 10, 'attention_head_size': 2, 'learning_rate': 0.0060813771281979295}
Currently training: H155
Tuning has started for H155...
Tuning done! Best params for H155: 
{'gradient_clip_val': 0.3354331560569148, 'hidden_size': 8, 'dropout': 0.11278635536452036, 'hidden_continuous_size': 5, 'attention_head_size': 2, 'learning_rate': 0.03293139621093365}
Currently training: H156
Tuning has started for H156...
Tuning done! Best params for H156: 
{'gradient_clip_val': 0.90310574699525, 'hidden_size': 8, 'dropout': 0.2028890862599585, 'hidden_continuous_size': 5, 'attention_head_size': 2, 'learning_rate': 0.03169700521660164}
Currently training: H157
Tuning has started for H157...
Tuning done! Best params for H157: 
{'gradient_clip_val': 0.16519741602335317, 'hidden_size': 129, 'dropout': 0.33800773275182716, 'hidden_continuous_size': 78, 'attention_head_size': 2, 'learning_rate': 0.038924579261873204}
Currently training: H158
Tuning has started for H158...
Tuning done! Best params for H158: 
{'gradient_clip_val': 0.4103199177604628, 'hidden_size': 18, 'dropout': 0.4542441178515416, 'hidden_continuous_size': 13, 'attention_head_size': 4, 'learning_rate': 0.0056420032483532005}
Currently training: H159
Tuning has started for H159...
Tuning done! Best params for H159: 
{'gradient_clip_val': 0.5202821596809346, 'hidden_size': 119, 'dropout': 0.20065284032613775, 'hidden_continuous_size': 28, 'attention_head_size': 4, 'learning_rate': 0.0009710604416901276}
Currently training: H16
Tuning has started for H16...
Tuning done! Best params for H16: 
{'gradient_clip_val': 0.8239927630329676, 'hidden_size': 70, 'dropout': 0.2557446703223334, 'hidden_continuous_size': 63, 'attention_head_size': 1, 'learning_rate': 0.001132661467845436}
Currently training: H160
Tuning has started for H160...
Tuning done! Best params for H160: 
{'gradient_clip_val': 0.5332870273004047, 'hidden_size': 9, 'dropout': 0.47127427885053297, 'hidden_continuous_size': 8, 'attention_head_size': 3, 'learning_rate': 0.04583444918669615}
Currently training: H161
Tuning has started for H161...
Tuning done! Best params for H161: 
{'gradient_clip_val': 0.6444784747382117, 'hidden_size': 10, 'dropout': 0.4629997903102162, 'hidden_continuous_size': 8, 'attention_head_size': 4, 'learning_rate': 0.039020237043901854}
Currently training: H162
Tuning has started for H162...
Tuning done! Best params for H162: 
{'gradient_clip_val': 0.2103350005937022, 'hidden_size': 10, 'dropout': 0.26628497089159425, 'hidden_continuous_size': 5, 'attention_head_size': 3, 'learning_rate': 0.04981285275577335}
Currently training: H163
Tuning has started for H163...
Tuning done! Best params for H163: 
{'gradient_clip_val': 0.22957208651307445, 'hidden_size': 92, 'dropout': 0.1105789474072203, 'hidden_continuous_size': 5, 'attention_head_size': 2, 'learning_rate': 0.0015588775626799334}
Currently training: H164
Tuning has started for H164...
Tuning done! Best params for H164: 
{'gradient_clip_val': 0.13309494688441872, 'hidden_size': 131, 'dropout': 0.34504780862931145, 'hidden_continuous_size': 6, 'attention_head_size': 3, 'learning_rate': 0.004310083913363218}
Currently training: H165
Tuning has started for H165...
Tuning done! Best params for H165: 
{'gradient_clip_val': 0.27756481749345074, 'hidden_size': 6, 'dropout': 0.48247914111757184, 'hidden_continuous_size': 6, 'attention_head_size': 1, 'learning_rate': 0.01993681176625629}
Currently training: H166
Tuning has started for H166...
Tuning done! Best params for H166: 
{'gradient_clip_val': 0.5537674367216782, 'hidden_size': 31, 'dropout': 0.3922737250574273, 'hidden_continuous_size': 30, 'attention_head_size': 3, 'learning_rate': 0.004085746712254991}
Currently training: H167
Tuning has started for H167...
Tuning done! Best params for H167: 
{'gradient_clip_val': 0.11747517556641857, 'hidden_size': 131, 'dropout': 0.48172653383019426, 'hidden_continuous_size': 66, 'attention_head_size': 2, 'learning_rate': 0.01420839975364262}
Currently training: H168
Tuning has started for H168...
Tuning done! Best params for H168: 
{'gradient_clip_val': 0.31742829255462285, 'hidden_size': 136, 'dropout': 0.14478651776644075, 'hidden_continuous_size': 12, 'attention_head_size': 2, 'learning_rate': 0.007176518228075181}
Currently training: H169
Tuning has started for H169...
Tuning done! Best params for H169: 
{'gradient_clip_val': 0.5204063306464388, 'hidden_size': 8, 'dropout': 0.2630191869454578, 'hidden_continuous_size': 5, 'attention_head_size': 1, 'learning_rate': 0.06800072499912106}
Currently training: H17
Tuning has started for H17...
Tuning done! Best params for H17: 
{'gradient_clip_val': 0.1387398065599992, 'hidden_size': 6, 'dropout': 0.39263737630219053, 'hidden_continuous_size': 5, 'attention_head_size': 4, 'learning_rate': 0.04013038628425006}
Currently training: H170
Tuning has started for H170...
Tuning done! Best params for H170: 
{'gradient_clip_val': 0.19949723333184546, 'hidden_size': 11, 'dropout': 0.138179712460311, 'hidden_continuous_size': 9, 'attention_head_size': 1, 'learning_rate': 0.06729284151515845}
Currently training: H171
Tuning has started for H171...
Tuning done! Best params for H171: 
{'gradient_clip_val': 0.26186064270634457, 'hidden_size': 10, 'dropout': 0.12620244911646436, 'hidden_continuous_size': 5, 'attention_head_size': 4, 'learning_rate': 0.013544986859814761}
Currently training: H172
Tuning has started for H172...
Tuning done! Best params for H172: 
{'gradient_clip_val': 0.18953289444942778, 'hidden_size': 34, 'dropout': 0.3786832928755375, 'hidden_continuous_size': 6, 'attention_head_size': 1, 'learning_rate': 0.0392286899070669}
