

start job 3: 82
end job 3: 123
Currently training: H173
Tuning has started for H173...
Tuning done! Best params for H173: 
{'gradient_clip_val': 0.20298460949442412, 'hidden_size': 64, 'dropout': 0.18420054875730393, 'hidden_continuous_size': 41, 'attention_head_size': 3, 'learning_rate': 0.0008110704774735514}
Currently training: H174
Tuning has started for H174...
Tuning done! Best params for H174: 
{'gradient_clip_val': 0.1818479516619827, 'hidden_size': 20, 'dropout': 0.40326810612832864, 'hidden_continuous_size': 5, 'attention_head_size': 4, 'learning_rate': 0.0006103650853163227}
Currently training: H175
Tuning has started for H175...
Tuning done! Best params for H175: 
{'gradient_clip_val': 0.38825690448506034, 'hidden_size': 13, 'dropout': 0.2636024412382322, 'hidden_continuous_size': 9, 'attention_head_size': 1, 'learning_rate': 0.06401646356498114}
Currently training: H176
Tuning has started for H176...
Tuning done! Best params for H176: 
{'gradient_clip_val': 0.5991722775041814, 'hidden_size': 53, 'dropout': 0.3281287468428128, 'hidden_continuous_size': 18, 'attention_head_size': 1, 'learning_rate': 0.0028965180150608756}
Currently training: H177
Tuning has started for H177...
Tuning done! Best params for H177: 
{'gradient_clip_val': 0.5982969880204406, 'hidden_size': 150, 'dropout': 0.15361666080478284, 'hidden_continuous_size': 68, 'attention_head_size': 3, 'learning_rate': 0.019642155173457656}
Currently training: H178
Tuning has started for H178...
Tuning done! Best params for H178: 
{'gradient_clip_val': 0.8253220624457142, 'hidden_size': 28, 'dropout': 0.33879608031536723, 'hidden_continuous_size': 14, 'attention_head_size': 3, 'learning_rate': 0.025565115544459584}
Currently training: H179
Tuning has started for H179...
Tuning done! Best params for H179: 
{'gradient_clip_val': 0.10995784090117108, 'hidden_size': 10, 'dropout': 0.2514158638018536, 'hidden_continuous_size': 10, 'attention_head_size': 1, 'learning_rate': 0.025450709128150666}
Currently training: H18
Tuning has started for H18...
Tuning done! Best params for H18: 
{'gradient_clip_val': 0.2678437123193752, 'hidden_size': 43, 'dropout': 0.2977497953266365, 'hidden_continuous_size': 5, 'attention_head_size': 3, 'learning_rate': 0.03084984155804969}
Currently training: H180
Tuning has started for H180...
Tuning done! Best params for H180: 
{'gradient_clip_val': 0.6713705486198271, 'hidden_size': 43, 'dropout': 0.41250961018522425, 'hidden_continuous_size': 20, 'attention_head_size': 2, 'learning_rate': 0.014200345763140318}
Currently training: H181
Tuning has started for H181...
Tuning done! Best params for H181: 
{'gradient_clip_val': 0.7700995728931376, 'hidden_size': 33, 'dropout': 0.43531705138787957, 'hidden_continuous_size': 9, 'attention_head_size': 2, 'learning_rate': 0.05167545051899078}
Currently training: H182
Tuning has started for H182...
Tuning done! Best params for H182: 
{'gradient_clip_val': 0.48161867783323886, 'hidden_size': 9, 'dropout': 0.1441618761283169, 'hidden_continuous_size': 6, 'attention_head_size': 1, 'learning_rate': 0.09582006357920665}
Currently training: H183
Tuning has started for H183...
Tuning done! Best params for H183: 
{'gradient_clip_val': 0.49581492293116275, 'hidden_size': 40, 'dropout': 0.374440624228085, 'hidden_continuous_size': 12, 'attention_head_size': 3, 'learning_rate': 0.025710188082100974}
Currently training: H184
Tuning has started for H184...
Tuning done! Best params for H184: 
{'gradient_clip_val': 0.19582153718435963, 'hidden_size': 13, 'dropout': 0.27751020953089767, 'hidden_continuous_size': 7, 'attention_head_size': 1, 'learning_rate': 0.02237584611372043}
Currently training: H185
Tuning has started for H185...
Tuning done! Best params for H185: 
{'gradient_clip_val': 0.22000453761867306, 'hidden_size': 7, 'dropout': 0.326684835188215, 'hidden_continuous_size': 7, 'attention_head_size': 2, 'learning_rate': 0.03492151656158608}
Currently training: H186
Tuning has started for H186...
Tuning done! Best params for H186: 
{'gradient_clip_val': 0.19206794626158172, 'hidden_size': 28, 'dropout': 0.47119251658233274, 'hidden_continuous_size': 6, 'attention_head_size': 3, 'learning_rate': 0.015943413127122403}
Currently training: H187
Tuning has started for H187...
Tuning done! Best params for H187: 
{'gradient_clip_val': 0.13379220230609104, 'hidden_size': 88, 'dropout': 0.485093451922871, 'hidden_continuous_size': 17, 'attention_head_size': 4, 'learning_rate': 0.03572949303632622}
Currently training: H188
Tuning has started for H188...
Tuning done! Best params for H188: 
{'gradient_clip_val': 0.5085906886329448, 'hidden_size': 132, 'dropout': 0.14240513065269386, 'hidden_continuous_size': 8, 'attention_head_size': 1, 'learning_rate': 0.010895232523582583}
Currently training: H189
Tuning has started for H189...
Tuning done! Best params for H189: 
{'gradient_clip_val': 0.6206776497712909, 'hidden_size': 76, 'dropout': 0.23659229155581887, 'hidden_continuous_size': 60, 'attention_head_size': 2, 'learning_rate': 0.0017186144198077665}
Currently training: H19
Tuning has started for H19...
Tuning done! Best params for H19: 
{'gradient_clip_val': 0.8688186956436204, 'hidden_size': 35, 'dropout': 0.23048669694825927, 'hidden_continuous_size': 22, 'attention_head_size': 1, 'learning_rate': 0.002303016834470944}
Currently training: H190
Tuning has started for H190...
Tuning done! Best params for H190: 
{'gradient_clip_val': 0.13978711423988735, 'hidden_size': 108, 'dropout': 0.339579584089307, 'hidden_continuous_size': 7, 'attention_head_size': 1, 'learning_rate': 0.09755832402789417}
Currently training: H191
Tuning has started for H191...
Tuning done! Best params for H191: 
{'gradient_clip_val': 0.9990200662712259, 'hidden_size': 18, 'dropout': 0.2576296245056281, 'hidden_continuous_size': 16, 'attention_head_size': 2, 'learning_rate': 0.03987017908450715}
Currently training: H192
Tuning has started for H192...
Tuning done! Best params for H192: 
{'gradient_clip_val': 0.18457084097798107, 'hidden_size': 90, 'dropout': 0.3143412407471793, 'hidden_continuous_size': 75, 'attention_head_size': 1, 'learning_rate': 0.05098919558718483}
Currently training: H193
Tuning has started for H193...
Tuning done! Best params for H193: 
{'gradient_clip_val': 0.9467278640233486, 'hidden_size': 20, 'dropout': 0.46900008283454075, 'hidden_continuous_size': 5, 'attention_head_size': 3, 'learning_rate': 0.0212247117047624}
Currently training: H194
Tuning has started for H194...
Tuning done! Best params for H194: 
{'gradient_clip_val': 0.7890012452252644, 'hidden_size': 8, 'dropout': 0.4785013392575921, 'hidden_continuous_size': 5, 'attention_head_size': 2, 'learning_rate': 0.08967503146409721}
Currently training: H195
Tuning has started for H195...
Tuning done! Best params for H195: 
{'gradient_clip_val': 0.31435840801464, 'hidden_size': 16, 'dropout': 0.29160752118400257, 'hidden_continuous_size': 7, 'attention_head_size': 2, 'learning_rate': 0.06879249340093722}
Currently training: H196
Tuning has started for H196...
Tuning done! Best params for H196: 
{'gradient_clip_val': 0.9724724008805656, 'hidden_size': 32, 'dropout': 0.4438105942930548, 'hidden_continuous_size': 6, 'attention_head_size': 4, 'learning_rate': 0.03178365412760549}
Currently training: H197
Tuning has started for H197...
Tuning done! Best params for H197: 
{'gradient_clip_val': 0.13052802559950263, 'hidden_size': 88, 'dropout': 0.21603985478295337, 'hidden_continuous_size': 29, 'attention_head_size': 1, 'learning_rate': 0.026632287560812727}
Currently training: H198
Tuning has started for H198...
Tuning done! Best params for H198: 
{'gradient_clip_val': 0.8735138302811445, 'hidden_size': 32, 'dropout': 0.3113302942906766, 'hidden_continuous_size': 9, 'attention_head_size': 4, 'learning_rate': 0.023433218509451785}
Currently training: H199
Tuning has started for H199...
Tuning done! Best params for H199: 
{'gradient_clip_val': 0.11104570644560169, 'hidden_size': 11, 'dropout': 0.17210214493276216, 'hidden_continuous_size': 6, 'attention_head_size': 4, 'learning_rate': 0.009808580113757221}
Currently training: H2
Tuning has started for H2...
Tuning done! Best params for H2: 
{'gradient_clip_val': 0.19061674339263104, 'hidden_size': 113, 'dropout': 0.18957222623067463, 'hidden_continuous_size': 79, 'attention_head_size': 2, 'learning_rate': 0.07614506804780097}
Currently training: H20
Tuning has started for H20...
Tuning done! Best params for H20: 
{'gradient_clip_val': 0.538630630647506, 'hidden_size': 68, 'dropout': 0.44768190745445635, 'hidden_continuous_size': 10, 'attention_head_size': 4, 'learning_rate': 0.02359521701100612}
Currently training: H200
Tuning has started for H200...
Tuning done! Best params for H200: 
{'gradient_clip_val': 0.16269045132374652, 'hidden_size': 41, 'dropout': 0.1018645353614375, 'hidden_continuous_size': 10, 'attention_head_size': 4, 'learning_rate': 0.006616047449513171}
Currently training: H201
Tuning has started for H201...
Tuning done! Best params for H201: 
{'gradient_clip_val': 0.20683836733054906, 'hidden_size': 103, 'dropout': 0.20552991796110898, 'hidden_continuous_size': 22, 'attention_head_size': 4, 'learning_rate': 0.013083426408724716}
Currently training: H202
Tuning has started for H202...
Tuning done! Best params for H202: 
{'gradient_clip_val': 0.28337546020041393, 'hidden_size': 19, 'dropout': 0.27876403302022684, 'hidden_continuous_size': 8, 'attention_head_size': 4, 'learning_rate': 0.08033638800237629}
Currently training: H203
Tuning has started for H203...
Tuning done! Best params for H203: 
{'gradient_clip_val': 0.9430392658690255, 'hidden_size': 45, 'dropout': 0.13133092419161763, 'hidden_continuous_size': 34, 'attention_head_size': 3, 'learning_rate': 0.036552069757917874}
Currently training: H204
Tuning has started for H204...
Tuning done! Best params for H204: 
{'gradient_clip_val': 0.21914814214496495, 'hidden_size': 38, 'dropout': 0.26153993127507663, 'hidden_continuous_size': 28, 'attention_head_size': 2, 'learning_rate': 0.011715653240381776}
Currently training: H205
Tuning has started for H205...
Tuning done! Best params for H205: 
{'gradient_clip_val': 0.5375670777663845, 'hidden_size': 7, 'dropout': 0.48448859308010583, 'hidden_continuous_size': 5, 'attention_head_size': 2, 'learning_rate': 0.004182550937707379}
Currently training: H206
Tuning has started for H206...
Tuning done! Best params for H206: 
{'gradient_clip_val': 0.5317844848059621, 'hidden_size': 11, 'dropout': 0.31439899228125323, 'hidden_continuous_size': 7, 'attention_head_size': 3, 'learning_rate': 0.02118201150234275}
Currently training: H207
Tuning has started for H207...
Tuning done! Best params for H207: 
{'gradient_clip_val': 0.21120454265356933, 'hidden_size': 20, 'dropout': 0.29275398712763123, 'hidden_continuous_size': 10, 'attention_head_size': 2, 'learning_rate': 0.002212444058908156}
Currently training: H208
Tuning has started for H208...
Tuning done! Best params for H208: 
{'gradient_clip_val': 0.1013910763772989, 'hidden_size': 20, 'dropout': 0.27421840011539184, 'hidden_continuous_size': 14, 'attention_head_size': 3, 'learning_rate': 0.087428218284908}
Currently training: H209
Tuning has started for H209...
Tuning done! Best params for H209: 
{'gradient_clip_val': 0.3374431385323321, 'hidden_size': 118, 'dropout': 0.257482257014056, 'hidden_continuous_size': 66, 'attention_head_size': 3, 'learning_rate': 0.0027319462715297573}
